-1.00000000e+01 -1.01756000e-01  5.77296000e-06
-9.80270926e+00 -1.03873000e-01  6.29925000e-06
-9.61057086e+00 -1.06034000e-01  6.81068000e-06
-9.42322903e+00 -1.08231000e-01  7.14280000e-06
-9.24036326e+00 -1.10467000e-01  7.23005000e-06
-9.06168369e+00 -1.12746000e-01  7.02788000e-06
-8.88692729e+00 -1.15070000e-01  6.47596000e-06
-8.71585457e+00 -1.17444000e-01  5.49922000e-06
-8.54824682e+00 -1.19869000e-01  4.00484000e-06
-8.38390369e+00 -1.22350000e-01  1.87779000e-06
-8.22264120e+00 -1.24890000e-01 -1.02476000e-06
-8.06428990e+00 -1.27493000e-01 -4.88067000e-06
-7.90869341e+00 -1.30164000e-01 -9.91124000e-06
-7.75570704e+00 -1.32906000e-01 -1.63915000e-05
-7.60519660e+00 -1.35725000e-01 -2.46622000e-05
-7.45703744e+00 -1.38624000e-01 -3.51443000e-05
-7.31111349e+00 -1.41610000e-01 -4.83561000e-05
-7.16731648e+00 -1.44688000e-01 -6.49332000e-05
-7.02554523e+00 -1.47865000e-01 -8.56521000e-05
-6.88570502e+00 -1.51146000e-01 -1.11458000e-04
-6.74770704e+00 -1.54540000e-01 -1.43498000e-04
-6.61146788e+00 -1.58052000e-01 -1.83155000e-04
-6.47690907e+00 -1.61693000e-01 -2.32097000e-04
-6.34395670e+00 -1.65470000e-01 -2.92322000e-04
-6.21254103e+00 -1.69393000e-01 -3.66215000e-04
-6.08259619e+00 -1.73472000e-01 -4.56620000e-04
-5.95405986e+00 -1.77719000e-01 -5.66906000e-04
-5.82687300e+00 -1.82145000e-01 -7.01054000e-04
-5.70097963e+00 -1.86763000e-01 -8.63757000e-04
-5.57632660e+00 -1.91588000e-01 -1.06052000e-03
-5.45286336e+00 -1.96633000e-01 -1.29779000e-03
-5.33054180e+00 -2.01916000e-01 -1.58308000e-03
-5.20931610e+00 -2.07453000e-01 -1.92513000e-03
-5.08914252e+00 -2.13264000e-01 -2.33410000e-03
-4.96997932e+00 -2.19368000e-01 -2.82174000e-03
-4.85178660e+00 -2.25787000e-01 -3.40163000e-03
-4.73452621e+00 -2.32545000e-01 -4.08950000e-03
-4.61816163e+00 -2.39666000e-01 -4.90351000e-03
-4.50265796e+00 -2.47178000e-01 -5.86467000e-03
-4.38798190e+00 -2.55110000e-01 -6.99736000e-03
-4.27410176e+00 -2.63493000e-01 -8.32989000e-03
-4.16098771e+00 -2.72363000e-01 -9.89536000e-03
-4.04861210e+00 -2.81757000e-01 -1.17325000e-02
-3.93695012e+00 -2.91713000e-01 -1.38871000e-02
-3.82598094e+00 -3.02273000e-01 -1.64130000e-02
-3.71568947e+00 -3.13482000e-01 -1.93745000e-02
-3.60606913e+00 -3.25383000e-01 -2.28477000e-02
-3.49712600e+00 -3.38019000e-01 -2.69229000e-02
-3.38888482e+00 -3.51427000e-01 -3.17057000e-02
-3.28139725e+00 -3.65636000e-01 -3.73182000e-02
-3.17475281e+00 -3.80658000e-01 -4.39018000e-02
-3.06909233e+00 -3.96477000e-01 -5.16121000e-02
-2.96462293e+00 -4.13042000e-01 -6.06111000e-02
-2.86163209e+00 -4.30254000e-01 -7.10632000e-02
-2.76049631e+00 -4.47949000e-01 -8.31135000e-02
-2.66167838e+00 -4.65899000e-01 -9.68643000e-02
-2.56570707e+00 -4.83814000e-01 -1.12352000e-01
-2.47313646e+00 -5.01358000e-01 -1.29532000e-01
-2.38448937e+00 -5.18175000e-01 -1.48265000e-01
-2.30019721e+00 -5.33930000e-01 -1.68318000e-01
-2.22055253e+00 -5.48346000e-01 -1.89388000e-01
-2.14568682e+00 -5.61231000e-01 -2.11143000e-01
-2.07557596e+00 -5.72483000e-01 -2.33252000e-01
-2.01006688e+00 -5.82084000e-01 -2.55416000e-01
-1.94891421e+00 -5.90079000e-01 -2.77385000e-01
-1.89181700e+00 -5.96563000e-01 -2.98958000e-01
-1.83844945e+00 -6.01656000e-01 -3.19990000e-01
-1.78848343e+00 -6.05491000e-01 -3.40377000e-01
-1.74160324e+00 -6.08206000e-01 -3.60056000e-01
-1.69751416e+00 -6.09932000e-01 -3.78990000e-01
-1.65594648e+00 -6.10792000e-01 -3.97168000e-01
-1.61665662e+00 -6.10898000e-01 -4.14595000e-01
-1.57942648e+00 -6.10348000e-01 -4.31285000e-01
-1.54406174e+00 -6.09230000e-01 -4.47264000e-01
-1.51038979e+00 -6.07620000e-01 -4.62560000e-01
-1.47825749e+00 -6.05583000e-01 -4.77205000e-01
-1.44752894e+00 -6.03174000e-01 -4.91230000e-01
-1.41808346e+00 -6.00441000e-01 -5.04668000e-01
-1.38981371e+00 -5.97423000e-01 -5.17548000e-01
-1.36262406e+00 -5.94156000e-01 -5.29897000e-01
-1.33642909e+00 -5.90669000e-01 -5.41742000e-01
-1.31115234e+00 -5.86988000e-01 -5.53106000e-01
-1.28672522e+00 -5.83136000e-01 -5.64007000e-01
-1.26308602e+00 -5.79136000e-01 -5.74466000e-01
-1.24017907e+00 -5.75006000e-01 -5.84498000e-01
-1.21795408e+00 -5.70766000e-01 -5.94118000e-01
-1.19636542e+00 -5.66433000e-01 -6.03340000e-01
-1.17537167e+00 -5.62027000e-01 -6.12176000e-01
-1.15493509e+00 -5.57565000e-01 -6.20639000e-01
-1.13502123e+00 -5.53065000e-01 -6.28742000e-01
-1.11559859e+00 -5.48543000e-01 -6.36497000e-01
-1.09663826e+00 -5.44016000e-01 -6.43918000e-01
-1.07811370e+00 -5.39500000e-01 -6.51018000e-01
-1.06000046e+00 -5.35011000e-01 -6.57811000e-01
-1.04227600e+00 -5.30562000e-01 -6.64313000e-01
-1.02491947e+00 -5.26167000e-01 -6.70539000e-01
-1.00791158e+00 -5.21836000e-01 -6.76505000e-01
-9.91234428e-01 -5.17581000e-01 -6.82228000e-01
-9.74871383e-01 -5.13410000e-01 -6.87723000e-01
-9.58806966e-01 -5.09329000e-01 -6.93008000e-01
-9.43026748e-01 -5.05344000e-01 -6.98098000e-01
-9.27517258e-01 -5.01459000e-01 -7.03008000e-01
-9.12265900e-01 -4.97677000e-01 -7.07754000e-01
-8.97260882e-01 -4.93999000e-01 -7.12349000e-01
-8.82491146e-01 -4.90425000e-01 -7.16806000e-01
-8.67946309e-01 -4.86955000e-01 -7.21136000e-01
-8.53616612e-01 -4.83588000e-01 -7.25350000e-01
-8.39492867e-01 -4.80323000e-01 -7.29458000e-01
-8.25566415e-01 -4.77158000e-01 -7.33466000e-01
-8.11829088e-01 -4.74092000e-01 -7.37382000e-01
-7.98273167e-01 -4.71124000e-01 -7.41212000e-01
-7.84891354e-01 -4.68254000e-01 -7.44961000e-01
-7.71676741e-01 -4.65482000e-01 -7.48632000e-01
-7.58622780e-01 -4.62809000e-01 -7.52230000e-01
-7.45723258e-01 -4.60238000e-01 -7.55758000e-01
-7.32972277e-01 -4.57771000e-01 -7.59219000e-01
-7.20364231e-01 -4.55412000e-01 -7.62617000e-01
-7.07893784e-01 -4.53167000e-01 -7.65955000e-01
-6.95555856e-01 -4.51041000e-01 -7.69238000e-01
-6.83345604e-01 -4.49042000e-01 -7.72472000e-01
-6.71258410e-01 -4.47175000e-01 -7.75663000e-01
-6.59289862e-01 -4.45451000e-01 -7.78818000e-01
-6.47435746e-01 -4.43875000e-01 -7.81946000e-01
-6.35692028e-01 -4.42457000e-01 -7.85058000e-01
-6.24054852e-01 -4.41203000e-01 -7.88166000e-01
-6.12520520e-01 -4.40123000e-01 -7.91283000e-01
-6.01085488e-01 -4.39221000e-01 -7.94423000e-01
-5.89746356e-01 -4.38505000e-01 -7.97602000e-01
-5.78499860e-01 -4.37978000e-01 -8.00839000e-01
-5.67342863e-01 -4.37644000e-01 -8.04150000e-01
-5.56272349e-01 -4.37507000e-01 -8.07557000e-01
-5.45285415e-01 -4.37565000e-01 -8.11079000e-01
-5.34379267e-01 -4.37818000e-01 -8.14737000e-01
-5.23551213e-01 -4.38263000e-01 -8.18552000e-01
-5.12798655e-01 -4.38897000e-01 -8.22547000e-01
-5.02119089e-01 -4.39712000e-01 -8.26744000e-01
-4.91510095e-01 -4.40702000e-01 -8.31164000e-01
-4.80969336e-01 -4.41857000e-01 -8.35830000e-01
-4.70494551e-01 -4.43166000e-01 -8.40765000e-01
-4.60083556e-01 -4.44616000e-01 -8.45989000e-01
-4.49734233e-01 -4.46194000e-01 -8.51524000e-01
-4.39444532e-01 -4.47882000e-01 -8.57392000e-01
-4.29212466e-01 -4.49665000e-01 -8.63613000e-01
-4.19036106e-01 -4.51522000e-01 -8.70208000e-01
-4.08913583e-01 -4.53433000e-01 -8.77197000e-01
-3.98843078e-01 -4.55377000e-01 -8.84599000e-01
-3.88822826e-01 -4.57329000e-01 -8.92434000e-01
-3.78851110e-01 -4.59262000e-01 -9.00721000e-01
-3.68926259e-01 -4.61150000e-01 -9.09476000e-01
-3.59046646e-01 -4.62963000e-01 -9.18718000e-01
-3.49210687e-01 -4.64669000e-01 -9.28463000e-01
-3.39416837e-01 -4.66233000e-01 -9.38726000e-01
-3.29663588e-01 -4.67618000e-01 -9.49523000e-01
-3.19949470e-01 -4.68786000e-01 -9.60865000e-01
-3.10273047e-01 -4.69694000e-01 -9.72765000e-01
-3.00632914e-01 -4.70296000e-01 -9.85232000e-01
-2.91027699e-01 -4.70546000e-01 -9.98273000e-01
-2.81456058e-01 -4.70391000e-01 -1.01189000e+00
-2.71916675e-01 -4.69776000e-01 -1.02609000e+00
-2.62408263e-01 -4.68645000e-01 -1.04087000e+00
-2.52929558e-01 -4.66936000e-01 -1.05622000e+00
-2.43479321e-01 -4.64586000e-01 -1.07212000e+00
-2.34056334e-01 -4.61528000e-01 -1.08857000e+00
-2.24659404e-01 -4.57693000e-01 -1.10553000e+00
-2.15287355e-01 -4.53011000e-01 -1.12298000e+00
-2.05939033e-01 -4.47409000e-01 -1.14088000e+00
-1.96613301e-01 -4.40816000e-01 -1.15917000e+00
-1.87309039e-01 -4.33160000e-01 -1.17780000e+00
-1.78025144e-01 -4.24371000e-01 -1.19671000e+00
-1.68760528e-01 -4.14383000e-01 -1.21581000e+00
-1.59514118e-01 -4.03132000e-01 -1.23502000e+00
-1.50284853e-01 -3.90564000e-01 -1.25423000e+00
-1.41071688e-01 -3.76631000e-01 -1.27335000e+00
-1.31873585e-01 -3.61293000e-01 -1.29225000e+00
-1.22689522e-01 -3.44524000e-01 -1.31080000e+00
-1.13518483e-01 -3.26312000e-01 -1.32887000e+00
-1.04359463e-01 -3.06658000e-01 -1.34632000e+00
-9.52114675e-02 -2.85582000e-01 -1.36299000e+00
-8.60735069e-02 -2.63119000e-01 -1.37874000e+00
-7.69446005e-02 -2.39325000e-01 -1.39343000e+00
-6.78237735e-02 -2.14274000e-01 -1.40690000e+00
-5.87100569e-02 -1.88060000e-01 -1.41902000e+00
-4.96024918e-02 -1.60795000e-01 -1.42966000e+00
-4.05018993e-02 -1.32616000e-01 -1.43870000e+00
-3.15948517e-02 -1.04298000e-01 -1.44591000e+00
-2.52082770e-02 -8.35830000e-02 -1.45003000e+00
-2.21204293e-02 -7.34525000e-02 -1.45171000e+00
-2.03197913e-02 -6.75285000e-02 -1.45258000e+00
-1.90594495e-02 -6.33741000e-02 -1.45315000e+00
-1.80860131e-02 -6.01604000e-02 -1.45357000e+00
-1.72891263e-02 -5.75264000e-02 -1.45389000e+00
-1.66116092e-02 -5.52848000e-02 -1.45415000e+00
-1.60201707e-02 -5.33265000e-02 -1.45438000e+00
-1.54937633e-02 -5.15823000e-02 -1.45457000e+00
-1.50182437e-02 -5.00058000e-02 -1.45473000e+00
-1.45836511e-02 -4.85642000e-02 -1.45488000e+00
-1.41827053e-02 -4.72336000e-02 -1.45501000e+00
-1.38099224e-02 -4.59959000e-02 -1.45513000e+00
-1.34610675e-02 -4.48373000e-02 -1.45524000e+00
-1.31328010e-02 -4.37466000e-02 -1.45534000e+00
-1.28224422e-02 -4.27151000e-02 -1.45544000e+00
-1.25278055e-02 -4.17355000e-02 -1.45552000e+00
-1.22470854e-02 -4.08019000e-02 -1.45560000e+00
-1.19787724e-02 -3.99094000e-02 -1.45568000e+00
-1.17215916e-02 -3.90537000e-02 -1.45575000e+00
-1.14744557e-02 -3.82312000e-02 -1.45581000e+00
-1.12364304e-02 -3.74388000e-02 -1.45588000e+00
-1.10067058e-02 -3.66739000e-02 -1.45594000e+00
-1.07845760e-02 -3.59342000e-02 -1.45599000e+00
-1.05694213e-02 -3.52175000e-02 -1.45604000e+00
-1.03606949e-02 -3.45222000e-02 -1.45609000e+00
-1.01579114e-02 -3.38465000e-02 -1.45614000e+00
-9.96063838e-03 -3.31891000e-02 -1.45619000e+00
-9.76848840e-03 -3.25486000e-02 -1.45623000e+00
-9.58111317e-03 -3.19240000e-02 -1.45627000e+00
-9.39819829e-03 -3.13141000e-02 -1.45631000e+00
-9.21945894e-03 -3.07181000e-02 -1.45635000e+00
-9.04463624e-03 -3.01350000e-02 -1.45639000e+00
-8.87349415e-03 -2.95642000e-02 -1.45642000e+00
-8.70581680e-03 -2.90048000e-02 -1.45646000e+00
-8.54140622e-03 -2.84563000e-02 -1.45649000e+00
-8.38008038e-03 -2.79180000e-02 -1.45652000e+00
-8.22167153e-03 -2.73894000e-02 -1.45655000e+00
-8.06602462e-03 -2.68700000e-02 -1.45658000e+00
-7.91299613e-03 -2.63592000e-02 -1.45661000e+00
-7.76245284e-03 -2.58567000e-02 -1.45664000e+00
-7.61427090e-03 -2.53620000e-02 -1.45666000e+00
-7.46833490e-03 -2.48747000e-02 -1.45669000e+00
-7.32453714e-03 -2.43946000e-02 -1.45671000e+00
-7.18277692e-03 -2.39212000e-02 -1.45674000e+00
-7.04295992e-03 -2.34543000e-02 -1.45676000e+00
-6.90499764e-03 -2.29935000e-02 -1.45678000e+00
-6.76880695e-03 -2.25386000e-02 -1.45680000e+00
-6.63430962e-03 -2.20893000e-02 -1.45682000e+00
-6.50143191e-03 -2.16454000e-02 -1.45684000e+00
-6.37010426e-03 -2.12066000e-02 -1.45686000e+00
-6.24026092e-03 -2.07728000e-02 -1.45688000e+00
-6.11183968e-03 -2.03436000e-02 -1.45690000e+00
-5.98478161e-03 -1.99191000e-02 -1.45692000e+00
-5.85903080e-03 -1.94988000e-02 -1.45694000e+00
-5.73453417e-03 -1.90827000e-02 -1.45695000e+00
-5.61124124e-03 -1.86706000e-02 -1.45697000e+00
-5.48910395e-03 -1.82623000e-02 -1.45698000e+00
-5.36807652e-03 -1.78578000e-02 -1.45700000e+00
-5.24811527e-03 -1.74567000e-02 -1.45701000e+00
-5.12917848e-03 -1.70591000e-02 -1.45703000e+00
-5.01122630e-03 -1.66647000e-02 -1.45704000e+00
-4.89422058e-03 -1.62735000e-02 -1.45705000e+00
-4.77812480e-03 -1.58853000e-02 -1.45707000e+00
-4.66290398e-03 -1.55000000e-02 -1.45708000e+00
-4.54852465e-03 -1.51175000e-02 -1.45709000e+00
-4.43495475e-03 -1.47377000e-02 -1.45710000e+00
-4.32216373e-03 -1.43604000e-02 -1.45711000e+00
-4.21012266e-03 -1.39857000e-02 -1.45713000e+00
-4.09880443e-03 -1.36133000e-02 -1.45714000e+00
-3.98818432e-03 -1.32433000e-02 -1.45715000e+00
-3.87824076e-03 -1.28755000e-02 -1.45716000e+00
-3.76895671e-03 -1.25099000e-02 -1.45717000e+00
-3.66032174e-03 -1.21464000e-02 -1.45717000e+00
-3.55233530e-03 -1.17851000e-02 -1.45718000e+00
-3.44501132e-03 -1.14260000e-02 -1.45719000e+00
-3.33838486e-03 -1.10692000e-02 -1.45720000e+00
-3.23252105e-03 -1.07150000e-02 -1.45721000e+00
-3.12752646e-03 -1.03636000e-02 -1.45722000e+00
-3.02356255e-03 -1.00157000e-02 -1.45722000e+00
-2.92085985e-03 -9.67196000e-03 -1.45723000e+00
-2.81972967e-03 -9.33348000e-03 -1.45724000e+00
-2.72056876e-03 -9.00159000e-03 -1.45724000e+00
-2.62385086e-03 -8.67785000e-03 -1.45725000e+00
-2.53010050e-03 -8.36403000e-03 -1.45725000e+00
-2.43984831e-03 -8.06191000e-03 -1.45726000e+00
-2.35357497e-03 -7.77310000e-03 -1.45726000e+00
-2.27165697e-03 -7.49886000e-03 -1.45727000e+00
-2.19432884e-03 -7.23997000e-03 -1.45727000e+00
-2.12167063e-03 -6.99671000e-03 -1.45728000e+00
-2.05362009e-03 -6.76887000e-03 -1.45728000e+00
-1.99000161e-03 -6.55586000e-03 -1.45728000e+00
-1.93056149e-03 -6.35684000e-03 -1.45728000e+00
-1.87500138e-03 -6.17080000e-03 -1.45729000e+00
-1.82300524e-03 -5.99669000e-03 -1.45729000e+00
-1.77425874e-03 -5.83345000e-03 -1.45729000e+00
-1.72846159e-03 -5.68009000e-03 -1.45729000e+00
-1.68533457e-03 -5.53567000e-03 -1.45729000e+00
-1.64462259e-03 -5.39933000e-03 -1.45730000e+00
-1.60609542e-03 -5.27031000e-03 -1.45730000e+00
-1.56954682e-03 -5.14791000e-03 -1.45730000e+00
-1.53479291e-03 -5.03151000e-03 -1.45730000e+00
-1.50167010e-03 -4.92058000e-03 -1.45730000e+00
-1.47003307e-03 -4.81462000e-03 -1.45730000e+00
-1.43975264e-03 -4.71321000e-03 -1.45730000e+00
-1.41071391e-03 -4.61595000e-03 -1.45730000e+00
-1.38281452e-03 -4.52250000e-03 -1.45730000e+00
-1.35596308e-03 -4.43257000e-03 -1.45731000e+00
-1.33007790e-03 -4.34587000e-03 -1.45731000e+00
-1.30508568e-03 -4.26215000e-03 -1.45731000e+00
-1.28092061e-03 -4.18121000e-03 -1.45731000e+00
-1.25752336e-03 -4.10284000e-03 -1.45731000e+00
-1.23484038e-03 -4.02686000e-03 -1.45731000e+00
-1.21282317e-03 -3.95311000e-03 -1.45731000e+00
-1.19142772e-03 -3.88144000e-03 -1.45731000e+00
-1.17061400e-03 -3.81172000e-03 -1.45731000e+00
-1.15034553e-03 -3.74382000e-03 -1.45731000e+00
-1.13058895e-03 -3.67764000e-03 -1.45731000e+00
-1.11131371e-03 -3.61307000e-03 -1.45731000e+00
-1.09249179e-03 -3.55001000e-03 -1.45731000e+00
-1.07409740e-03 -3.48839000e-03 -1.45731000e+00
-1.05610678e-03 -3.42812000e-03 -1.45731000e+00
-1.03849801e-03 -3.36913000e-03 -1.45731000e+00
-1.02125079e-03 -3.31135000e-03 -1.45731000e+00
-1.00434633e-03 -3.25471000e-03 -1.45731000e+00
-9.87767171e-04 -3.19917000e-03 -1.45731000e+00
-9.71497089e-04 -3.14466000e-03 -1.45732000e+00
-9.55520973e-04 -3.09113000e-03 -1.45732000e+00
-9.39824726e-04 -3.03855000e-03 -1.45732000e+00
-9.24395180e-04 -2.98685000e-03 -1.45732000e+00
-9.09220017e-04 -2.93601000e-03 -1.45732000e+00
-8.94287696e-04 -2.88598000e-03 -1.45732000e+00
-8.79587388e-04 -2.83672000e-03 -1.45732000e+00
-8.65108923e-04 -2.78821000e-03 -1.45732000e+00
-8.50842736e-04 -2.74041000e-03 -1.45732000e+00
-8.36779816e-04 -2.69329000e-03 -1.45732000e+00
-8.22911669e-04 -2.64682000e-03 -1.45732000e+00
-8.09230278e-04 -2.60098000e-03 -1.45732000e+00
-7.95728063e-04 -2.55573000e-03 -1.45732000e+00
-7.82397858e-04 -2.51107000e-03 -1.45732000e+00
-7.69232870e-04 -2.46695000e-03 -1.45732000e+00
-7.56226665e-04 -2.42337000e-03 -1.45732000e+00
-7.43373133e-04 -2.38030000e-03 -1.45732000e+00
-7.30666470e-04 -2.33772000e-03 -1.45732000e+00
-7.18101160e-04 -2.29561000e-03 -1.45732000e+00
-7.05671950e-04 -2.25396000e-03 -1.45732000e+00
-6.93373837e-04 -2.21274000e-03 -1.45732000e+00
-6.81202052e-04 -2.17195000e-03 -1.45732000e+00
-6.69152042e-04 -2.13157000e-03 -1.45732000e+00
-6.57219459e-04 -2.09158000e-03 -1.45732000e+00
-6.45400148e-04 -2.05197000e-03 -1.45732000e+00
-6.33690133e-04 -2.01273000e-03 -1.45732000e+00
-6.22085608e-04 -1.97384000e-03 -1.45732000e+00
-6.10582923e-04 -1.93529000e-03 -1.45732000e+00
-5.99178582e-04 -1.89706000e-03 -1.45732000e+00
-5.87869228e-04 -1.85916000e-03 -1.45732000e+00
-5.76651638e-04 -1.82156000e-03 -1.45732000e+00
-5.65522712e-04 -1.78426000e-03 -1.45732000e+00
-5.54479472e-04 -1.74725000e-03 -1.45732000e+00
-5.43519049e-04 -1.71051000e-03 -1.45732000e+00
-5.32638681e-04 -1.67404000e-03 -1.45732000e+00
-5.21835707e-04 -1.63783000e-03 -1.45732000e+00
-5.11107558e-04 -1.60187000e-03 -1.45732000e+00
-5.00451757e-04 -1.56616000e-03 -1.45732000e+00
-4.89865911e-04 -1.53067000e-03 -1.45732000e+00
-4.79347708e-04 -1.49541000e-03 -1.45732000e+00
-4.68894910e-04 -1.46038000e-03 -1.45732000e+00
-4.58505354e-04 -1.42555000e-03 -1.45732000e+00
-4.48176945e-04 -1.39092000e-03 -1.45732000e+00
-4.37907652e-04 -1.35650000e-03 -1.45732000e+00
-4.27695508e-04 -1.32226000e-03 -1.45732000e+00
-4.17538603e-04 -1.28821000e-03 -1.45732000e+00
-4.07435084e-04 -1.25434000e-03 -1.45732000e+00
-3.97383149e-04 -1.22064000e-03 -1.45732000e+00
-3.87381049e-04 -1.18711000e-03 -1.45732000e+00
-3.77427083e-04 -1.15374000e-03 -1.45732000e+00
-3.67519593e-04 -1.12052000e-03 -1.45732000e+00
-3.57656967e-04 -1.08745000e-03 -1.45732000e+00
-3.47837634e-04 -1.05453000e-03 -1.45732000e+00
-3.38060061e-04 -1.02175000e-03 -1.45732000e+00
-3.28322753e-04 -9.89098000e-04 -1.45732000e+00
-3.18624252e-04 -9.56578000e-04 -1.45732000e+00
-3.08963132e-04 -9.24183000e-04 -1.45732000e+00
-2.99337999e-04 -8.91908000e-04 -1.45732000e+00
-2.89747491e-04 -8.59748000e-04 -1.45732000e+00
-2.80190274e-04 -8.27699000e-04 -1.45732000e+00
-2.70665044e-04 -7.95756000e-04 -1.45732000e+00
-2.61170520e-04 -7.63915000e-04 -1.45732000e+00
-2.51705447e-04 -7.32173000e-04 -1.45732000e+00
-2.42268595e-04 -7.00524000e-04 -1.45732000e+00
-2.32858755e-04 -6.68964000e-04 -1.45732000e+00
-2.23474741e-04 -6.37490000e-04 -1.45732000e+00
-2.14115385e-04 -6.06098000e-04 -1.45732000e+00
-2.04779539e-04 -5.74784000e-04 -1.45732000e+00
-1.95466074e-04 -5.43543000e-04 -1.45732000e+00
-1.86173877e-04 -5.12373000e-04 -1.45732000e+00
-1.76901852e-04 -4.81269000e-04 -1.45732000e+00
-1.67648917e-04 -4.50228000e-04 -1.45732000e+00
-1.58414004e-04 -4.19246000e-04 -1.45732000e+00
-1.49196060e-04 -3.88319000e-04 -1.45732000e+00
-1.39994043e-04 -3.57444000e-04 -1.45732000e+00
-1.30806924e-04 -3.26617000e-04 -1.45732000e+00
-1.21633683e-04 -2.95835000e-04 -1.45732000e+00
-1.12473312e-04 -2.65095000e-04 -1.45732000e+00
-1.03324810e-04 -2.34391000e-04 -1.45732000e+00
-9.41871872e-05 -2.03722000e-04 -1.45732000e+00
-8.50594592e-05 -1.73083000e-04 -1.45732000e+00
-7.59406499e-05 -1.42471000e-04 -1.45732000e+00
-6.68297891e-05 -1.11882000e-04 -1.45732000e+00
-5.77259124e-05 -8.13112000e-05 -1.45732000e+00
-4.86280702e-05 -5.07557000e-05 -1.45732000e+00
-3.95384077e-05 -2.02206000e-05 -1.45732000e+00
-3.07331765e-05  9.36807000e-06 -1.45732000e+00
-2.47765176e-05  2.93918000e-05 -1.45732000e+00
-2.18933930e-05  3.90864000e-05 -1.45732000e+00
-2.01700312e-05  4.48824000e-05 -1.45732000e+00
-1.89476675e-05  4.89941000e-05 -1.45732000e+00
-1.79964687e-05  5.21940000e-05 -1.45732000e+00
-1.72141200e-05  5.48262000e-05 -1.45732000e+00
-1.65468371e-05  5.70714000e-05 -1.45732000e+00
-1.59629923e-05  5.90360000e-05 -1.45732000e+00
-1.54424447e-05  6.07878000e-05 -1.45732000e+00
-1.49715858e-05  6.23725000e-05 -1.45732000e+00
-1.45407903e-05  6.38225000e-05 -1.45732000e+00
-1.41429989e-05  6.51615000e-05 -1.45732000e+00
-1.37728791e-05  6.64074000e-05 -1.45732000e+00
-1.34263033e-05  6.75742000e-05 -1.45732000e+00
-1.31000100e-05  6.86727000e-05 -1.45732000e+00
-1.27913764e-05  6.97119000e-05 -1.45732000e+00
-1.24982614e-05  7.06988000e-05 -1.45732000e+00
-1.22188936e-05  7.16396000e-05 -1.45732000e+00
-1.19517905e-05  7.25391000e-05 -1.45732000e+00
-1.16956986e-05  7.34016000e-05 -1.45732000e+00
-1.14495482e-05  7.42306000e-05 -1.45732000e+00
-1.12124188e-05  7.50293000e-05 -1.45732000e+00
-1.09835125e-05  7.58004000e-05 -1.45732000e+00
-1.07621330e-05  7.65461000e-05 -1.45732000e+00
-1.05476686e-05  7.72686000e-05 -1.45732000e+00
-1.03395794e-05  7.79697000e-05 -1.45732000e+00
-1.01373861e-05  7.86510000e-05 -1.45732000e+00
-9.94066099e-06  7.93138000e-05 -1.45732000e+00
-9.74902115e-06  7.99596000e-05 -1.45732000e+00
-9.56212197e-06  8.05894000e-05 -1.45732000e+00
-9.37965232e-06  8.12044000e-05 -1.45732000e+00
-9.20133023e-06  8.18054000e-05 -1.45732000e+00
-9.02689931e-06  8.23934000e-05 -1.45732000e+00
-8.85612575e-06  8.29690000e-05 -1.45732000e+00
-8.68879561e-06  8.35331000e-05 -1.45732000e+00
-8.52471269e-06  8.40863000e-05 -1.45732000e+00
-8.36369651e-06  8.46292000e-05 -1.45732000e+00
-8.20558068e-06  8.51623000e-05 -1.45732000e+00
-8.05021143e-06  8.56863000e-05 -1.45732000e+00
-7.89744633e-06  8.62014000e-05 -1.45732000e+00
-7.74715321e-06  8.67083000e-05 -1.45732000e+00
-7.59920910e-06  8.72073000e-05 -1.45732000e+00
-7.45349945e-06  8.76988000e-05 -1.45732000e+00
-7.30991731e-06  8.81832000e-05 -1.45732000e+00
-7.16836265e-06  8.86608000e-05 -1.45732000e+00
-7.02874180e-06  8.91318000e-05 -1.45732000e+00
-6.89096683e-06  8.95967000e-05 -1.45732000e+00
-6.75495514e-06  9.00557000e-05 -1.45732000e+00
-6.62062898e-06  9.05091000e-05 -1.45732000e+00
-6.48791506e-06  9.09570000e-05 -1.45732000e+00
-6.35674423e-06  9.13998000e-05 -1.45732000e+00
-6.22705112e-06  9.18376000e-05 -1.45732000e+00
-6.09877387e-06  9.22707000e-05 -1.45732000e+00
-5.97185388e-06  9.26993000e-05 -1.45732000e+00
-5.84623554e-06  9.31235000e-05 -1.45732000e+00
-5.72186604e-06  9.35435000e-05 -1.45732000e+00
-5.59869516e-06  9.39596000e-05 -1.45732000e+00
-5.47667510e-06  9.43718000e-05 -1.45732000e+00
-5.35576029e-06  9.47803000e-05 -1.45732000e+00
-5.23590726e-06  9.51853000e-05 -1.45732000e+00
-5.11707449e-06  9.55869000e-05 -1.45732000e+00
-4.99922229e-06  9.59852000e-05 -1.45732000e+00
-4.88231267e-06  9.63804000e-05 -1.45732000e+00
-4.76630924e-06  9.67726000e-05 -1.45732000e+00
-4.65117711e-06  9.71619000e-05 -1.45732000e+00
-4.53688278e-06  9.75484000e-05 -1.45732000e+00
-4.42339407e-06  9.79323000e-05 -1.45732000e+00
-4.31068004e-06  9.83136000e-05 -1.45732000e+00
-4.19871090e-06  9.86925000e-05 -1.45732000e+00
-4.08745795e-06  9.90690000e-05 -1.45732000e+00
-3.97689353e-06  9.94433000e-05 -1.45732000e+00
-3.86699092e-06  9.98154000e-05 -1.45732000e+00
-3.75772434e-06  1.00185000e-04 -1.45732000e+00
-3.64906884e-06  1.00553000e-04 -1.45732000e+00
-3.54100027e-06  1.00920000e-04 -1.45732000e+00
-3.43349527e-06  1.01284000e-04 -1.45732000e+00
-3.32653117e-06  1.01646000e-04 -1.45732000e+00
-3.22008599e-06  1.02007000e-04 -1.45732000e+00
-3.11413837e-06  1.02367000e-04 -1.45732000e+00
-3.00866756e-06  1.02725000e-04 -1.45732000e+00
-2.90365339e-06  1.03081000e-04 -1.45732000e+00
-2.79907620e-06  1.03436000e-04 -1.45732000e+00
-2.69491684e-06  1.03790000e-04 -1.45732000e+00
-2.59115664e-06  1.04142000e-04 -1.45732000e+00
-2.48777737e-06  1.04494000e-04 -1.45732000e+00
-2.38476123e-06  1.04844000e-04 -1.45732000e+00
-2.28209081e-06  1.05193000e-04 -1.45732000e+00
-2.17974907e-06  1.05542000e-04 -1.45732000e+00
-2.07771932e-06  1.05889000e-04 -1.45732000e+00
-1.97598520e-06  1.06236000e-04 -1.45732000e+00
-1.87453067e-06  1.06582000e-04 -1.45732000e+00
-1.77333995e-06  1.06928000e-04 -1.45732000e+00
-1.67239755e-06  1.07273000e-04 -1.45732000e+00
-1.57168824e-06  1.07617000e-04 -1.45732000e+00
-1.47119699e-06  1.07961000e-04 -1.45732000e+00
-1.37090902e-06  1.08305000e-04 -1.45732000e+00
-1.27080974e-06  1.08649000e-04 -1.45732000e+00
-1.17088475e-06  1.08993000e-04 -1.45732000e+00
-1.07111979e-06  1.09337000e-04 -1.45732000e+00
-9.71500792e-07  1.09681000e-04 -1.45732000e+00
-8.72013814e-07  1.10026000e-04 -1.45732000e+00
-7.72645040e-07  1.10371000e-04 -1.45732000e+00
-6.73380765e-07  1.10718000e-04 -1.45732000e+00
-5.74207388e-07  1.11067000e-04 -1.45732000e+00
-4.75111390e-07  1.11419000e-04 -1.45732000e+00
-3.76079326e-07  1.11774000e-04 -1.45732000e+00
-2.77097811e-07  1.12138000e-04 -1.45732000e+00
-1.78153510e-07  1.12515000e-04 -1.45732000e+00
-7.92331185e-08  1.12983000e-04 -1.45732000e+00
 1.96766426e-08  1.13316000e-04 -1.45732000e+00
 1.18589043e-07  1.13516000e-04 -1.45732000e+00
 2.17517356e-07  1.13805000e-04 -1.45732000e+00
 3.16474869e-07  1.14109000e-04 -1.45732000e+00
 4.15474895e-07  1.14420000e-04 -1.45732000e+00
 5.14530791e-07  1.14736000e-04 -1.45732000e+00
 6.13655962e-07  1.15054000e-04 -1.45732000e+00
 7.12863882e-07  1.15376000e-04 -1.45732000e+00
 8.12168099e-07  1.15699000e-04 -1.45732000e+00
 9.11582256e-07  1.16024000e-04 -1.45732000e+00
 1.01112010e-06  1.16350000e-04 -1.45732000e+00
 1.11079549e-06  1.16677000e-04 -1.45732000e+00
 1.21062243e-06  1.17005000e-04 -1.45732000e+00
 1.31061506e-06  1.17335000e-04 -1.45732000e+00
 1.41078768e-06  1.17666000e-04 -1.45732000e+00
 1.51115476e-06  1.17997000e-04 -1.45732000e+00
 1.61173099e-06  1.18330000e-04 -1.45732000e+00
 1.71253123e-06  1.18664000e-04 -1.45732000e+00
 1.81357059e-06  1.18999000e-04 -1.45732000e+00
 1.91486440e-06  1.19335000e-04 -1.45732000e+00
 2.01642827e-06  1.19672000e-04 -1.45732000e+00
 2.11827808e-06  1.20010000e-04 -1.45732000e+00
 2.22042998e-06  1.20350000e-04 -1.45732000e+00
 2.32290048e-06  1.20691000e-04 -1.45732000e+00
 2.42570639e-06  1.21033000e-04 -1.45732000e+00
 2.52886490e-06  1.21376000e-04 -1.45732000e+00
 2.63239358e-06  1.21721000e-04 -1.45732000e+00
 2.73631039e-06  1.22067000e-04 -1.45732000e+00
 2.84063373e-06  1.22414000e-04 -1.45732000e+00
 2.94538246e-06  1.22764000e-04 -1.45732000e+00
 3.05057594e-06  1.23114000e-04 -1.45732000e+00
 3.15623400e-06  1.23467000e-04 -1.45732000e+00
 3.26237707e-06  1.23821000e-04 -1.45732000e+00
 3.36902613e-06  1.24176000e-04 -1.45732000e+00
 3.47620277e-06  1.24534000e-04 -1.45732000e+00
 3.58392924e-06  1.24894000e-04 -1.45732000e+00
 3.69222850e-06  1.25255000e-04 -1.45732000e+00
 3.80112420e-06  1.25619000e-04 -1.45732000e+00
 3.91064080e-06  1.25985000e-04 -1.45732000e+00
 4.02080359e-06  1.26353000e-04 -1.45732000e+00
 4.13163871e-06  1.26723000e-04 -1.45732000e+00
 4.24317324e-06  1.27096000e-04 -1.45732000e+00
 4.35543526e-06  1.27471000e-04 -1.45732000e+00
 4.46845388e-06  1.27849000e-04 -1.45732000e+00
 4.58225935e-06  1.28229000e-04 -1.45732000e+00
 4.69688310e-06  1.28612000e-04 -1.45732000e+00
 4.81235781e-06  1.28998000e-04 -1.45732000e+00
 4.92871752e-06  1.29387000e-04 -1.45732000e+00
 5.04599773e-06  1.29780000e-04 -1.45732000e+00
 5.16423543e-06  1.30175000e-04 -1.45732000e+00
 5.28346928e-06  1.30574000e-04 -1.45732000e+00
 5.40373969e-06  1.30976000e-04 -1.45732000e+00
 5.52508893e-06  1.31382000e-04 -1.45732000e+00
 5.64756130e-06  1.31792000e-04 -1.45732000e+00
 5.77120322e-06  1.32206000e-04 -1.45732000e+00
 5.89606344e-06  1.32624000e-04 -1.45732000e+00
 6.02219320e-06  1.33046000e-04 -1.45732000e+00
 6.14964639e-06  1.33472000e-04 -1.45732000e+00
 6.27847977e-06  1.33904000e-04 -1.45732000e+00
 6.40875323e-06  1.34340000e-04 -1.45732000e+00
 6.54052999e-06  1.34781000e-04 -1.45732000e+00
 6.67387687e-06  1.35227000e-04 -1.45732000e+00
 6.80886464e-06  1.35679000e-04 -1.45732000e+00
 6.94556832e-06  1.36137000e-04 -1.45732000e+00
 7.08406754e-06  1.36601000e-04 -1.45732000e+00
 7.22444696e-06  1.37071000e-04 -1.45732000e+00
 7.36679674e-06  1.37548000e-04 -1.45732000e+00
 7.51121301e-06  1.38032000e-04 -1.45732000e+00
 7.65779847e-06  1.38523000e-04 -1.45732000e+00
 7.80666302e-06  1.39021000e-04 -1.45732000e+00
 7.95792446e-06  1.39528000e-04 -1.45732000e+00
 8.11170930e-06  1.40043000e-04 -1.45732000e+00
 8.26815368e-06  1.40567000e-04 -1.45732000e+00
 8.42740439e-06  1.41101000e-04 -1.45732000e+00
 8.58962007e-06  1.41644000e-04 -1.45732000e+00
 8.75497252e-06  1.42198000e-04 -1.45732000e+00
 8.92364827e-06  1.42764000e-04 -1.45732000e+00
 9.09585032e-06  1.43341000e-04 -1.45732000e+00
 9.27180023e-06  1.43930000e-04 -1.45732000e+00
 9.45174046e-06  1.44533000e-04 -1.45732000e+00
 9.63593720e-06  1.45151000e-04 -1.45732000e+00
 9.82468353e-06  1.45783000e-04 -1.45732000e+00
 1.00183034e-05  1.46432000e-04 -1.45732000e+00
 1.02171559e-05  1.47099000e-04 -1.45732000e+00
 1.04216411e-05  1.47784000e-04 -1.45732000e+00
 1.06322062e-05  1.48490000e-04 -1.45732000e+00
 1.08493536e-05  1.49218000e-04 -1.45732000e+00
 1.10736502e-05  1.49970000e-04 -1.45732000e+00
 1.13057396e-05  1.50748000e-04 -1.45732000e+00
 1.15463563e-05  1.51554000e-04 -1.45732000e+00
 1.17963443e-05  1.52393000e-04 -1.45732000e+00
 1.20566797e-05  1.53265000e-04 -1.45732000e+00
 1.23285008e-05  1.54177000e-04 -1.45732000e+00
 1.26131461e-05  1.55131000e-04 -1.45732000e+00
 1.29122048e-05  1.56134000e-04 -1.45732000e+00
 1.32275843e-05  1.57191000e-04 -1.45732000e+00
 1.35616019e-05  1.58311000e-04 -1.45732000e+00
 1.39171122e-05  1.59504000e-04 -1.45732000e+00
 1.42976893e-05  1.60780000e-04 -1.45732000e+00
 1.47078913e-05  1.62156000e-04 -1.45732000e+00
 1.51536616e-05  1.63651000e-04 -1.45732000e+00
 1.56429553e-05  1.65292000e-04 -1.45732000e+00
 1.61867669e-05  1.67116000e-04 -1.45732000e+00
 1.68009051e-05  1.69175000e-04 -1.45732000e+00
 1.75092792e-05  1.71551000e-04 -1.45732000e+00
 1.83505286e-05  1.74373000e-04 -1.45732000e+00
 1.93930288e-05  1.77870000e-04 -1.45732000e+00
 2.07746218e-05  1.82505000e-04 -1.45732000e+00
 2.28334005e-05  1.89412000e-04 -1.45732000e+00
 2.66331470e-05  2.02160000e-04 -1.45732000e+00
 3.41192970e-05  2.27277000e-04 -1.45732000e+00
 4.31528845e-05  2.57587000e-04 -1.45732000e+00
 5.22472074e-05  2.88101000e-04 -1.45732000e+00
 6.13473412e-05  3.18633000e-04 -1.45732000e+00
 7.04538814e-05  3.49186000e-04 -1.45732000e+00
 7.95677889e-05  3.79762000e-04 -1.45732000e+00
 8.86900302e-05  4.10365000e-04 -1.45732000e+00
 9.78215778e-05  4.40998000e-04 -1.45732000e+00
 1.06963411e-04  4.71664000e-04 -1.45732000e+00
 1.16116516e-04  5.02368000e-04 -1.45732000e+00
 1.25281888e-04  5.33111000e-04 -1.45732000e+00
 1.34460529e-04  5.63898000e-04 -1.45732000e+00
 1.43653453e-04  5.94731000e-04 -1.45732000e+00
 1.52861683e-04  6.25615000e-04 -1.45732000e+00
 1.62086253e-04  6.56553000e-04 -1.45732000e+00
 1.71328209e-04  6.87548000e-04 -1.45732000e+00
 1.80588611e-04  7.18604000e-04 -1.45732000e+00
 1.89868532e-04  7.49725000e-04 -1.45732000e+00
 1.99169059e-04  7.80914000e-04 -1.45732000e+00
 2.08491294e-04  8.12176000e-04 -1.45732000e+00
 2.17836357e-04  8.43513000e-04 -1.45732000e+00
 2.27205386e-04  8.74929000e-04 -1.45732000e+00
 2.36599535e-04  9.06429000e-04 -1.45732000e+00
 2.46019979e-04  9.38017000e-04 -1.45732000e+00
 2.55467913e-04  9.69696000e-04 -1.45732000e+00
 2.64944555e-04  1.00147000e-03 -1.45732000e+00
 2.74451145e-04  1.03334000e-03 -1.45732000e+00
 2.83988947e-04  1.06532000e-03 -1.45732000e+00
 2.93559251e-04  1.09741000e-03 -1.45732000e+00
 3.03163374e-04  1.12961000e-03 -1.45732000e+00
 3.12802661e-04  1.16193000e-03 -1.45732000e+00
 3.22478486e-04  1.19436000e-03 -1.45732000e+00
 3.32192254e-04  1.22693000e-03 -1.45732000e+00
 3.41945406e-04  1.25963000e-03 -1.45732000e+00
 3.51739413e-04  1.29246000e-03 -1.45732000e+00
 3.61575786e-04  1.32543000e-03 -1.45732000e+00
 3.71456071e-04  1.35856000e-03 -1.45732000e+00
 3.81381857e-04  1.39183000e-03 -1.45732000e+00
 3.91354774e-04  1.42526000e-03 -1.45732000e+00
 4.01376495e-04  1.45885000e-03 -1.45732000e+00
 4.11448742e-04  1.49261000e-03 -1.45732000e+00
 4.21573284e-04  1.52655000e-03 -1.45732000e+00
 4.31751942e-04  1.56067000e-03 -1.45732000e+00
 4.41986592e-04  1.59498000e-03 -1.45732000e+00
 4.52279166e-04  1.62948000e-03 -1.45732000e+00
 4.62631657e-04  1.66418000e-03 -1.45732000e+00
 4.73046121e-04  1.69908000e-03 -1.45732000e+00
 4.83524679e-04  1.73420000e-03 -1.45732000e+00
 4.94069524e-04  1.76955000e-03 -1.45732000e+00
 5.04682922e-04  1.80512000e-03 -1.45732000e+00
 5.15367217e-04  1.84093000e-03 -1.45732000e+00
 5.26124835e-04  1.87698000e-03 -1.45732000e+00
 5.36958289e-04  1.91329000e-03 -1.45732000e+00
 5.47870185e-04  1.94986000e-03 -1.45732000e+00
 5.58863222e-04  1.98670000e-03 -1.45732000e+00
 5.69940205e-04  2.02382000e-03 -1.45732000e+00
 5.81104044e-04  2.06124000e-03 -1.45732000e+00
 5.92357767e-04  2.09895000e-03 -1.45731000e+00
 6.03704521e-04  2.13698000e-03 -1.45731000e+00
 6.15147580e-04  2.17533000e-03 -1.45731000e+00
 6.26690358e-04  2.21401000e-03 -1.45731000e+00
 6.38336409e-04  2.25303000e-03 -1.45731000e+00
 6.50089445e-04  2.29242000e-03 -1.45731000e+00
 6.61953338e-04  2.33217000e-03 -1.45731000e+00
 6.73932134e-04  2.37232000e-03 -1.45731000e+00
 6.86030063e-04  2.41285000e-03 -1.45731000e+00
 6.98251554e-04  2.45381000e-03 -1.45731000e+00
 7.10601243e-04  2.49519000e-03 -1.45731000e+00
 7.23083991e-04  2.53702000e-03 -1.45731000e+00
 7.35704899e-04  2.57931000e-03 -1.45731000e+00
 7.48469320e-04  2.62208000e-03 -1.45731000e+00
 7.61382886e-04  2.66535000e-03 -1.45731000e+00
 7.74451517e-04  2.70913000e-03 -1.45731000e+00
 7.87681450e-04  2.75346000e-03 -1.45731000e+00
 8.01079260e-04  2.79835000e-03 -1.45731000e+00
 8.14651883e-04  2.84383000e-03 -1.45731000e+00
 8.28406648e-04  2.88991000e-03 -1.45731000e+00
 8.42351304e-04  2.93663000e-03 -1.45731000e+00
 8.56494054e-04  2.98402000e-03 -1.45731000e+00
 8.70843592e-04  3.03210000e-03 -1.45731000e+00
 8.85409144e-04  3.08090000e-03 -1.45731000e+00
 9.00200510e-04  3.13045000e-03 -1.45731000e+00
 9.15228117e-04  3.18080000e-03 -1.45731000e+00
 9.30503068e-04  3.23197000e-03 -1.45731000e+00
 9.46037206e-04  3.28401000e-03 -1.45731000e+00
 9.61843179e-04  3.33697000e-03 -1.45731000e+00
 9.77934514e-04  3.39087000e-03 -1.45730000e+00
 9.94325700e-04  3.44578000e-03 -1.45730000e+00
 1.01103228e-03  3.50175000e-03 -1.45730000e+00
 1.02807095e-03  3.55883000e-03 -1.45730000e+00
 1.04545969e-03  3.61708000e-03 -1.45730000e+00
 1.06321787e-03  3.67657000e-03 -1.45730000e+00
 1.08136641e-03  3.73736000e-03 -1.45730000e+00
 1.09992796e-03  3.79954000e-03 -1.45730000e+00
 1.11892703e-03  3.86319000e-03 -1.45730000e+00
 1.13839029e-03  3.92838000e-03 -1.45730000e+00
 1.15834674e-03  3.99523000e-03 -1.45730000e+00
 1.17882798e-03  4.06383000e-03 -1.45730000e+00
 1.19986859e-03  4.13431000e-03 -1.45730000e+00
 1.22150642e-03  4.20679000e-03 -1.45730000e+00
 1.24378302e-03  4.28140000e-03 -1.45730000e+00
 1.26674411e-03  4.35831000e-03 -1.45729000e+00
 1.29044014e-03  4.43768000e-03 -1.45729000e+00
 1.31492686e-03  4.51969000e-03 -1.45729000e+00
 1.34026608e-03  4.60456000e-03 -1.45729000e+00
 1.36652649e-03  4.69251000e-03 -1.45729000e+00
 1.39378459e-03  4.78381000e-03 -1.45729000e+00
 1.42212577e-03  4.87873000e-03 -1.45729000e+00
 1.45164561e-03  4.97759000e-03 -1.45729000e+00
 1.48245128e-03  5.08076000e-03 -1.45729000e+00
 1.51466313e-03  5.18864000e-03 -1.45728000e+00
 1.54841653e-03  5.30167000e-03 -1.45728000e+00
 1.58386383e-03  5.42038000e-03 -1.45728000e+00
 1.62117641e-03  5.54533000e-03 -1.45728000e+00
 1.66054685e-03  5.67717000e-03 -1.45728000e+00
 1.70219076e-03  5.81662000e-03 -1.45728000e+00
 1.74634822e-03  5.96449000e-03 -1.45727000e+00
 1.79328411e-03  6.12165000e-03 -1.45727000e+00
 1.84328660e-03  6.28908000e-03 -1.45727000e+00
 1.89666267e-03  6.46780000e-03 -1.45727000e+00
 1.95372915e-03  6.65887000e-03 -1.45726000e+00
 2.01479780e-03  6.86333000e-03 -1.45726000e+00
 2.08015286e-03  7.08214000e-03 -1.45726000e+00
 2.15002120e-03  7.31606000e-03 -1.45725000e+00
 2.22453743e-03  7.56552000e-03 -1.45725000e+00
 2.30370993e-03  7.83056000e-03 -1.45724000e+00
 2.38739740e-03  8.11071000e-03 -1.45724000e+00
 2.47530582e-03  8.40498000e-03 -1.45723000e+00
 2.56701151e-03  8.71194000e-03 -1.45723000e+00
 2.66200698e-03  9.02990000e-03 -1.45722000e+00
 2.75975771e-03  9.35707000e-03 -1.45721000e+00
 2.85975497e-03  9.69174000e-03 -1.45720000e+00
 2.96155359e-03  1.00324000e-02 -1.45720000e+00
 3.06479067e-03  1.03779000e-02 -1.45719000e+00
 3.16918812e-03  1.07273000e-02 -1.45718000e+00
 3.27454451e-03  1.10798000e-02 -1.45717000e+00
 3.38072192e-03  1.14351000e-02 -1.45716000e+00
 3.48763180e-03  1.17928000e-02 -1.45715000e+00
 3.59522221e-03  1.21528000e-02 -1.45714000e+00
 3.70346742e-03  1.25149000e-02 -1.45713000e+00
 3.81235994e-03  1.28792000e-02 -1.45712000e+00
 3.92190472e-03  1.32456000e-02 -1.45711000e+00
 4.03211513e-03  1.36143000e-02 -1.45710000e+00
 4.14301021e-03  1.39852000e-02 -1.45709000e+00
 4.25461293e-03  1.43585000e-02 -1.45708000e+00
 4.36694904e-03  1.47342000e-02 -1.45706000e+00
 4.48004639e-03  1.51124000e-02 -1.45705000e+00
 4.59393460e-03  1.54933000e-02 -1.45704000e+00
 4.70864482e-03  1.58768000e-02 -1.45703000e+00
 4.82420966e-03  1.62633000e-02 -1.45701000e+00
 4.94066321e-03  1.66526000e-02 -1.45700000e+00
 5.05804105e-03  1.70451000e-02 -1.45698000e+00
 5.17638031e-03  1.74407000e-02 -1.45697000e+00
 5.29571983e-03  1.78396000e-02 -1.45695000e+00
 5.41610019e-03  1.82420000e-02 -1.45694000e+00
 5.53756386e-03  1.86480000e-02 -1.45692000e+00
 5.66015534e-03  1.90578000e-02 -1.45690000e+00
 5.78392131e-03  1.94714000e-02 -1.45688000e+00
 5.90891075e-03  1.98891000e-02 -1.45687000e+00
 6.03517518e-03  2.03110000e-02 -1.45685000e+00
 6.16276876e-03  2.07373000e-02 -1.45683000e+00
 6.29174858e-03  2.11683000e-02 -1.45681000e+00
 6.42217485e-03  2.16040000e-02 -1.45679000e+00
 6.55411115e-03  2.20447000e-02 -1.45677000e+00
 6.68762470e-03  2.24907000e-02 -1.45675000e+00
 6.82278671e-03  2.29422000e-02 -1.45672000e+00
 6.95967263e-03  2.33993000e-02 -1.45670000e+00
 7.09836261e-03  2.38625000e-02 -1.45668000e+00
 7.23894186e-03  2.43319000e-02 -1.45665000e+00
 7.38150112e-03  2.48079000e-02 -1.45663000e+00
 7.52613719e-03  2.52908000e-02 -1.45660000e+00
 7.67295348e-03  2.57809000e-02 -1.45657000e+00
 7.82206067e-03  2.62786000e-02 -1.45654000e+00
 7.97357742e-03  2.67843000e-02 -1.45652000e+00
 8.12763120e-03  2.72984000e-02 -1.45649000e+00
 8.28435921e-03  2.78214000e-02 -1.45645000e+00
 8.44390941e-03  2.83537000e-02 -1.45642000e+00
 8.60644172e-03  2.88959000e-02 -1.45639000e+00
 8.77212942e-03  2.94486000e-02 -1.45635000e+00
 8.94116064e-03  3.00124000e-02 -1.45632000e+00
 9.11374022e-03  3.05879000e-02 -1.45628000e+00
 9.29009177e-03  3.11760000e-02 -1.45624000e+00
 9.47046008e-03  3.17773000e-02 -1.45620000e+00
 9.65511394e-03  3.23929000e-02 -1.45616000e+00
 9.84434947e-03  3.30236000e-02 -1.45611000e+00
 1.00384940e-02  3.36706000e-02 -1.45607000e+00
 1.02379107e-02  3.43350000e-02 -1.45602000e+00
 1.04430042e-02  3.50182000e-02 -1.45597000e+00
 1.06542269e-02  3.57218000e-02 -1.45591000e+00
 1.08720875e-02  3.64473000e-02 -1.45586000e+00
 1.10971604e-02  3.71966000e-02 -1.45580000e+00
 1.13300977e-02  3.79720000e-02 -1.45573000e+00
 1.15716445e-02  3.87759000e-02 -1.45567000e+00
 1.18226572e-02  3.96111000e-02 -1.45560000e+00
 1.20841274e-02  4.04809000e-02 -1.45552000e+00
 1.23572123e-02  4.13890000e-02 -1.45544000e+00
 1.26432737e-02  4.23401000e-02 -1.45536000e+00
 1.29439305e-02  4.33394000e-02 -1.45527000e+00
 1.32611279e-02  4.43933000e-02 -1.45517000e+00
 1.35972323e-02  4.55097000e-02 -1.45506000e+00
 1.39551639e-02  4.66981000e-02 -1.45494000e+00
 1.43385846e-02  4.79706000e-02 -1.45481000e+00
 1.47521755e-02  4.93427000e-02 -1.45467000e+00
 1.52020548e-02  5.08344000e-02 -1.45451000e+00
 1.56964376e-02  5.24727000e-02 -1.45433000e+00
 1.62467193e-02  5.42951000e-02 -1.45412000e+00
 1.68693632e-02  5.63557000e-02 -1.45388000e+00
 1.75894202e-02  5.87367000e-02 -1.45359000e+00
 1.84477075e-02  6.15718000e-02 -1.45322000e+00
 1.95172866e-02  6.51001000e-02 -1.45274000e+00
 2.09479695e-02  6.98114000e-02 -1.45206000e+00
 2.31167697e-02  7.69381000e-02 -1.45095000e+00
 2.72287043e-02  9.03833000e-02 -1.44854000e+00
 3.50569260e-02  1.15574000e-01 -1.44293000e+00
 4.41213515e-02  1.44091000e-01 -1.43482000e+00
 5.32254857e-02  1.71890000e-01 -1.42502000e+00
 6.23353858e-02  1.98705000e-01 -1.41367000e+00
 7.14518158e-02  2.24409000e-01 -1.40088000e+00
 8.05757410e-02  2.48898000e-01 -1.38680000e+00
 8.97081327e-02  2.72084000e-01 -1.37157000e+00
 9.88499681e-02  2.93899000e-01 -1.35532000e+00
 1.08002231e-01  3.14294000e-01 -1.33822000e+00
 1.17165913e-01  3.33240000e-01 -1.32042000e+00
 1.26342013e-01  3.50723000e-01 -1.30206000e+00
 1.35531541e-01  3.66750000e-01 -1.28329000e+00
 1.44735513e-01  3.81340000e-01 -1.26424000e+00
 1.53954959e-01  3.94526000e-01 -1.24503000e+00
 1.63190919e-01  4.06352000e-01 -1.22580000e+00
 1.72444445e-01  4.16873000e-01 -1.20664000e+00
 1.81716602e-01  4.26149000e-01 -1.18765000e+00
 1.91008470e-01  4.34250000e-01 -1.16891000e+00
 2.00321142e-01  4.41245000e-01 -1.15051000e+00
 2.09655727e-01  4.47211000e-01 -1.13250000e+00
 2.19013352e-01  4.52222000e-01 -1.11494000e+00
 2.28395161e-01  4.56355000e-01 -1.09788000e+00
 2.37802317e-01  4.59686000e-01 -1.08134000e+00
 2.47236001e-01  4.62289000e-01 -1.06536000e+00
 2.56697418e-01  4.64235000e-01 -1.04995000e+00
 2.66187793e-01  4.65595000e-01 -1.03513000e+00
 2.75708375e-01  4.66434000e-01 -1.02090000e+00
 2.85260436e-01  4.66815000e-01 -1.00727000e+00
 2.94845277e-01  4.66799000e-01 -9.94234000e-01
 3.04464222e-01  4.66441000e-01 -9.81783000e-01
 3.14118628e-01  4.65793000e-01 -9.69908000e-01
 3.23809879e-01  4.64904000e-01 -9.58593000e-01
 3.33539392e-01  4.63819000e-01 -9.47823000e-01
 3.43308617e-01  4.62578000e-01 -9.37580000e-01
 3.53119039e-01  4.61219000e-01 -9.27843000e-01
 3.62972179e-01  4.59777000e-01 -9.18590000e-01
 3.72869599e-01  4.58281000e-01 -9.09800000e-01
 3.82812899e-01  4.56758000e-01 -9.01449000e-01
 3.92803724e-01  4.55234000e-01 -8.93513000e-01
 4.02843762e-01  4.53728000e-01 -8.85969000e-01
 4.12934749e-01  4.52260000e-01 -8.78794000e-01
 4.23078472e-01  4.50844000e-01 -8.71964000e-01
 4.33276769e-01  4.49494000e-01 -8.65456000e-01
 4.43531532e-01  4.48221000e-01 -8.59251000e-01
 4.53844714e-01  4.47033000e-01 -8.53326000e-01
 4.64218326e-01  4.45938000e-01 -8.47662000e-01
 4.74654444e-01  4.44940000e-01 -8.42241000e-01
 4.85155212e-01  4.44045000e-01 -8.37046000e-01
 4.95722845e-01  4.43255000e-01 -8.32062000e-01
 5.06359633e-01  4.42574000e-01 -8.27273000e-01
 5.17067947e-01  4.42002000e-01 -8.22668000e-01
 5.27850238e-01  4.41542000e-01 -8.18234000e-01
 5.38709047e-01  4.41195000e-01 -8.13961000e-01
 5.49647009e-01  4.40964000e-01 -8.09839000e-01
 5.60666857e-01  4.40851000e-01 -8.05859000e-01
 5.71771427e-01  4.40858000e-01 -8.02014000e-01
 5.82963665e-01  4.40990000e-01 -7.98294000e-01
 5.94246636e-01  4.41249000e-01 -7.94694000e-01
 6.05623526e-01  4.41640000e-01 -7.91204000e-01
 6.17097652e-01  4.42170000e-01 -7.87818000e-01
 6.28672470e-01  4.42843000e-01 -7.84526000e-01
 6.40351585e-01  4.43666000e-01 -7.81320000e-01
 6.52138756e-01  4.44646000e-01 -7.78189000e-01
 6.64037909e-01  4.45790000e-01 -7.75123000e-01
 6.76053147e-01  4.47104000e-01 -7.72108000e-01
 6.88188763e-01  4.48593000e-01 -7.69131000e-01
 7.00449248e-01  4.50264000e-01 -7.66177000e-01
 7.12839309e-01  4.52122000e-01 -7.63230000e-01
 7.25363882e-01  4.54168000e-01 -7.60273000e-01
 7.38028144e-01  4.56404000e-01 -7.57287000e-01
 7.50837538e-01  4.58831000e-01 -7.54255000e-01
 7.63797784e-01  4.61447000e-01 -7.51156000e-01
 7.76914902e-01  4.64246000e-01 -7.47973000e-01
 7.90195236e-01  4.67223000e-01 -7.44685000e-01
 8.03645473e-01  4.70370000e-01 -7.41275000e-01
 8.17272674e-01  4.73677000e-01 -7.37725000e-01
 8.31084301e-01  4.77132000e-01 -7.34022000e-01
 8.45088246e-01  4.80723000e-01 -7.30149000e-01
 8.59292868e-01  4.84434000e-01 -7.26096000e-01
 8.73707033e-01  4.88253000e-01 -7.21851000e-01
 8.88340149e-01  4.92164000e-01 -7.17407000e-01
 9.03202217e-01  4.96152000e-01 -7.12758000e-01
 9.18303883e-01  5.00204000e-01 -7.07899000e-01
 9.33656489e-01  5.04308000e-01 -7.02828000e-01
 9.49272139e-01  5.08451000e-01 -6.97542000e-01
 9.65163768e-01  5.12625000e-01 -6.92040000e-01
 9.81345217e-01  5.16820000e-01 -6.86322000e-01
 9.97831321e-01  5.21031000e-01 -6.80387000e-01
 1.01463801e+00  5.25253000e-01 -6.74234000e-01
 1.03178239e+00  5.29482000e-01 -6.67859000e-01
 1.04928292e+00  5.33716000e-01 -6.61260000e-01
 1.06715948e+00  5.37955000e-01 -6.54430000e-01
 1.08543357e+00  5.42198000e-01 -6.47360000e-01
 1.10412847e+00  5.46444000e-01 -6.40041000e-01
 1.12326944e+00  5.50691000e-01 -6.32459000e-01
 1.14288392e+00  5.54939000e-01 -6.24598000e-01
 1.16300182e+00  5.59182000e-01 -6.16440000e-01
 1.18365579e+00  5.63415000e-01 -6.07964000e-01
 1.20488152e+00  5.67629000e-01 -5.99147000e-01
 1.22671817e+00  5.71812000e-01 -5.89964000e-01
 1.24920879e+00  5.75950000e-01 -5.80390000e-01
 1.27240077e+00  5.80023000e-01 -5.70396000e-01
 1.29634648e+00  5.84008000e-01 -5.59955000e-01
 1.32110389e+00  5.87879000e-01 -5.49038000e-01
 1.34673734e+00  5.91604000e-01 -5.37617000e-01
 1.37331844e+00  5.95149000e-01 -5.25666000e-01
 1.40092706e+00  5.98473000e-01 -5.13155000e-01
 1.42965253e+00  6.01532000e-01 -5.00061000e-01
 1.45959494e+00  6.04280000e-01 -4.86357000e-01
 1.49086675e+00  6.06663000e-01 -4.72021000e-01
 1.52359444e+00  6.08623000e-01 -4.57028000e-01
 1.55792053e+00  6.10098000e-01 -4.41358000e-01
 1.59400563e+00  6.11017000e-01 -4.24991000e-01
 1.63203072e+00  6.11304000e-01 -4.07910000e-01
 1.67219935e+00  6.10872000e-01 -3.90102000e-01
 1.71473960e+00  6.09625000e-01 -3.71562000e-01
 1.75990544e+00  6.07456000e-01 -3.52294000e-01
 1.80797680e+00  6.04248000e-01 -3.32316000e-01
 1.85925745e+00  5.99874000e-01 -3.11672000e-01
 1.91406935e+00  5.94204000e-01 -2.90433000e-01
 1.97274189e+00  5.87108000e-01 -2.68711000e-01
 2.03559415e+00  5.78475000e-01 -2.46666000e-01
 2.10290907e+00  5.68224000e-01 -2.24513000e-01
 2.17489986e+00  5.56327000e-01 -2.02521000e-01
 2.25167238e+00  5.42830000e-01 -1.81004000e-01
 2.33319107e+00  5.27867000e-01 -1.60297000e-01
 2.41925956e+00  5.11663000e-01 -1.40729000e-01
 2.50952576e+00  4.94520000e-01 -1.22579000e-01
 2.60351518e+00  4.76787000e-01 -1.06048000e-01
 2.70068518e+00  4.58817000e-01 -9.12418000e-02
 2.80048567e+00  4.40934000e-01 -7.81708000e-02
 2.90241040e+00  4.23406000e-01 -6.67664000e-02
 3.00602955e+00  4.06433000e-01 -5.69052000e-02
 3.11100252e+00  3.90153000e-01 -4.84351000e-02
 3.21707527e+00  3.74646000e-01 -4.11889000e-02
 3.32406885e+00  3.59946000e-01 -3.50040000e-02
 3.43186460e+00  3.46055000e-01 -2.97330000e-02
 3.54038954e+00  3.32955000e-01 -2.52422000e-02
 3.64960387e+00  3.20613000e-01 -2.14154000e-02
 3.75949115e+00  3.08990000e-01 -1.81530000e-02
 3.87005092e+00  2.98042000e-01 -1.53708000e-02
 3.98129357e+00  2.87724000e-01 -1.29978000e-02
 4.09323674e+00  2.77995000e-01 -1.09738000e-02
 4.20590301e+00  2.68812000e-01 -9.24847000e-03
 4.31931842e+00  2.60137000e-01 -7.77885000e-03
 4.43351155e+00  2.51935000e-01 -6.52856000e-03
 4.54851301e+00  2.44171000e-01 -5.46649000e-03
 4.66435513e+00  2.36817000e-01 -4.56594000e-03
 4.78107187e+00  2.29842000e-01 -3.80393000e-03
 4.89869875e+00  2.23220000e-01 -3.16061000e-03
 5.01727293e+00  2.16927000e-01 -2.61883000e-03
 5.13683325e+00  2.10941000e-01 -2.16373000e-03
 5.25742034e+00  2.05240000e-01 -1.78247000e-03
 5.37907670e+00  1.99805000e-01 -1.46395000e-03
 5.50184689e+00  1.94618000e-01 -1.19860000e-03
 5.62577763e+00  1.89661000e-01 -9.78177000e-04
 5.75091796e+00  1.84919000e-01 -7.95599000e-04
 5.87731945e+00  1.80378000e-01 -6.44808000e-04
 6.00503636e+00  1.76024000e-01 -5.20629000e-04
 6.13412586e+00  1.71844000e-01 -4.18663000e-04
 6.26464825e+00  1.67828000e-01 -3.35178000e-04
 6.39666723e+00  1.63963000e-01 -2.67020000e-04
 6.53025018e+00  1.60241000e-01 -2.11537000e-04
 6.66546846e+00  1.56652000e-01 -1.66501000e-04
 6.80239775e+00  1.53187000e-01 -1.30052000e-04
 6.94111842e+00  1.49839000e-01 -1.00639000e-04
 7.08171599e+00  1.46600000e-01 -7.69782000e-05
 7.22428155e+00  1.43463000e-01 -5.80057000e-05
 7.36891231e+00  1.40421000e-01 -4.28471000e-05
 7.51571221e+00  1.37470000e-01 -3.07847000e-05
 7.66479252e+00  1.34603000e-01 -2.12321000e-05
 7.81627263e+00  1.31815000e-01 -1.37122000e-05
 7.97028087e+00  1.29101000e-01 -7.83784000e-06
 8.12695547e+00  1.26458000e-01 -3.29617000e-06
 8.28644562e+00  1.23880000e-01  1.64947000e-07
 8.44891275e+00  1.21363000e-01  2.74826000e-06
 8.61453188e+00  1.18905000e-01  4.61657000e-06
 8.78349328e+00  1.16500000e-01  5.90071000e-06
 8.95600434e+00  1.14146000e-01  6.70611000e-06
 9.13229174e+00  1.11840000e-01  7.11809000e-06
 9.31260397e+00  1.09578000e-01  7.20530000e-06
 9.49721432e+00  1.07358000e-01  7.02281000e-06
 9.68642433e+00  1.05175000e-01  6.60803000e-06
 9.88056796e+00  1.03028000e-01  6.04132000e-06
 1.00000000e+01  1.01762000e-01  5.77231000e-06
