-1.00000000e+01 -1.00411000e-01  5.12117000e-07
-9.80270926e+00 -1.02452000e-01 -2.95820000e-06
-9.61057086e+00 -1.04522000e-01 -7.47336000e-06
-9.42322903e+00 -1.06622000e-01 -1.33770000e-05
-9.24036326e+00 -1.08754000e-01 -2.08514000e-05
-9.06168369e+00 -1.10921000e-01 -3.00083000e-05
-8.88692729e+00 -1.13125000e-01 -4.08948000e-05
-8.71585457e+00 -1.15367000e-01 -5.34750000e-05
-8.54824682e+00 -1.17651000e-01 -6.76122000e-05
-8.38390369e+00 -1.19977000e-01 -8.30562000e-05
-8.22264120e+00 -1.22349000e-01 -9.94315000e-05
-8.06428990e+00 -1.24769000e-01 -1.16234000e-04
-7.90869341e+00 -1.27239000e-01 -1.32834000e-04
-7.75570704e+00 -1.29763000e-01 -1.48489000e-04
-7.60519660e+00 -1.32343000e-01 -1.62360000e-04
-7.45703744e+00 -1.34984000e-01 -1.73548000e-04
-7.31111349e+00 -1.37688000e-01 -1.81124000e-04
-7.16731648e+00 -1.40461000e-01 -1.84174000e-04
-7.02554523e+00 -1.43306000e-01 -1.81855000e-04
-6.88570502e+00 -1.46230000e-01 -1.73437000e-04
-6.74770704e+00 -1.49238000e-01 -1.58362000e-04
-6.61146788e+00 -1.52337000e-01 -1.36289000e-04
-6.47690907e+00 -1.55531000e-01 -1.07130000e-04
-6.34395670e+00 -1.58830000e-01 -7.10874000e-05
-6.21254103e+00 -1.62239000e-01 -2.86669000e-05
-6.08259619e+00 -1.65767000e-01  1.93182000e-05
-5.95405986e+00 -1.69421000e-01  7.17621000e-05
-5.82687300e+00 -1.73211000e-01  1.27294000e-04
-5.70097963e+00 -1.77144000e-01  1.84332000e-04
-5.57632660e+00 -1.81230000e-01  2.41137000e-04
-5.45286336e+00 -1.85477000e-01  2.95893000e-04
-5.33054180e+00 -1.89896000e-01  3.46785000e-04
-5.20931610e+00 -1.94497000e-01  3.92086000e-04
-5.08914252e+00 -1.99291000e-01  4.30238000e-04
-4.96997932e+00 -2.04289000e-01  4.59929000e-04
-4.85178660e+00 -2.09505000e-01  4.80153000e-04
-4.73452621e+00 -2.14951000e-01  4.90249000e-04
-4.61816163e+00 -2.20645000e-01  4.89919000e-04
-4.50265796e+00 -2.26603000e-01  4.79213000e-04
-4.38798190e+00 -2.32845000e-01  4.58483000e-04
-4.27410176e+00 -2.39394000e-01  4.28299000e-04
-4.16098771e+00 -2.46275000e-01  3.89331000e-04
-4.04861210e+00 -2.53517000e-01  3.42195000e-04
-3.93695012e+00 -2.61153000e-01  2.87259000e-04
-3.82598094e+00 -2.69221000e-01  2.24404000e-04
-3.71568947e+00 -2.77763000e-01  1.52736000e-04
-3.60606913e+00 -2.86826000e-01  7.02347000e-05
-3.49712600e+00 -2.96465000e-01 -2.66836000e-05
-3.38888482e+00 -3.06739000e-01 -1.43717000e-04
-3.28139725e+00 -3.17713000e-01 -2.89365000e-04
-3.17475281e+00 -3.29456000e-01 -4.75783000e-04
-3.06909233e+00 -3.42039000e-01 -7.19794000e-04
-2.96462293e+00 -3.55531000e-01 -1.04402000e-03
-2.86163209e+00 -3.69992000e-01 -1.47793000e-03
-2.76049631e+00 -3.85468000e-01 -2.05858000e-03
-2.66167838e+00 -4.01978000e-01 -2.83057000e-03
-2.56570707e+00 -4.19507000e-01 -3.84482000e-03
-2.47313646e+00 -4.38001000e-01 -5.15601000e-03
-2.38448937e+00 -4.57364000e-01 -6.81874000e-03
-2.30019721e+00 -4.77471000e-01 -8.88350000e-03
-2.22055253e+00 -4.98176000e-01 -1.13932000e-02
-2.14568682e+00 -5.19327000e-01 -1.43812000e-02
-2.07557596e+00 -5.40782000e-01 -1.78716000e-02
-2.01006688e+00 -5.62417000e-01 -2.18802000e-02
-1.94891421e+00 -5.84130000e-01 -2.64166000e-02
-1.89181700e+00 -6.05838000e-01 -3.14863000e-02
-1.83844945e+00 -6.27480000e-01 -3.70920000e-02
-1.78848343e+00 -6.49008000e-01 -4.32351000e-02
-1.74160324e+00 -6.70388000e-01 -4.99164000e-02
-1.69751416e+00 -6.91593000e-01 -5.71360000e-02
-1.65594648e+00 -7.12603000e-01 -6.48941000e-02
-1.61665662e+00 -7.33402000e-01 -7.31907000e-02
-1.57942648e+00 -7.53977000e-01 -8.20254000e-02
-1.54406174e+00 -7.74315000e-01 -9.13978000e-02
-1.51038979e+00 -7.94407000e-01 -1.01307000e-01
-1.47825749e+00 -8.14240000e-01 -1.11752000e-01
-1.44752894e+00 -8.33806000e-01 -1.22731000e-01
-1.41808346e+00 -8.53092000e-01 -1.34242000e-01
-1.38981371e+00 -8.72087000e-01 -1.46282000e-01
-1.36262406e+00 -8.90780000e-01 -1.58848000e-01
-1.33642909e+00 -9.09158000e-01 -1.71936000e-01
-1.31115234e+00 -9.27208000e-01 -1.85540000e-01
-1.28672522e+00 -9.44917000e-01 -1.99655000e-01
-1.26308602e+00 -9.62273000e-01 -2.14273000e-01
-1.24017907e+00 -9.79260000e-01 -2.29388000e-01
-1.21795408e+00 -9.95864000e-01 -2.44989000e-01
-1.19636542e+00 -1.01207000e+00 -2.61067000e-01
-1.17537167e+00 -1.02787000e+00 -2.77612000e-01
-1.15493509e+00 -1.04325000e+00 -2.94610000e-01
-1.13502123e+00 -1.05818000e+00 -3.12049000e-01
-1.11559859e+00 -1.07267000e+00 -3.29915000e-01
-1.09663826e+00 -1.08670000e+00 -3.48192000e-01
-1.07811370e+00 -1.10025000e+00 -3.66864000e-01
-1.06000046e+00 -1.11331000e+00 -3.85915000e-01
-1.04227600e+00 -1.12588000e+00 -4.05326000e-01
-1.02491947e+00 -1.13794000e+00 -4.25080000e-01
-1.00791158e+00 -1.14950000e+00 -4.45157000e-01
-9.91234428e-01 -1.16053000e+00 -4.65538000e-01
-9.74871383e-01 -1.17103000e+00 -4.86203000e-01
-9.58806966e-01 -1.18101000e+00 -5.07132000e-01
-9.43026748e-01 -1.19045000e+00 -5.28304000e-01
-9.27517258e-01 -1.19936000e+00 -5.49699000e-01
-9.12265900e-01 -1.20773000e+00 -5.71297000e-01
-8.97260882e-01 -1.21556000e+00 -5.93077000e-01
-8.82491146e-01 -1.22286000e+00 -6.15021000e-01
-8.67946309e-01 -1.22963000e+00 -6.37108000e-01
-8.53616612e-01 -1.23586000e+00 -6.59320000e-01
-8.39492867e-01 -1.24158000e+00 -6.81638000e-01
-8.25566415e-01 -1.24677000e+00 -7.04045000e-01
-8.11829088e-01 -1.25146000e+00 -7.26523000e-01
-7.98273167e-01 -1.25564000e+00 -7.49056000e-01
-7.84891354e-01 -1.25932000e+00 -7.71630000e-01
-7.71676741e-01 -1.26252000e+00 -7.94229000e-01
-7.58622780e-01 -1.26523000e+00 -8.16838000e-01
-7.45723258e-01 -1.26749000e+00 -8.39447000e-01
-7.32972277e-01 -1.26928000e+00 -8.62041000e-01
-7.20364231e-01 -1.27063000e+00 -8.84610000e-01
-7.07893784e-01 -1.27154000e+00 -9.07144000e-01
-6.95555856e-01 -1.27203000e+00 -9.29632000e-01
-6.83345604e-01 -1.27211000e+00 -9.52065000e-01
-6.71258410e-01 -1.27179000e+00 -9.74436000e-01
-6.59289862e-01 -1.27109000e+00 -9.96737000e-01
-6.47435746e-01 -1.27001000e+00 -1.01896000e+00
-6.35692028e-01 -1.26858000e+00 -1.04110000e+00
-6.24054852e-01 -1.26680000e+00 -1.06316000e+00
-6.12520520e-01 -1.26469000e+00 -1.08512000e+00
-6.01085488e-01 -1.26226000e+00 -1.10700000e+00
-5.89746356e-01 -1.25954000e+00 -1.12877000e+00
-5.78499860e-01 -1.25653000e+00 -1.15045000e+00
-5.67342863e-01 -1.25326000e+00 -1.17203000e+00
-5.56272349e-01 -1.24973000e+00 -1.19352000e+00
-5.45285415e-01 -1.24597000e+00 -1.21491000e+00
-5.34379267e-01 -1.24199000e+00 -1.23623000e+00
-5.23551213e-01 -1.23782000e+00 -1.25746000e+00
-5.12798655e-01 -1.23346000e+00 -1.27862000e+00
-5.02119089e-01 -1.22895000e+00 -1.29972000e+00
-4.91510095e-01 -1.22429000e+00 -1.32078000e+00
-4.80969336e-01 -1.21950000e+00 -1.34181000e+00
-4.70494551e-01 -1.21461000e+00 -1.36283000e+00
-4.60083556e-01 -1.20962000e+00 -1.38386000e+00
-4.49734233e-01 -1.20455000e+00 -1.40494000e+00
-4.39444532e-01 -1.19942000e+00 -1.42607000e+00
-4.29212466e-01 -1.19424000e+00 -1.44730000e+00
-4.19036106e-01 -1.18901000e+00 -1.46867000e+00
-4.08913583e-01 -1.18374000e+00 -1.49021000e+00
-3.98843078e-01 -1.17844000e+00 -1.51195000e+00
-3.88822826e-01 -1.17311000e+00 -1.53396000e+00
-3.78851110e-01 -1.16773000e+00 -1.55626000e+00
-3.68926259e-01 -1.16230000e+00 -1.57892000e+00
-3.59046646e-01 -1.15680000e+00 -1.60199000e+00
-3.49210687e-01 -1.15122000e+00 -1.62552000e+00
-3.39416837e-01 -1.14551000e+00 -1.64957000e+00
-3.29663588e-01 -1.13965000e+00 -1.67420000e+00
-3.19949470e-01 -1.13359000e+00 -1.69946000e+00
-3.10273047e-01 -1.12727000e+00 -1.72541000e+00
-3.00632914e-01 -1.12064000e+00 -1.75212000e+00
-2.91027699e-01 -1.11363000e+00 -1.77964000e+00
-2.81456058e-01 -1.10614000e+00 -1.80801000e+00
-2.71916675e-01 -1.09809000e+00 -1.83730000e+00
-2.62408263e-01 -1.08937000e+00 -1.86754000e+00
-2.52929558e-01 -1.07988000e+00 -1.89877000e+00
-2.43479321e-01 -1.06947000e+00 -1.93101000e+00
-2.34056334e-01 -1.05801000e+00 -1.96429000e+00
-2.24659404e-01 -1.04536000e+00 -1.99861000e+00
-2.15287355e-01 -1.03135000e+00 -2.03396000e+00
-2.05939033e-01 -1.01581000e+00 -2.07030000e+00
-1.96613301e-01 -9.98562000e-01 -2.10759000e+00
-1.87309039e-01 -9.79425000e-01 -2.14576000e+00
-1.78025144e-01 -9.58209000e-01 -2.18471000e+00
-1.68760528e-01 -9.34726000e-01 -2.22432000e+00
-1.59514118e-01 -9.08789000e-01 -2.26444000e+00
-1.50284853e-01 -8.80220000e-01 -2.30488000e+00
-1.41071688e-01 -8.48853000e-01 -2.34542000e+00
-1.31873585e-01 -8.14541000e-01 -2.38581000e+00
-1.22689522e-01 -7.77160000e-01 -2.42579000e+00
-1.13518483e-01 -7.36616000e-01 -2.46503000e+00
-1.04359463e-01 -6.92854000e-01 -2.50320000e+00
-9.52114675e-02 -6.45860000e-01 -2.53995000e+00
-8.60735069e-02 -5.95670000e-01 -2.57490000e+00
-7.69446005e-02 -5.42372000e-01 -2.60768000e+00
-6.78237735e-02 -4.86107000e-01 -2.63792000e+00
-5.87100569e-02 -4.27072000e-01 -2.66526000e+00
-4.96024918e-02 -3.65519000e-01 -2.68934000e+00
-4.05018993e-02 -3.01767000e-01 -2.70988000e+00
-3.15948517e-02 -2.37591000e-01 -2.72629000e+00
-2.52082770e-02 -1.90591000e-01 -2.73568000e+00
-2.21204293e-02 -1.67594000e-01 -2.73949000e+00
-2.03197913e-02 -1.54144000e-01 -2.74149000e+00
-1.90594495e-02 -1.44709000e-01 -2.74279000e+00
-1.80860131e-02 -1.37411000e-01 -2.74374000e+00
-1.72891263e-02 -1.31428000e-01 -2.74448000e+00
-1.66116092e-02 -1.26337000e-01 -2.74508000e+00
-1.60201707e-02 -1.21889000e-01 -2.74559000e+00
-1.54937633e-02 -1.17927000e-01 -2.74602000e+00
-1.50182437e-02 -1.14346000e-01 -2.74641000e+00
-1.45836511e-02 -1.11071000e-01 -2.74674000e+00
-1.41827053e-02 -1.08049000e-01 -2.74705000e+00
-1.38099224e-02 -1.05237000e-01 -2.74732000e+00
-1.34610675e-02 -1.02605000e-01 -2.74757000e+00
-1.31328010e-02 -1.00127000e-01 -2.74780000e+00
-1.28224422e-02 -9.77841000e-02 -2.74801000e+00
-1.25278055e-02 -9.55588000e-02 -2.74821000e+00
-1.22470854e-02 -9.34379000e-02 -2.74839000e+00
-1.19787724e-02 -9.14103000e-02 -2.74856000e+00
-1.17215916e-02 -8.94662000e-02 -2.74872000e+00
-1.14744557e-02 -8.75976000e-02 -2.74887000e+00
-1.12364304e-02 -8.57975000e-02 -2.74902000e+00
-1.10067058e-02 -8.40598000e-02 -2.74915000e+00
-1.07845760e-02 -8.23792000e-02 -2.74928000e+00
-1.05694213e-02 -8.07510000e-02 -2.74940000e+00
-1.03606949e-02 -7.91712000e-02 -2.74951000e+00
-1.01579114e-02 -7.76361000e-02 -2.74962000e+00
-9.96063838e-03 -7.61424000e-02 -2.74973000e+00
-9.76848840e-03 -7.46873000e-02 -2.74983000e+00
-9.58111317e-03 -7.32682000e-02 -2.74992000e+00
-9.39819829e-03 -7.18826000e-02 -2.75001000e+00
-9.21945894e-03 -7.05284000e-02 -2.75010000e+00
-9.04463624e-03 -6.92038000e-02 -2.75018000e+00
-8.87349415e-03 -6.79068000e-02 -2.75027000e+00
-8.70581680e-03 -6.66360000e-02 -2.75034000e+00
-8.54140622e-03 -6.53898000e-02 -2.75042000e+00
-8.38008038e-03 -6.41667000e-02 -2.75049000e+00
-8.22167153e-03 -6.29657000e-02 -2.75056000e+00
-8.06602462e-03 -6.17855000e-02 -2.75063000e+00
-7.91299613e-03 -6.06250000e-02 -2.75069000e+00
-7.76245284e-03 -5.94833000e-02 -2.75075000e+00
-7.61427090e-03 -5.83593000e-02 -2.75081000e+00
-7.46833490e-03 -5.72523000e-02 -2.75087000e+00
-7.32453714e-03 -5.61614000e-02 -2.75093000e+00
-7.18277692e-03 -5.50858000e-02 -2.75098000e+00
-7.04295992e-03 -5.40249000e-02 -2.75103000e+00
-6.90499764e-03 -5.29780000e-02 -2.75108000e+00
-6.76880695e-03 -5.19445000e-02 -2.75113000e+00
-6.63430962e-03 -5.09237000e-02 -2.75118000e+00
-6.50143191e-03 -4.99151000e-02 -2.75122000e+00
-6.37010426e-03 -4.89182000e-02 -2.75127000e+00
-6.24026092e-03 -4.79325000e-02 -2.75131000e+00
-6.11183968e-03 -4.69575000e-02 -2.75135000e+00
-5.98478161e-03 -4.59928000e-02 -2.75139000e+00
-5.85903080e-03 -4.50380000e-02 -2.75143000e+00
-5.73453417e-03 -4.40926000e-02 -2.75147000e+00
-5.61124124e-03 -4.31563000e-02 -2.75151000e+00
-5.48910395e-03 -4.22287000e-02 -2.75154000e+00
-5.36807652e-03 -4.13095000e-02 -2.75158000e+00
-5.24811527e-03 -4.03984000e-02 -2.75161000e+00
-5.12917848e-03 -3.94949000e-02 -2.75164000e+00
-5.01122630e-03 -3.85989000e-02 -2.75167000e+00
-4.89422058e-03 -3.77100000e-02 -2.75170000e+00
-4.77812480e-03 -3.68280000e-02 -2.75173000e+00
-4.66290398e-03 -3.59526000e-02 -2.75176000e+00
-4.54852465e-03 -3.50835000e-02 -2.75179000e+00
-4.43495475e-03 -3.42205000e-02 -2.75182000e+00
-4.32216373e-03 -3.33634000e-02 -2.75184000e+00
-4.21012266e-03 -3.25120000e-02 -2.75187000e+00
-4.09880443e-03 -3.16660000e-02 -2.75189000e+00
-3.98818432e-03 -3.08253000e-02 -2.75191000e+00
-3.87824076e-03 -2.99896000e-02 -2.75194000e+00
-3.76895671e-03 -2.91590000e-02 -2.75196000e+00
-3.66032174e-03 -2.83332000e-02 -2.75198000e+00
-3.55233530e-03 -2.75123000e-02 -2.75200000e+00
-3.44501132e-03 -2.66964000e-02 -2.75202000e+00
-3.33838486e-03 -2.58858000e-02 -2.75204000e+00
-3.23252105e-03 -2.50809000e-02 -2.75206000e+00
-3.12752646e-03 -2.42826000e-02 -2.75207000e+00
-3.02356255e-03 -2.34921000e-02 -2.75209000e+00
-2.92085985e-03 -2.27112000e-02 -2.75211000e+00
-2.81972967e-03 -2.19422000e-02 -2.75212000e+00
-2.72056876e-03 -2.11881000e-02 -2.75214000e+00
-2.62385086e-03 -2.04526000e-02 -2.75215000e+00
-2.53010050e-03 -1.97396000e-02 -2.75216000e+00
-2.43984831e-03 -1.90532000e-02 -2.75217000e+00
-2.35357497e-03 -1.83970000e-02 -2.75218000e+00
-2.27165697e-03 -1.77739000e-02 -2.75219000e+00
-2.19432884e-03 -1.71857000e-02 -2.75220000e+00
-2.12167063e-03 -1.66330000e-02 -2.75221000e+00
-2.05362009e-03 -1.61154000e-02 -2.75222000e+00
-1.99000161e-03 -1.56314000e-02 -2.75222000e+00
-1.93056149e-03 -1.51792000e-02 -2.75223000e+00
-1.87500138e-03 -1.47566000e-02 -2.75224000e+00
-1.82300524e-03 -1.43610000e-02 -2.75224000e+00
-1.77425874e-03 -1.39901000e-02 -2.75225000e+00
-1.72846159e-03 -1.36417000e-02 -2.75225000e+00
-1.68533457e-03 -1.33135000e-02 -2.75225000e+00
-1.64462259e-03 -1.30038000e-02 -2.75226000e+00
-1.60609542e-03 -1.27106000e-02 -2.75226000e+00
-1.56954682e-03 -1.24325000e-02 -2.75226000e+00
-1.53479291e-03 -1.21681000e-02 -2.75227000e+00
-1.50167010e-03 -1.19161000e-02 -2.75227000e+00
-1.47003307e-03 -1.16753000e-02 -2.75227000e+00
-1.43975264e-03 -1.14449000e-02 -2.75227000e+00
-1.41071391e-03 -1.12239000e-02 -2.75228000e+00
-1.38281452e-03 -1.10116000e-02 -2.75228000e+00
-1.35596308e-03 -1.08073000e-02 -2.75228000e+00
-1.33007790e-03 -1.06103000e-02 -2.75228000e+00
-1.30508568e-03 -1.04201000e-02 -2.75228000e+00
-1.28092061e-03 -1.02362000e-02 -2.75228000e+00
-1.25752336e-03 -1.00581000e-02 -2.75229000e+00
-1.23484038e-03 -9.88551000e-03 -2.75229000e+00
-1.21282317e-03 -9.71794000e-03 -2.75229000e+00
-1.19142772e-03 -9.55511000e-03 -2.75229000e+00
-1.17061400e-03 -9.39670000e-03 -2.75229000e+00
-1.15034553e-03 -9.24244000e-03 -2.75229000e+00
-1.13058895e-03 -9.09207000e-03 -2.75229000e+00
-1.11131371e-03 -8.94536000e-03 -2.75229000e+00
-1.09249179e-03 -8.80210000e-03 -2.75230000e+00
-1.07409740e-03 -8.66209000e-03 -2.75230000e+00
-1.05610678e-03 -8.52515000e-03 -2.75230000e+00
-1.03849801e-03 -8.39112000e-03 -2.75230000e+00
-1.02125079e-03 -8.25984000e-03 -2.75230000e+00
-1.00434633e-03 -8.13117000e-03 -2.75230000e+00
-9.87767171e-04 -8.00497000e-03 -2.75230000e+00
-9.71497089e-04 -7.88112000e-03 -2.75230000e+00
-9.55520973e-04 -7.75951000e-03 -2.75230000e+00
-9.39824726e-04 -7.64002000e-03 -2.75230000e+00
-9.24395180e-04 -7.52257000e-03 -2.75230000e+00
-9.09220017e-04 -7.40705000e-03 -2.75230000e+00
-8.94287696e-04 -7.29337000e-03 -2.75231000e+00
-8.79587388e-04 -7.18146000e-03 -2.75231000e+00
-8.65108923e-04 -7.07124000e-03 -2.75231000e+00
-8.50842736e-04 -6.96264000e-03 -2.75231000e+00
-8.36779816e-04 -6.85557000e-03 -2.75231000e+00
-8.22911669e-04 -6.74999000e-03 -2.75231000e+00
-8.09230278e-04 -6.64584000e-03 -2.75231000e+00
-7.95728063e-04 -6.54304000e-03 -2.75231000e+00
-7.82397858e-04 -6.44155000e-03 -2.75231000e+00
-7.69232870e-04 -6.34132000e-03 -2.75231000e+00
-7.56226665e-04 -6.24229000e-03 -2.75231000e+00
-7.43373133e-04 -6.14443000e-03 -2.75231000e+00
-7.30666470e-04 -6.04768000e-03 -2.75231000e+00
-7.18101160e-04 -5.95201000e-03 -2.75231000e+00
-7.05671950e-04 -5.85737000e-03 -2.75231000e+00
-6.93373837e-04 -5.76373000e-03 -2.75231000e+00
-6.81202052e-04 -5.67105000e-03 -2.75231000e+00
-6.69152042e-04 -5.57930000e-03 -2.75231000e+00
-6.57219459e-04 -5.48844000e-03 -2.75231000e+00
-6.45400148e-04 -5.39844000e-03 -2.75231000e+00
-6.33690133e-04 -5.30927000e-03 -2.75232000e+00
-6.22085608e-04 -5.22090000e-03 -2.75232000e+00
-6.10582923e-04 -5.13331000e-03 -2.75232000e+00
-5.99178582e-04 -5.04646000e-03 -2.75232000e+00
-5.87869228e-04 -4.96034000e-03 -2.75232000e+00
-5.76651638e-04 -4.87491000e-03 -2.75232000e+00
-5.65522712e-04 -4.79016000e-03 -2.75232000e+00
-5.54479472e-04 -4.70606000e-03 -2.75232000e+00
-5.43519049e-04 -4.62259000e-03 -2.75232000e+00
-5.32638681e-04 -4.53972000e-03 -2.75232000e+00
-5.21835707e-04 -4.45745000e-03 -2.75232000e+00
-5.11107558e-04 -4.37574000e-03 -2.75232000e+00
-5.00451757e-04 -4.29458000e-03 -2.75232000e+00
-4.89865911e-04 -4.21395000e-03 -2.75232000e+00
-4.79347708e-04 -4.13384000e-03 -2.75232000e+00
-4.68894910e-04 -4.05423000e-03 -2.75232000e+00
-4.58505354e-04 -3.97509000e-03 -2.75232000e+00
-4.48176945e-04 -3.89642000e-03 -2.75232000e+00
-4.37907652e-04 -3.81819000e-03 -2.75232000e+00
-4.27695508e-04 -3.74040000e-03 -2.75232000e+00
-4.17538603e-04 -3.66303000e-03 -2.75232000e+00
-4.07435084e-04 -3.58607000e-03 -2.75232000e+00
-3.97383149e-04 -3.50949000e-03 -2.75232000e+00
-3.87381049e-04 -3.43329000e-03 -2.75232000e+00
-3.77427083e-04 -3.35746000e-03 -2.75232000e+00
-3.67519593e-04 -3.28198000e-03 -2.75232000e+00
-3.57656967e-04 -3.20684000e-03 -2.75232000e+00
-3.47837634e-04 -3.13203000e-03 -2.75232000e+00
-3.38060061e-04 -3.05753000e-03 -2.75232000e+00
-3.28322753e-04 -2.98334000e-03 -2.75232000e+00
-3.18624252e-04 -2.90944000e-03 -2.75232000e+00
-3.08963132e-04 -2.83583000e-03 -2.75232000e+00
-2.99337999e-04 -2.76249000e-03 -2.75232000e+00
-2.89747491e-04 -2.68940000e-03 -2.75232000e+00
-2.80190274e-04 -2.61657000e-03 -2.75232000e+00
-2.70665044e-04 -2.54398000e-03 -2.75232000e+00
-2.61170520e-04 -2.47162000e-03 -2.75232000e+00
-2.51705447e-04 -2.39949000e-03 -2.75232000e+00
-2.42268595e-04 -2.32756000e-03 -2.75232000e+00
-2.32858755e-04 -2.25584000e-03 -2.75232000e+00
-2.23474741e-04 -2.18431000e-03 -2.75232000e+00
-2.14115385e-04 -2.11297000e-03 -2.75232000e+00
-2.04779539e-04 -2.04180000e-03 -2.75232000e+00
-1.95466074e-04 -1.97080000e-03 -2.75232000e+00
-1.86173877e-04 -1.89996000e-03 -2.75232000e+00
-1.76901852e-04 -1.82926000e-03 -2.75232000e+00
-1.67648917e-04 -1.75871000e-03 -2.75232000e+00
-1.58414004e-04 -1.68829000e-03 -2.75232000e+00
-1.49196060e-04 -1.61799000e-03 -2.75232000e+00
-1.39994043e-04 -1.54781000e-03 -2.75232000e+00
-1.30806924e-04 -1.47774000e-03 -2.75232000e+00
-1.21633683e-04 -1.40777000e-03 -2.75232000e+00
-1.12473312e-04 -1.33788000e-03 -2.75232000e+00
-1.03324810e-04 -1.26808000e-03 -2.75232000e+00
-9.41871872e-05 -1.19835000e-03 -2.75232000e+00
-8.50594592e-05 -1.12868000e-03 -2.75232000e+00
-7.59406499e-05 -1.05907000e-03 -2.75232000e+00
-6.68297891e-05 -9.89496000e-04 -2.75232000e+00
-5.77259124e-05 -9.19958000e-04 -2.75232000e+00
-4.86280702e-05 -8.50439000e-04 -2.75232000e+00
-3.95384077e-05 -7.80946000e-04 -2.75232000e+00
-3.07331765e-05 -7.13577000e-04 -2.75232000e+00
-2.47765176e-05 -6.67959000e-04 -2.75232000e+00
-2.18933930e-05 -6.45861000e-04 -2.75232000e+00
-2.01700312e-05 -6.32646000e-04 -2.75232000e+00
-1.89476675e-05 -6.23268000e-04 -2.75232000e+00
-1.79964687e-05 -6.15968000e-04 -2.75232000e+00
-1.72141200e-05 -6.09962000e-04 -2.75232000e+00
-1.65468371e-05 -6.04838000e-04 -2.75232000e+00
-1.59629923e-05 -6.00353000e-04 -2.75232000e+00
-1.54424447e-05 -5.96354000e-04 -2.75232000e+00
-1.49715858e-05 -5.92735000e-04 -2.75232000e+00
-1.45407903e-05 -5.89424000e-04 -2.75232000e+00
-1.41429989e-05 -5.86366000e-04 -2.75232000e+00
-1.37728791e-05 -5.83520000e-04 -2.75232000e+00
-1.34263033e-05 -5.80854000e-04 -2.75232000e+00
-1.31000100e-05 -5.78344000e-04 -2.75232000e+00
-1.27913764e-05 -5.75969000e-04 -2.75232000e+00
-1.24982614e-05 -5.73713000e-04 -2.75232000e+00
-1.22188936e-05 -5.71563000e-04 -2.75232000e+00
-1.19517905e-05 -5.69506000e-04 -2.75232000e+00
-1.16956986e-05 -5.67534000e-04 -2.75232000e+00
-1.14495482e-05 -5.65638000e-04 -2.75232000e+00
-1.12124188e-05 -5.63811000e-04 -2.75232000e+00
-1.09835125e-05 -5.62047000e-04 -2.75232000e+00
-1.07621330e-05 -5.60341000e-04 -2.75232000e+00
-1.05476686e-05 -5.58688000e-04 -2.75232000e+00
-1.03395794e-05 -5.57083000e-04 -2.75232000e+00
-1.01373861e-05 -5.55524000e-04 -2.75232000e+00
-9.94066099e-06 -5.54007000e-04 -2.75232000e+00
-9.74902115e-06 -5.52528000e-04 -2.75232000e+00
-9.56212197e-06 -5.51086000e-04 -2.75232000e+00
-9.37965232e-06 -5.49677000e-04 -2.75232000e+00
-9.20133023e-06 -5.48301000e-04 -2.75232000e+00
-9.02689931e-06 -5.46954000e-04 -2.75232000e+00
-8.85612575e-06 -5.45635000e-04 -2.75232000e+00
-8.68879561e-06 -5.44342000e-04 -2.75232000e+00
-8.52471269e-06 -5.43074000e-04 -2.75232000e+00
-8.36369651e-06 -5.41829000e-04 -2.75232000e+00
-8.20558068e-06 -5.40607000e-04 -2.75232000e+00
-8.05021143e-06 -5.39405000e-04 -2.75232000e+00
-7.89744633e-06 -5.38224000e-04 -2.75232000e+00
-7.74715321e-06 -5.37061000e-04 -2.75232000e+00
-7.59920910e-06 -5.35916000e-04 -2.75232000e+00
-7.45349945e-06 -5.34788000e-04 -2.75232000e+00
-7.30991731e-06 -5.33676000e-04 -2.75232000e+00
-7.16836265e-06 -5.32580000e-04 -2.75232000e+00
-7.02874180e-06 -5.31498000e-04 -2.75232000e+00
-6.89096683e-06 -5.30430000e-04 -2.75232000e+00
-6.75495514e-06 -5.29375000e-04 -2.75232000e+00
-6.62062898e-06 -5.28334000e-04 -2.75232000e+00
-6.48791506e-06 -5.27304000e-04 -2.75232000e+00
-6.35674423e-06 -5.26286000e-04 -2.75232000e+00
-6.22705112e-06 -5.25279000e-04 -2.75232000e+00
-6.09877387e-06 -5.24283000e-04 -2.75232000e+00
-5.97185388e-06 -5.23297000e-04 -2.75232000e+00
-5.84623554e-06 -5.22321000e-04 -2.75232000e+00
-5.72186604e-06 -5.21354000e-04 -2.75232000e+00
-5.59869516e-06 -5.20396000e-04 -2.75232000e+00
-5.47667510e-06 -5.19447000e-04 -2.75232000e+00
-5.35576029e-06 -5.18506000e-04 -2.75232000e+00
-5.23590726e-06 -5.17572000e-04 -2.75232000e+00
-5.11707449e-06 -5.16646000e-04 -2.75232000e+00
-4.99922229e-06 -5.15728000e-04 -2.75232000e+00
-4.88231267e-06 -5.14816000e-04 -2.75232000e+00
-4.76630924e-06 -5.13911000e-04 -2.75232000e+00
-4.65117711e-06 -5.13012000e-04 -2.75232000e+00
-4.53688278e-06 -5.12119000e-04 -2.75232000e+00
-4.42339407e-06 -5.11232000e-04 -2.75232000e+00
-4.31068004e-06 -5.10351000e-04 -2.75232000e+00
-4.19871090e-06 -5.09474000e-04 -2.75232000e+00
-4.08745795e-06 -5.08603000e-04 -2.75232000e+00
-3.97689353e-06 -5.07737000e-04 -2.75232000e+00
-3.86699092e-06 -5.06875000e-04 -2.75232000e+00
-3.75772434e-06 -5.06018000e-04 -2.75232000e+00
-3.64906884e-06 -5.05164000e-04 -2.75232000e+00
-3.54100027e-06 -5.04315000e-04 -2.75232000e+00
-3.43349527e-06 -5.03469000e-04 -2.75232000e+00
-3.32653117e-06 -5.02626000e-04 -2.75232000e+00
-3.22008599e-06 -5.01787000e-04 -2.75232000e+00
-3.11413837e-06 -5.00951000e-04 -2.75232000e+00
-3.00866756e-06 -5.00118000e-04 -2.75232000e+00
-2.90365339e-06 -4.99287000e-04 -2.75232000e+00
-2.79907620e-06 -4.98459000e-04 -2.75232000e+00
-2.69491684e-06 -4.97633000e-04 -2.75232000e+00
-2.59115664e-06 -4.96809000e-04 -2.75232000e+00
-2.48777737e-06 -4.95987000e-04 -2.75232000e+00
-2.38476123e-06 -4.95166000e-04 -2.75232000e+00
-2.28209081e-06 -4.94346000e-04 -2.75232000e+00
-2.17974907e-06 -4.93527000e-04 -2.75232000e+00
-2.07771932e-06 -4.92709000e-04 -2.75232000e+00
-1.97598520e-06 -4.91892000e-04 -2.75232000e+00
-1.87453067e-06 -4.91074000e-04 -2.75232000e+00
-1.77333995e-06 -4.90256000e-04 -2.75232000e+00
-1.67239755e-06 -4.89438000e-04 -2.75232000e+00
-1.57168824e-06 -4.88619000e-04 -2.75232000e+00
-1.47119699e-06 -4.87797000e-04 -2.75232000e+00
-1.37090902e-06 -4.86974000e-04 -2.75232000e+00
-1.27080974e-06 -4.86148000e-04 -2.75232000e+00
-1.17088475e-06 -4.85318000e-04 -2.75232000e+00
-1.07111979e-06 -4.84483000e-04 -2.75232000e+00
-9.71500792e-07 -4.83643000e-04 -2.75232000e+00
-8.72013814e-07 -4.82795000e-04 -2.75232000e+00
-7.72645040e-07 -4.81936000e-04 -2.75232000e+00
-6.73380765e-07 -4.81065000e-04 -2.75232000e+00
-5.74207388e-07 -4.80175000e-04 -2.75232000e+00
-4.75111390e-07 -4.79260000e-04 -2.75232000e+00
-3.76079326e-07 -4.78306000e-04 -2.75232000e+00
-2.77097811e-07 -4.77287000e-04 -2.75232000e+00
-1.78153510e-07 -4.76137000e-04 -2.75232000e+00
-7.92331185e-08 -4.74203000e-04 -2.75232000e+00
 1.96766426e-08 -4.73445000e-04 -2.75232000e+00
 1.18589043e-07 -4.73864000e-04 -2.75232000e+00
 2.17517356e-07 -4.73498000e-04 -2.75232000e+00
 3.16474869e-07 -4.73002000e-04 -2.75232000e+00
 4.15474895e-07 -4.72441000e-04 -2.75232000e+00
 5.14530791e-07 -4.71840000e-04 -2.75232000e+00
 6.13655962e-07 -4.71213000e-04 -2.75232000e+00
 7.12863882e-07 -4.70566000e-04 -2.75232000e+00
 8.12168099e-07 -4.69905000e-04 -2.75232000e+00
 9.11582256e-07 -4.69232000e-04 -2.75232000e+00
 1.01112010e-06 -4.68550000e-04 -2.75232000e+00
 1.11079549e-06 -4.67859000e-04 -2.75232000e+00
 1.21062243e-06 -4.67162000e-04 -2.75232000e+00
 1.31061506e-06 -4.66458000e-04 -2.75232000e+00
 1.41078768e-06 -4.65749000e-04 -2.75232000e+00
 1.51115476e-06 -4.65034000e-04 -2.75232000e+00
 1.61173099e-06 -4.64315000e-04 -2.75232000e+00
 1.71253123e-06 -4.63591000e-04 -2.75232000e+00
 1.81357059e-06 -4.62863000e-04 -2.75232000e+00
 1.91486440e-06 -4.62131000e-04 -2.75232000e+00
 2.01642827e-06 -4.61394000e-04 -2.75232000e+00
 2.11827808e-06 -4.60654000e-04 -2.75232000e+00
 2.22042998e-06 -4.59910000e-04 -2.75232000e+00
 2.32290048e-06 -4.59162000e-04 -2.75232000e+00
 2.42570639e-06 -4.58409000e-04 -2.75232000e+00
 2.52886490e-06 -4.57653000e-04 -2.75232000e+00
 2.63239358e-06 -4.56893000e-04 -2.75232000e+00
 2.73631039e-06 -4.56129000e-04 -2.75232000e+00
 2.84063373e-06 -4.55361000e-04 -2.75232000e+00
 2.94538246e-06 -4.54589000e-04 -2.75232000e+00
 3.05057594e-06 -4.53812000e-04 -2.75232000e+00
 3.15623400e-06 -4.53031000e-04 -2.75232000e+00
 3.26237707e-06 -4.52246000e-04 -2.75232000e+00
 3.36902613e-06 -4.51456000e-04 -2.75232000e+00
 3.47620277e-06 -4.50662000e-04 -2.75232000e+00
 3.58392924e-06 -4.49862000e-04 -2.75232000e+00
 3.69222850e-06 -4.49058000e-04 -2.75232000e+00
 3.80112420e-06 -4.48249000e-04 -2.75232000e+00
 3.91064080e-06 -4.47434000e-04 -2.75232000e+00
 4.02080359e-06 -4.46614000e-04 -2.75232000e+00
 4.13163871e-06 -4.45789000e-04 -2.75232000e+00
 4.24317324e-06 -4.44957000e-04 -2.75232000e+00
 4.35543526e-06 -4.44120000e-04 -2.75232000e+00
 4.46845388e-06 -4.43277000e-04 -2.75232000e+00
 4.58225935e-06 -4.42427000e-04 -2.75232000e+00
 4.69688310e-06 -4.41571000e-04 -2.75232000e+00
 4.81235781e-06 -4.40708000e-04 -2.75232000e+00
 4.92871752e-06 -4.39837000e-04 -2.75232000e+00
 5.04599773e-06 -4.38960000e-04 -2.75232000e+00
 5.16423543e-06 -4.38075000e-04 -2.75232000e+00
 5.28346928e-06 -4.37182000e-04 -2.75232000e+00
 5.40373969e-06 -4.36281000e-04 -2.75232000e+00
 5.52508893e-06 -4.35371000e-04 -2.75232000e+00
 5.64756130e-06 -4.34453000e-04 -2.75232000e+00
 5.77120322e-06 -4.33525000e-04 -2.75232000e+00
 5.89606344e-06 -4.32589000e-04 -2.75232000e+00
 6.02219320e-06 -4.31642000e-04 -2.75232000e+00
 6.14964639e-06 -4.30685000e-04 -2.75232000e+00
 6.27847977e-06 -4.29717000e-04 -2.75232000e+00
 6.40875323e-06 -4.28738000e-04 -2.75232000e+00
 6.54052999e-06 -4.27747000e-04 -2.75232000e+00
 6.67387687e-06 -4.26745000e-04 -2.75232000e+00
 6.80886464e-06 -4.25730000e-04 -2.75232000e+00
 6.94556832e-06 -4.24701000e-04 -2.75232000e+00
 7.08406754e-06 -4.23659000e-04 -2.75232000e+00
 7.22444696e-06 -4.22602000e-04 -2.75232000e+00
 7.36679674e-06 -4.21530000e-04 -2.75232000e+00
 7.51121301e-06 -4.20443000e-04 -2.75232000e+00
 7.65779847e-06 -4.19338000e-04 -2.75232000e+00
 7.80666302e-06 -4.18217000e-04 -2.75232000e+00
 7.95792446e-06 -4.17077000e-04 -2.75232000e+00
 8.11170930e-06 -4.15917000e-04 -2.75232000e+00
 8.26815368e-06 -4.14738000e-04 -2.75232000e+00
 8.42740439e-06 -4.13537000e-04 -2.75232000e+00
 8.58962007e-06 -4.12313000e-04 -2.75232000e+00
 8.75497252e-06 -4.11065000e-04 -2.75232000e+00
 8.92364827e-06 -4.09792000e-04 -2.75232000e+00
 9.09585032e-06 -4.08492000e-04 -2.75232000e+00
 9.27180023e-06 -4.07164000e-04 -2.75232000e+00
 9.45174046e-06 -4.05805000e-04 -2.75232000e+00
 9.63593720e-06 -4.04414000e-04 -2.75232000e+00
 9.82468353e-06 -4.02988000e-04 -2.75232000e+00
 1.00183034e-05 -4.01525000e-04 -2.75232000e+00
 1.02171559e-05 -4.00022000e-04 -2.75232000e+00
 1.04216411e-05 -3.98476000e-04 -2.75232000e+00
 1.06322062e-05 -3.96884000e-04 -2.75232000e+00
 1.08493536e-05 -3.95242000e-04 -2.75232000e+00
 1.10736502e-05 -3.93546000e-04 -2.75232000e+00
 1.13057396e-05 -3.91790000e-04 -2.75232000e+00
 1.15463563e-05 -3.89970000e-04 -2.75232000e+00
 1.17963443e-05 -3.88078000e-04 -2.75232000e+00
 1.20566797e-05 -3.86108000e-04 -2.75232000e+00
 1.23285008e-05 -3.84050000e-04 -2.75232000e+00
 1.26131461e-05 -3.81895000e-04 -2.75232000e+00
 1.29122048e-05 -3.79631000e-04 -2.75232000e+00
 1.32275843e-05 -3.77242000e-04 -2.75232000e+00
 1.35616019e-05 -3.74712000e-04 -2.75232000e+00
 1.39171122e-05 -3.72018000e-04 -2.75232000e+00
 1.42976893e-05 -3.69134000e-04 -2.75232000e+00
 1.47078913e-05 -3.66026000e-04 -2.75232000e+00
 1.51536616e-05 -3.62646000e-04 -2.75232000e+00
 1.56429553e-05 -3.58937000e-04 -2.75232000e+00
 1.61867669e-05 -3.54813000e-04 -2.75232000e+00
 1.68009051e-05 -3.50155000e-04 -2.75232000e+00
 1.75092792e-05 -3.44780000e-04 -2.75232000e+00
 1.83505286e-05 -3.38397000e-04 -2.75232000e+00
 1.93930288e-05 -3.30484000e-04 -2.75232000e+00
 2.07746218e-05 -3.19994000e-04 -2.75232000e+00
 2.28334005e-05 -3.04358000e-04 -2.75232000e+00
 2.66331470e-05 -2.75485000e-04 -2.75232000e+00
 3.41192970e-05 -2.18566000e-04 -2.75232000e+00
 4.31528845e-05 -1.49841000e-04 -2.75232000e+00
 5.22472074e-05 -8.06294000e-05 -2.75232000e+00
 6.13473412e-05 -1.13573000e-05 -2.75232000e+00
 7.04538814e-05  5.79739000e-05 -2.75232000e+00
 7.95677889e-05  1.27368000e-04 -2.75232000e+00
 8.86900302e-05  1.96831000e-04 -2.75232000e+00
 9.78215778e-05  2.66368000e-04 -2.75232000e+00
 1.06963411e-04  3.35986000e-04 -2.75232000e+00
 1.16116516e-04  4.05691000e-04 -2.75232000e+00
 1.25281888e-04  4.75491000e-04 -2.75232000e+00
 1.34460529e-04  5.45393000e-04 -2.75232000e+00
 1.43653453e-04  6.15403000e-04 -2.75232000e+00
 1.52861683e-04  6.85531000e-04 -2.75232000e+00
 1.62086253e-04  7.55783000e-04 -2.75232000e+00
 1.71328209e-04  8.26167000e-04 -2.75232000e+00
 1.80588611e-04  8.96691000e-04 -2.75232000e+00
 1.89868532e-04  9.67363000e-04 -2.75232000e+00
 1.99169059e-04  1.03819000e-03 -2.75232000e+00
 2.08491294e-04  1.10919000e-03 -2.75232000e+00
 2.17836357e-04  1.18035000e-03 -2.75232000e+00
 2.27205386e-04  1.25170000e-03 -2.75232000e+00
 2.36599535e-04  1.32324000e-03 -2.75232000e+00
 2.46019979e-04  1.39498000e-03 -2.75231000e+00
 2.55467913e-04  1.46693000e-03 -2.75231000e+00
 2.64944555e-04  1.53909000e-03 -2.75231000e+00
 2.74451145e-04  1.61148000e-03 -2.75231000e+00
 2.83988947e-04  1.68411000e-03 -2.75231000e+00
 2.93559251e-04  1.75699000e-03 -2.75231000e+00
 3.03163374e-04  1.83012000e-03 -2.75231000e+00
 3.12802661e-04  1.90352000e-03 -2.75231000e+00
 3.22478486e-04  1.97720000e-03 -2.75231000e+00
 3.32192254e-04  2.05116000e-03 -2.75231000e+00
 3.41945406e-04  2.12542000e-03 -2.75231000e+00
 3.51739413e-04  2.20000000e-03 -2.75231000e+00
 3.61575786e-04  2.27489000e-03 -2.75231000e+00
 3.71456071e-04  2.35012000e-03 -2.75231000e+00
 3.81381857e-04  2.42570000e-03 -2.75231000e+00
 3.91354774e-04  2.50163000e-03 -2.75231000e+00
 4.01376495e-04  2.57794000e-03 -2.75231000e+00
 4.11448742e-04  2.65462000e-03 -2.75231000e+00
 4.21573284e-04  2.73170000e-03 -2.75231000e+00
 4.31751942e-04  2.80920000e-03 -2.75231000e+00
 4.41986592e-04  2.88712000e-03 -2.75231000e+00
 4.52279166e-04  2.96548000e-03 -2.75231000e+00
 4.62631657e-04  3.04430000e-03 -2.75231000e+00
 4.73046121e-04  3.12359000e-03 -2.75231000e+00
 4.83524679e-04  3.20336000e-03 -2.75231000e+00
 4.94069524e-04  3.28364000e-03 -2.75231000e+00
 5.04682922e-04  3.36444000e-03 -2.75230000e+00
 5.15367217e-04  3.44578000e-03 -2.75230000e+00
 5.26124835e-04  3.52767000e-03 -2.75230000e+00
 5.36958289e-04  3.61015000e-03 -2.75230000e+00
 5.47870185e-04  3.69321000e-03 -2.75230000e+00
 5.58863222e-04  3.77690000e-03 -2.75230000e+00
 5.69940205e-04  3.86122000e-03 -2.75230000e+00
 5.81104044e-04  3.94621000e-03 -2.75230000e+00
 5.92357767e-04  4.03187000e-03 -2.75230000e+00
 6.03704521e-04  4.11825000e-03 -2.75230000e+00
 6.15147580e-04  4.20535000e-03 -2.75230000e+00
 6.26690358e-04  4.29322000e-03 -2.75230000e+00
 6.38336409e-04  4.38186000e-03 -2.75230000e+00
 6.50089445e-04  4.47133000e-03 -2.75230000e+00
 6.61953338e-04  4.56163000e-03 -2.75230000e+00
 6.73932134e-04  4.65281000e-03 -2.75230000e+00
 6.86030063e-04  4.74490000e-03 -2.75230000e+00
 6.98251554e-04  4.83792000e-03 -2.75229000e+00
 7.10601243e-04  4.93192000e-03 -2.75229000e+00
 7.23083991e-04  5.02693000e-03 -2.75229000e+00
 7.35704899e-04  5.12299000e-03 -2.75229000e+00
 7.48469320e-04  5.22015000e-03 -2.75229000e+00
 7.61382886e-04  5.31843000e-03 -2.75229000e+00
 7.74451517e-04  5.41790000e-03 -2.75229000e+00
 7.87681450e-04  5.51859000e-03 -2.75229000e+00
 8.01079260e-04  5.62056000e-03 -2.75229000e+00
 8.14651883e-04  5.72386000e-03 -2.75229000e+00
 8.28406648e-04  5.82854000e-03 -2.75229000e+00
 8.42351304e-04  5.93467000e-03 -2.75229000e+00
 8.56494054e-04  6.04231000e-03 -2.75228000e+00
 8.70843592e-04  6.15151000e-03 -2.75228000e+00
 8.85409144e-04  6.26236000e-03 -2.75228000e+00
 9.00200510e-04  6.37493000e-03 -2.75228000e+00
 9.15228117e-04  6.48929000e-03 -2.75228000e+00
 9.30503068e-04  6.60554000e-03 -2.75228000e+00
 9.46037206e-04  6.72375000e-03 -2.75228000e+00
 9.61843179e-04  6.84404000e-03 -2.75228000e+00
 9.77934514e-04  6.96649000e-03 -2.75228000e+00
 9.94325700e-04  7.09122000e-03 -2.75228000e+00
 1.01103228e-03  7.21836000e-03 -2.75227000e+00
 1.02807095e-03  7.34801000e-03 -2.75227000e+00
 1.04545969e-03  7.48033000e-03 -2.75227000e+00
 1.06321787e-03  7.61546000e-03 -2.75227000e+00
 1.08136641e-03  7.75356000e-03 -2.75227000e+00
 1.09992796e-03  7.89480000e-03 -2.75227000e+00
 1.11892703e-03  8.03937000e-03 -2.75227000e+00
 1.13839029e-03  8.18746000e-03 -2.75226000e+00
 1.15834674e-03  8.33931000e-03 -2.75226000e+00
 1.17882798e-03  8.49515000e-03 -2.75226000e+00
 1.19986859e-03  8.65524000e-03 -2.75226000e+00
 1.22150642e-03  8.81988000e-03 -2.75226000e+00
 1.24378302e-03  8.98937000e-03 -2.75226000e+00
 1.26674411e-03  9.16406000e-03 -2.75225000e+00
 1.29044014e-03  9.34435000e-03 -2.75225000e+00
 1.31492686e-03  9.53065000e-03 -2.75225000e+00
 1.34026608e-03  9.72343000e-03 -2.75225000e+00
 1.36652649e-03  9.92322000e-03 -2.75224000e+00
 1.39378459e-03  1.01306000e-02 -2.75224000e+00
 1.42212577e-03  1.03462000e-02 -2.75224000e+00
 1.45164561e-03  1.05708000e-02 -2.75224000e+00
 1.48245128e-03  1.08051000e-02 -2.75223000e+00
 1.51466313e-03  1.10502000e-02 -2.75223000e+00
 1.54841653e-03  1.13069000e-02 -2.75223000e+00
 1.58386383e-03  1.15766000e-02 -2.75222000e+00
 1.62117641e-03  1.18604000e-02 -2.75222000e+00
 1.66054685e-03  1.21599000e-02 -2.75222000e+00
 1.70219076e-03  1.24767000e-02 -2.75221000e+00
 1.74634822e-03  1.28125000e-02 -2.75221000e+00
 1.79328411e-03  1.31695000e-02 -2.75220000e+00
 1.84328660e-03  1.35499000e-02 -2.75219000e+00
 1.89666267e-03  1.39558000e-02 -2.75219000e+00
 1.95372915e-03  1.43898000e-02 -2.75218000e+00
 2.01479780e-03  1.48543000e-02 -2.75217000e+00
 2.08015286e-03  1.53513000e-02 -2.75217000e+00
 2.15002120e-03  1.58826000e-02 -2.75216000e+00
 2.22453743e-03  1.64493000e-02 -2.75215000e+00
 2.30370993e-03  1.70513000e-02 -2.75214000e+00
 2.38739740e-03  1.76877000e-02 -2.75212000e+00
 2.47530582e-03  1.83561000e-02 -2.75211000e+00
 2.56701151e-03  1.90534000e-02 -2.75210000e+00
 2.66200698e-03  1.97756000e-02 -2.75208000e+00
 2.75975771e-03  2.05187000e-02 -2.75207000e+00
 2.85975497e-03  2.12789000e-02 -2.75205000e+00
 2.96155359e-03  2.20527000e-02 -2.75203000e+00
 3.06479067e-03  2.28375000e-02 -2.75201000e+00
 3.16918812e-03  2.36310000e-02 -2.75199000e+00
 3.27454451e-03  2.44317000e-02 -2.75197000e+00
 3.38072192e-03  2.52387000e-02 -2.75195000e+00
 3.48763180e-03  2.60512000e-02 -2.75193000e+00
 3.59522221e-03  2.68688000e-02 -2.75191000e+00
 3.70346742e-03  2.76913000e-02 -2.75188000e+00
 3.81235994e-03  2.85187000e-02 -2.75186000e+00
 3.92190472e-03  2.93510000e-02 -2.75184000e+00
 4.03211513e-03  3.01883000e-02 -2.75181000e+00
 4.14301021e-03  3.10308000e-02 -2.75178000e+00
 4.25461293e-03  3.18786000e-02 -2.75176000e+00
 4.36694904e-03  3.27319000e-02 -2.75173000e+00
 4.48004639e-03  3.35910000e-02 -2.75170000e+00
 4.59393460e-03  3.44560000e-02 -2.75167000e+00
 4.70864482e-03  3.53272000e-02 -2.75164000e+00
 4.82420966e-03  3.62048000e-02 -2.75161000e+00
 4.94066321e-03  3.70891000e-02 -2.75158000e+00
 5.05804105e-03  3.79804000e-02 -2.75154000e+00
 5.17638031e-03  3.88789000e-02 -2.75151000e+00
 5.29571983e-03  3.97849000e-02 -2.75147000e+00
 5.41610019e-03  4.06988000e-02 -2.75144000e+00
 5.53756386e-03  4.16209000e-02 -2.75140000e+00
 5.66015534e-03  4.25514000e-02 -2.75136000e+00
 5.78392131e-03  4.34908000e-02 -2.75132000e+00
 5.90891075e-03  4.44394000e-02 -2.75128000e+00
 6.03517518e-03  4.53975000e-02 -2.75124000e+00
 6.16276876e-03  4.63657000e-02 -2.75119000e+00
 6.29174858e-03  4.73444000e-02 -2.75115000e+00
 6.42217485e-03  4.83339000e-02 -2.75110000e+00
 6.55411115e-03  4.93348000e-02 -2.75105000e+00
 6.68762470e-03  5.03476000e-02 -2.75101000e+00
 6.82278671e-03  5.13728000e-02 -2.75095000e+00
 6.95967263e-03  5.24109000e-02 -2.75090000e+00
 7.09836261e-03  5.34627000e-02 -2.75085000e+00
 7.23894186e-03  5.45286000e-02 -2.75079000e+00
 7.38150112e-03  5.56095000e-02 -2.75073000e+00
 7.52613719e-03  5.67060000e-02 -2.75067000e+00
 7.67295348e-03  5.78190000e-02 -2.75061000e+00
 7.82206067e-03  5.89491000e-02 -2.75055000e+00
 7.97357742e-03  6.00974000e-02 -2.75048000e+00
 8.12763120e-03  6.12648000e-02 -2.75041000e+00
 8.28435921e-03  6.24523000e-02 -2.75034000e+00
 8.44390941e-03  6.36610000e-02 -2.75027000e+00
 8.60644172e-03  6.48922000e-02 -2.75019000e+00
 8.77212942e-03  6.61471000e-02 -2.75011000e+00
 8.94116064e-03  6.74272000e-02 -2.75003000e+00
 9.11374022e-03  6.87339000e-02 -2.74994000e+00
 9.29009177e-03  7.00691000e-02 -2.74985000e+00
 9.47046008e-03  7.14344000e-02 -2.74976000e+00
 9.65511394e-03  7.28319000e-02 -2.74966000e+00
 9.84434947e-03  7.42639000e-02 -2.74956000e+00
 1.00384940e-02  7.57327000e-02 -2.74946000e+00
 1.02379107e-02  7.72412000e-02 -2.74935000e+00
 1.04430042e-02  7.87923000e-02 -2.74923000e+00
 1.06542269e-02  8.03894000e-02 -2.74911000e+00
 1.08720875e-02  8.20364000e-02 -2.74898000e+00
 1.10971604e-02  8.37376000e-02 -2.74885000e+00
 1.13300977e-02  8.54978000e-02 -2.74870000e+00
 1.15716445e-02  8.73226000e-02 -2.74855000e+00
 1.18226572e-02  8.92184000e-02 -2.74839000e+00
 1.20841274e-02  9.11927000e-02 -2.74822000e+00
 1.23572123e-02  9.32540000e-02 -2.74804000e+00
 1.26432737e-02  9.54127000e-02 -2.74785000e+00
 1.29439305e-02  9.76808000e-02 -2.74764000e+00
 1.32611279e-02  1.00073000e-01 -2.74741000e+00
 1.35972323e-02  1.02606000e-01 -2.74717000e+00
 1.39551639e-02  1.05304000e-01 -2.74690000e+00
 1.43385846e-02  1.08191000e-01 -2.74661000e+00
 1.47521755e-02  1.11305000e-01 -2.74628000e+00
 1.52020548e-02  1.14690000e-01 -2.74592000e+00
 1.56964376e-02  1.18407000e-01 -2.74551000e+00
 1.62467193e-02  1.22542000e-01 -2.74503000e+00
 1.68693632e-02  1.27217000e-01 -2.74448000e+00
 1.75894202e-02  1.32619000e-01 -2.74382000e+00
 1.84477075e-02  1.39050000e-01 -2.74299000e+00
 1.95172866e-02  1.47052000e-01 -2.74190000e+00
 2.09479695e-02  1.57736000e-01 -2.74036000e+00
 2.31167697e-02  1.73892000e-01 -2.73782000e+00
 2.72287043e-02  2.04358000e-01 -2.73235000e+00
 3.50569260e-02  2.61379000e-01 -2.71965000e+00
 4.41213515e-02  3.25822000e-01 -2.70134000e+00
 5.32254857e-02  3.88517000e-01 -2.67930000e+00
 6.23353858e-02  4.48859000e-01 -2.65388000e+00
 7.14518158e-02  5.06576000e-01 -2.62539000e+00
 8.05757410e-02  5.61447000e-01 -2.59419000e+00
 8.97081327e-02  6.13306000e-01 -2.56063000e+00
 9.88499681e-02  6.62039000e-01 -2.52509000e+00
 1.08002231e-01  7.07584000e-01 -2.48794000e+00
 1.17165913e-01  7.49928000e-01 -2.44953000e+00
 1.26342013e-01  7.89105000e-01 -2.41020000e+00
 1.35531541e-01  8.25187000e-01 -2.37029000e+00
 1.44735513e-01  8.58282000e-01 -2.33007000e+00
 1.53954959e-01  8.88523000e-01 -2.28981000e+00
 1.63190919e-01  9.16064000e-01 -2.24975000e+00
 1.72444445e-01  9.41075000e-01 -2.21007000e+00
 1.81716602e-01  9.63735000e-01 -2.17096000e+00
 1.91008470e-01  9.84230000e-01 -2.13254000e+00
 2.00321142e-01  1.00274000e+00 -2.09492000e+00
 2.09655727e-01  1.01946000e+00 -2.05820000e+00
 2.19013352e-01  1.03457000e+00 -2.02242000e+00
 2.28395161e-01  1.04823000e+00 -1.98764000e+00
 2.37802317e-01  1.06060000e+00 -1.95386000e+00
 2.47236001e-01  1.07185000e+00 -1.92110000e+00
 2.56697418e-01  1.08211000e+00 -1.88935000e+00
 2.66187793e-01  1.09152000e+00 -1.85857000e+00
 2.75708375e-01  1.10020000e+00 -1.82875000e+00
 2.85260436e-01  1.10825000e+00 -1.79984000e+00
 2.94845277e-01  1.11577000e+00 -1.77181000e+00
 3.04464222e-01  1.12284000e+00 -1.74459000e+00
 3.14118628e-01  1.12956000e+00 -1.71813000e+00
 3.23809879e-01  1.13597000e+00 -1.69239000e+00
 3.33539392e-01  1.14214000e+00 -1.66730000e+00
 3.43308617e-01  1.14812000e+00 -1.64281000e+00
 3.53119039e-01  1.15394000e+00 -1.61886000e+00
 3.62972179e-01  1.15964000e+00 -1.59539000e+00
 3.72869599e-01  1.16525000e+00 -1.57236000e+00
 3.82812899e-01  1.17077000e+00 -1.54970000e+00
 3.92803724e-01  1.17624000e+00 -1.52737000e+00
 4.02843762e-01  1.18164000e+00 -1.50531000e+00
 4.12934749e-01  1.18700000e+00 -1.48350000e+00
 4.23078472e-01  1.19230000e+00 -1.46188000e+00
 4.33276769e-01  1.19754000e+00 -1.44041000e+00
 4.43531532e-01  1.20273000e+00 -1.41907000e+00
 4.53844714e-01  1.20784000e+00 -1.39782000e+00
 4.64218326e-01  1.21286000e+00 -1.37662000e+00
 4.74654444e-01  1.21779000e+00 -1.35547000e+00
 4.85155212e-01  1.22261000e+00 -1.33432000e+00
 4.95722845e-01  1.22731000e+00 -1.31317000e+00
 5.06359633e-01  1.23186000e+00 -1.29199000e+00
 5.17067947e-01  1.23625000e+00 -1.27077000e+00
 5.27850238e-01  1.24047000e+00 -1.24950000e+00
 5.38709047e-01  1.24450000e+00 -1.22817000e+00
 5.49647009e-01  1.24832000e+00 -1.20677000e+00
 5.60666857e-01  1.25192000e+00 -1.18529000e+00
 5.71771427e-01  1.25528000e+00 -1.16373000e+00
 5.82963665e-01  1.25839000e+00 -1.14208000e+00
 5.94246636e-01  1.26122000e+00 -1.12035000e+00
 6.05623526e-01  1.26376000e+00 -1.09853000e+00
 6.17097652e-01  1.26601000e+00 -1.07662000e+00
 6.28672470e-01  1.26794000e+00 -1.05463000e+00
 6.40351585e-01  1.26954000e+00 -1.03255000e+00
 6.52138756e-01  1.27080000e+00 -1.01039000e+00
 6.64037909e-01  1.27170000e+00 -9.88150000e-01
 6.76053147e-01  1.27223000e+00 -9.65841000e-01
 6.88188763e-01  1.27237000e+00 -9.43465000e-01
 7.00449248e-01  1.27212000e+00 -9.21029000e-01
 7.12839309e-01  1.27146000e+00 -8.98542000e-01
 7.25363882e-01  1.27037000e+00 -8.76011000e-01
 7.38028144e-01  1.26885000e+00 -8.53445000e-01
 7.50837538e-01  1.26689000e+00 -8.30856000e-01
 7.63797784e-01  1.26446000e+00 -8.08255000e-01
 7.76914902e-01  1.26157000e+00 -7.85653000e-01
 7.90195236e-01  1.25819000e+00 -7.63064000e-01
 8.03645473e-01  1.25433000e+00 -7.40502000e-01
 8.17272674e-01  1.24997000e+00 -7.17982000e-01
 8.31084301e-01  1.24510000e+00 -6.95520000e-01
 8.45088246e-01  1.23971000e+00 -6.73134000e-01
 8.59292868e-01  1.23380000e+00 -6.50840000e-01
 8.73707033e-01  1.22737000e+00 -6.28657000e-01
 8.88340149e-01  1.22040000e+00 -6.06604000e-01
 9.03202217e-01  1.21290000e+00 -5.84701000e-01
 9.18303883e-01  1.20485000e+00 -5.62968000e-01
 9.33656489e-01  1.19627000e+00 -5.41425000e-01
 9.49272139e-01  1.18715000e+00 -5.20092000e-01
 9.65163768e-01  1.17749000e+00 -4.98991000e-01
 9.81345217e-01  1.16730000e+00 -4.78143000e-01
 9.97831321e-01  1.15657000e+00 -4.57567000e-01
 1.01463801e+00  1.14532000e+00 -4.37284000e-01
 1.03178239e+00  1.13356000e+00 -4.17315000e-01
 1.04928292e+00  1.12128000e+00 -3.97678000e-01
 1.06715948e+00  1.10850000e+00 -3.78393000e-01
 1.08543357e+00  1.09522000e+00 -3.59477000e-01
 1.10412847e+00  1.08147000e+00 -3.40948000e-01
 1.12326944e+00  1.06724000e+00 -3.22823000e-01
 1.14288392e+00  1.05256000e+00 -3.05118000e-01
 1.16300182e+00  1.03743000e+00 -2.87846000e-01
 1.18365579e+00  1.02187000e+00 -2.71021000e-01
 1.20488152e+00  1.00590000e+00 -2.54657000e-01
 1.22671817e+00  9.89517000e-01 -2.38764000e-01
 1.24920879e+00  9.72747000e-01 -2.23354000e-01
 1.27240077e+00  9.55601000e-01 -2.08434000e-01
 1.29634648e+00  9.38093000e-01 -1.94014000e-01
 1.32110389e+00  9.20237000e-01 -1.80101000e-01
 1.34673734e+00  9.02047000e-01 -1.66702000e-01
 1.37331844e+00  8.83535000e-01 -1.53821000e-01
 1.40092706e+00  8.64713000e-01 -1.41464000e-01
 1.42965253e+00  8.45595000e-01 -1.29634000e-01
 1.45959494e+00  8.26191000e-01 -1.18334000e-01
 1.49086675e+00  8.06512000e-01 -1.07566000e-01
 1.52359444e+00  7.86570000e-01 -9.73335000e-02
 1.55792053e+00  7.66374000e-01 -8.76368000e-02
 1.59400563e+00  7.45936000e-01 -7.84770000e-02
 1.63203072e+00  7.25267000e-01 -6.98550000e-02
 1.67219935e+00  7.04378000e-01 -6.17709000e-02
 1.71473960e+00  6.83284000e-01 -5.42252000e-02
 1.75990544e+00  6.62003000e-01 -4.72177000e-02
 1.80797680e+00  6.40557000e-01 -4.07483000e-02
 1.85925745e+00  6.18974000e-01 -3.48167000e-02
 1.91406935e+00  5.97296000e-01 -2.94221000e-02
 1.97274189e+00  5.75573000e-01 -2.45625000e-02
 2.03559415e+00  5.53875000e-01 -2.02345000e-02
 2.10290907e+00  5.32293000e-01 -1.64311000e-02
 2.17489986e+00  5.10938000e-01 -1.31406000e-02
 2.25167238e+00  4.89943000e-01 -1.03442000e-02
 2.33319107e+00  4.69453000e-01 -8.01431000e-03
 2.41925956e+00  4.49620000e-01 -6.11354000e-03
 2.50952576e+00  4.30585000e-01 -4.59572000e-03
 2.60351518e+00  4.12462000e-01 -3.40827000e-03
 2.70068518e+00  3.95330000e-01 -2.49605000e-03
 2.80048567e+00  3.79228000e-01 -1.80545000e-03
 2.90241040e+00  3.64156000e-01 -1.28781000e-03
 3.00602955e+00  3.50084000e-01 -9.01399000e-04
 3.11100252e+00  3.36959000e-01 -6.12204000e-04
 3.21707527e+00  3.24716000e-01 -3.93551000e-04
 3.32406885e+00  3.13285000e-01 -2.25227000e-04
 3.43186460e+00  3.02596000e-01 -9.23678000e-05
 3.54038954e+00  2.92580000e-01  1.56362000e-05
 3.64960387e+00  2.83175000e-01  1.06093000e-04
 3.75949115e+00  2.74324000e-01  1.83797000e-04
 3.87005092e+00  2.65975000e-01  2.51659000e-04
 3.98129357e+00  2.58083000e-01  3.11206000e-04
 4.09323674e+00  2.50607000e-01  3.62983000e-04
 4.20590301e+00  2.43511000e-01  4.06880000e-04
 4.31931842e+00  2.36765000e-01  4.42400000e-04
 4.43351155e+00  2.30340000e-01  4.68879000e-04
 4.54851301e+00  2.24213000e-01  4.85663000e-04
 4.66435513e+00  2.18361000e-01  4.92251000e-04
 4.78107187e+00  2.12767000e-01  4.88399000e-04
 4.89869875e+00  2.07414000e-01  4.74189000e-04
 5.01727293e+00  2.02286000e-01  4.50059000e-04
 5.13683325e+00  1.97370000e-01  4.16809000e-04
 5.25742034e+00  1.92653000e-01  3.75574000e-04
 5.37907670e+00  1.88126000e-01  3.27773000e-04
 5.50184689e+00  1.83776000e-01  2.75043000e-04
 5.62577763e+00  1.79593000e-01  2.19158000e-04
 5.75091796e+00  1.75569000e-01  1.61948000e-04
 5.87731945e+00  1.71694000e-01  1.05211000e-04
 6.00503636e+00  1.67958000e-01  5.06346000e-05
 6.13412586e+00  1.64355000e-01 -2.74620000e-07
 6.26464825e+00  1.60875000e-01 -4.62442000e-05
 6.39666723e+00  1.57510000e-01 -8.62795000e-05
 6.53025018e+00  1.54254000e-01 -1.19688000e-04
 6.66546846e+00  1.51098000e-01 -1.46084000e-04
 6.80239775e+00  1.48037000e-01 -1.65385000e-04
 6.94111842e+00  1.45062000e-01 -1.77782000e-04
 7.08171599e+00  1.42170000e-01 -1.83711000e-04
 7.22428155e+00  1.39354000e-01 -1.83804000e-04
 7.36891231e+00  1.36609000e-01 -1.78844000e-04
 7.51571221e+00  1.33930000e-01 -1.69710000e-04
 7.66479252e+00  1.31314000e-01 -1.57328000e-04
 7.81627263e+00  1.28757000e-01 -1.42622000e-04
 7.97028087e+00  1.26254000e-01 -1.26475000e-04
 8.12695547e+00  1.23804000e-01 -1.09688000e-04
 8.28644562e+00  1.21404000e-01 -9.29643000e-05
 8.44891275e+00  1.19050000e-01 -7.68850000e-05
 8.61453188e+00  1.16741000e-01 -6.19035000e-05
 8.78349328e+00  1.14474000e-01 -4.83445000e-05
 8.95600434e+00  1.12247000e-01 -3.64121000e-05
 9.13229174e+00  1.10058000e-01 -2.62008000e-05
 9.31260397e+00  1.07905000e-01 -1.77126000e-05
 9.49721432e+00  1.05786000e-01 -1.08709000e-05
 9.68642433e+00  1.03698000e-01 -5.54308000e-06
 9.88056796e+00  1.01640000e-01 -1.51264000e-06
 1.00000000e+01  1.00414000e-01  4.98844000e-07
