-1.00000000e+01 -1.01590000e-01 -1.00172000e-05
-9.80270926e+00 -1.03719000e-01 -1.05072000e-05
-9.61057086e+00 -1.05865000e-01 -1.07478000e-05
-9.42322903e+00 -1.08047000e-01 -1.08638000e-05
-9.24036326e+00 -1.10269000e-01 -1.09261000e-05
-9.06168369e+00 -1.12532000e-01 -1.09902000e-05
-8.88692729e+00 -1.14841000e-01 -1.11276000e-05
-8.71585457e+00 -1.17197000e-01 -1.14294000e-05
-8.54824682e+00 -1.19605000e-01 -1.20080000e-05
-8.38390369e+00 -1.22068000e-01 -1.29992000e-05
-8.22264120e+00 -1.24589000e-01 -1.45649000e-05
-8.06428990e+00 -1.27172000e-01 -1.68975000e-05
-7.90869341e+00 -1.29821000e-01 -2.02258000e-05
-7.75570704e+00 -1.32540000e-01 -2.48223000e-05
-7.60519660e+00 -1.35335000e-01 -3.10139000e-05
-7.45703744e+00 -1.38208000e-01 -3.91942000e-05
-7.31111349e+00 -1.41167000e-01 -4.98398000e-05
-7.16731648e+00 -1.44216000e-01 -6.35291000e-05
-7.02554523e+00 -1.47361000e-01 -8.09653000e-05
-6.88570502e+00 -1.50609000e-01 -1.03004000e-04
-6.74770704e+00 -1.53966000e-01 -1.30687000e-04
-6.61146788e+00 -1.57439000e-01 -1.65276000e-04
-6.47690907e+00 -1.61038000e-01 -2.08303000e-04
-6.34395670e+00 -1.64770000e-01 -2.61615000e-04
-6.21254103e+00 -1.68645000e-01 -3.27438000e-04
-6.08259619e+00 -1.72673000e-01 -4.08444000e-04
-5.95405986e+00 -1.76864000e-01 -5.07830000e-04
-5.82687300e+00 -1.81231000e-01 -6.29408000e-04
-5.70097963e+00 -1.85786000e-01 -7.77711000e-04
-5.57632660e+00 -1.90543000e-01 -9.58108000e-04
-5.45286336e+00 -1.95516000e-01 -1.17695000e-03
-5.33054180e+00 -2.00722000e-01 -1.44171000e-03
-5.20931610e+00 -2.06178000e-01 -1.76119000e-03
-5.08914252e+00 -2.11901000e-01 -2.14571000e-03
-4.96997932e+00 -2.17912000e-01 -2.60735000e-03
-4.85178660e+00 -2.24232000e-01 -3.16025000e-03
-4.73452621e+00 -2.30883000e-01 -3.82090000e-03
-4.61816163e+00 -2.37889000e-01 -4.60856000e-03
-4.50265796e+00 -2.45276000e-01 -5.54564000e-03
-4.38798190e+00 -2.53070000e-01 -6.65829000e-03
-4.27410176e+00 -2.61300000e-01 -7.97691000e-03
-4.16098771e+00 -2.69995000e-01 -9.53684000e-03
-4.04861210e+00 -2.79186000e-01 -1.13792000e-02
-3.93695012e+00 -2.88901000e-01 -1.35514000e-02
-3.82598094e+00 -2.99172000e-01 -1.61083000e-02
-3.71568947e+00 -3.10025000e-01 -1.91129000e-02
-3.60606913e+00 -3.21486000e-01 -2.26366000e-02
-3.49712600e+00 -3.33572000e-01 -2.67600000e-02
-3.38888482e+00 -3.46295000e-01 -3.15721000e-02
-3.28139725e+00 -3.59652000e-01 -3.71692000e-02
-3.17475281e+00 -3.73625000e-01 -4.36526000e-02
-3.06909233e+00 -3.88173000e-01 -5.11237000e-02
-2.96462293e+00 -4.03227000e-01 -5.96775000e-02
-2.86163209e+00 -4.18688000e-01 -6.93931000e-02
-2.76049631e+00 -4.34417000e-01 -8.03214000e-02
-2.66167838e+00 -4.50241000e-01 -9.24728000e-02
-2.56570707e+00 -4.65957000e-01 -1.05805000e-01
-2.47313646e+00 -4.81348000e-01 -1.20218000e-01
-2.38448937e+00 -4.96198000e-01 -1.35557000e-01
-2.30019721e+00 -5.10316000e-01 -1.51626000e-01
-2.22055253e+00 -5.23555000e-01 -1.68207000e-01
-2.14568682e+00 -5.35818000e-01 -1.85083000e-01
-2.07557596e+00 -5.47057000e-01 -2.02059000e-01
-2.01006688e+00 -5.57274000e-01 -2.18967000e-01
-1.94891421e+00 -5.66499000e-01 -2.35678000e-01
-1.89181700e+00 -5.74790000e-01 -2.52098000e-01
-1.83844945e+00 -5.82214000e-01 -2.68161000e-01
-1.78848343e+00 -5.88845000e-01 -2.83827000e-01
-1.74160324e+00 -5.94755000e-01 -2.99074000e-01
-1.69751416e+00 -6.00016000e-01 -3.13894000e-01
-1.65594648e+00 -6.04693000e-01 -3.28289000e-01
-1.61665662e+00 -6.08845000e-01 -3.42267000e-01
-1.57942648e+00 -6.12526000e-01 -3.55842000e-01
-1.54406174e+00 -6.15785000e-01 -3.69028000e-01
-1.51038979e+00 -6.18665000e-01 -3.81843000e-01
-1.47825749e+00 -6.21203000e-01 -3.94303000e-01
-1.44752894e+00 -6.23435000e-01 -4.06426000e-01
-1.41808346e+00 -6.25390000e-01 -4.18229000e-01
-1.38981371e+00 -6.27096000e-01 -4.29729000e-01
-1.36262406e+00 -6.28577000e-01 -4.40941000e-01
-1.33642909e+00 -6.29854000e-01 -4.51882000e-01
-1.31115234e+00 -6.30947000e-01 -4.62565000e-01
-1.28672522e+00 -6.31874000e-01 -4.73004000e-01
-1.26308602e+00 -6.32651000e-01 -4.83212000e-01
-1.24017907e+00 -6.33291000e-01 -4.93202000e-01
-1.21795408e+00 -6.33809000e-01 -5.02985000e-01
-1.19636542e+00 -6.34215000e-01 -5.12572000e-01
-1.17537167e+00 -6.34522000e-01 -5.21974000e-01
-1.15493509e+00 -6.34739000e-01 -5.31200000e-01
-1.13502123e+00 -6.34875000e-01 -5.40261000e-01
-1.11559859e+00 -6.34940000e-01 -5.49165000e-01
-1.09663826e+00 -6.34941000e-01 -5.57921000e-01
-1.07811370e+00 -6.34885000e-01 -5.66537000e-01
-1.06000046e+00 -6.34780000e-01 -5.75022000e-01
-1.04227600e+00 -6.34632000e-01 -5.83383000e-01
-1.02491947e+00 -6.34447000e-01 -5.91628000e-01
-1.00791158e+00 -6.34231000e-01 -5.99764000e-01
-9.91234428e-01 -6.33989000e-01 -6.07798000e-01
-9.74871383e-01 -6.33726000e-01 -6.15738000e-01
-9.58806966e-01 -6.33447000e-01 -6.23590000e-01
-9.43026748e-01 -6.33156000e-01 -6.31361000e-01
-9.27517258e-01 -6.32858000e-01 -6.39057000e-01
-9.12265900e-01 -6.32557000e-01 -6.46686000e-01
-8.97260882e-01 -6.32256000e-01 -6.54254000e-01
-8.82491146e-01 -6.31958000e-01 -6.61767000e-01
-8.67946309e-01 -6.31669000e-01 -6.69233000e-01
-8.53616612e-01 -6.31389000e-01 -6.76656000e-01
-8.39492867e-01 -6.31123000e-01 -6.84045000e-01
-8.25566415e-01 -6.30873000e-01 -6.91406000e-01
-8.11829088e-01 -6.30642000e-01 -6.98744000e-01
-7.98273167e-01 -6.30432000e-01 -7.06068000e-01
-7.84891354e-01 -6.30246000e-01 -7.13383000e-01
-7.71676741e-01 -6.30084000e-01 -7.20697000e-01
-7.58622780e-01 -6.29950000e-01 -7.28017000e-01
-7.45723258e-01 -6.29845000e-01 -7.35349000e-01
-7.32972277e-01 -6.29771000e-01 -7.42702000e-01
-7.20364231e-01 -6.29728000e-01 -7.50081000e-01
-7.07893784e-01 -6.29718000e-01 -7.57495000e-01
-6.95555856e-01 -6.29741000e-01 -7.64952000e-01
-6.83345604e-01 -6.29798000e-01 -7.72459000e-01
-6.71258410e-01 -6.29890000e-01 -7.80025000e-01
-6.59289862e-01 -6.30016000e-01 -7.87657000e-01
-6.47435746e-01 -6.30176000e-01 -7.95365000e-01
-6.35692028e-01 -6.30371000e-01 -8.03157000e-01
-6.24054852e-01 -6.30598000e-01 -8.11041000e-01
-6.12520520e-01 -6.30857000e-01 -8.19028000e-01
-6.01085488e-01 -6.31146000e-01 -8.27127000e-01
-5.89746356e-01 -6.31464000e-01 -8.35347000e-01
-5.78499860e-01 -6.31807000e-01 -8.43699000e-01
-5.67342863e-01 -6.32174000e-01 -8.52193000e-01
-5.56272349e-01 -6.32561000e-01 -8.60839000e-01
-5.45285415e-01 -6.32964000e-01 -8.69650000e-01
-5.34379267e-01 -6.33378000e-01 -8.78635000e-01
-5.23551213e-01 -6.33799000e-01 -8.87807000e-01
-5.12798655e-01 -6.34220000e-01 -8.97178000e-01
-5.02119089e-01 -6.34636000e-01 -9.06760000e-01
-4.91510095e-01 -6.35038000e-01 -9.16566000e-01
-4.80969336e-01 -6.35419000e-01 -9.26608000e-01
-4.70494551e-01 -6.35769000e-01 -9.36901000e-01
-4.60083556e-01 -6.36079000e-01 -9.47456000e-01
-4.49734233e-01 -6.36336000e-01 -9.58289000e-01
-4.39444532e-01 -6.36529000e-01 -9.69414000e-01
-4.29212466e-01 -6.36643000e-01 -9.80843000e-01
-4.19036106e-01 -6.36663000e-01 -9.92593000e-01
-4.08913583e-01 -6.36572000e-01 -1.00468000e+00
-3.98843078e-01 -6.36352000e-01 -1.01711000e+00
-3.88822826e-01 -6.35982000e-01 -1.02990000e+00
-3.78851110e-01 -6.35440000e-01 -1.04307000e+00
-3.68926259e-01 -6.34703000e-01 -1.05663000e+00
-3.59046646e-01 -6.33743000e-01 -1.07060000e+00
-3.49210687e-01 -6.32532000e-01 -1.08498000e+00
-3.39416837e-01 -6.31039000e-01 -1.09978000e+00
-3.29663588e-01 -6.29230000e-01 -1.11503000e+00
-3.19949470e-01 -6.27069000e-01 -1.13072000e+00
-3.10273047e-01 -6.24518000e-01 -1.14686000e+00
-3.00632914e-01 -6.21534000e-01 -1.16346000e+00
-2.91027699e-01 -6.18073000e-01 -1.18052000e+00
-2.81456058e-01 -6.14086000e-01 -1.19805000e+00
-2.71916675e-01 -6.09525000e-01 -1.21603000e+00
-2.62408263e-01 -6.04336000e-01 -1.23446000e+00
-2.52929558e-01 -5.98462000e-01 -1.25332000e+00
-2.43479321e-01 -5.91846000e-01 -1.27261000e+00
-2.34056334e-01 -5.84427000e-01 -1.29230000e+00
-2.24659404e-01 -5.76143000e-01 -1.31236000e+00
-2.15287355e-01 -5.66931000e-01 -1.33276000e+00
-2.05939033e-01 -5.56727000e-01 -1.35345000e+00
-1.96613301e-01 -5.45467000e-01 -1.37438000e+00
-1.87309039e-01 -5.33088000e-01 -1.39549000e+00
-1.78025144e-01 -5.19530000e-01 -1.41672000e+00
-1.68760528e-01 -5.04734000e-01 -1.43799000e+00
-1.59514118e-01 -4.88649000e-01 -1.45921000e+00
-1.50284853e-01 -4.71227000e-01 -1.48029000e+00
-1.41071688e-01 -4.52429000e-01 -1.50111000e+00
-1.31873585e-01 -4.32225000e-01 -1.52157000e+00
-1.22689522e-01 -4.10595000e-01 -1.54155000e+00
-1.13518483e-01 -3.87533000e-01 -1.56090000e+00
-1.04359463e-01 -3.63046000e-01 -1.57951000e+00
-9.52114675e-02 -3.37156000e-01 -1.59723000e+00
-8.60735069e-02 -3.09902000e-01 -1.61391000e+00
-7.69446005e-02 -2.81340000e-01 -1.62943000e+00
-6.78237735e-02 -2.51545000e-01 -1.64364000e+00
-5.87100569e-02 -2.20607000e-01 -1.65641000e+00
-4.96024918e-02 -1.88637000e-01 -1.66761000e+00
-4.05018993e-02 -1.55770000e-01 -1.67714000e+00
-3.15948517e-02 -1.22872000e-01 -1.68475000e+00
-2.52082770e-02 -9.88760000e-02 -1.68912000e+00
-2.21204293e-02 -8.71589000e-02 -1.69090000e+00
-2.03197913e-02 -8.03102000e-02 -1.69184000e+00
-1.90594495e-02 -7.55085000e-02 -1.69245000e+00
-1.80860131e-02 -7.17949000e-02 -1.69289000e+00
-1.72891263e-02 -6.87517000e-02 -1.69324000e+00
-1.66116092e-02 -6.61622000e-02 -1.69352000e+00
-1.60201707e-02 -6.39001000e-02 -1.69376000e+00
-1.54937633e-02 -6.18855000e-02 -1.69397000e+00
-1.50182437e-02 -6.00648000e-02 -1.69415000e+00
-1.45836511e-02 -5.84000000e-02 -1.69431000e+00
-1.41827053e-02 -5.68635000e-02 -1.69445000e+00
-1.38099224e-02 -5.54343000e-02 -1.69458000e+00
-1.34610675e-02 -5.40964000e-02 -1.69470000e+00
-1.31328010e-02 -5.28371000e-02 -1.69481000e+00
-1.28224422e-02 -5.16462000e-02 -1.69491000e+00
-1.25278055e-02 -5.05153000e-02 -1.69501000e+00
-1.22470854e-02 -4.94375000e-02 -1.69509000e+00
-1.19787724e-02 -4.84071000e-02 -1.69518000e+00
-1.17215916e-02 -4.74192000e-02 -1.69525000e+00
-1.14744557e-02 -4.64698000e-02 -1.69532000e+00
-1.12364304e-02 -4.55551000e-02 -1.69539000e+00
-1.10067058e-02 -4.46722000e-02 -1.69546000e+00
-1.07845760e-02 -4.38183000e-02 -1.69552000e+00
-1.05694213e-02 -4.29911000e-02 -1.69558000e+00
-1.03606949e-02 -4.21885000e-02 -1.69563000e+00
-1.01579114e-02 -4.14086000e-02 -1.69568000e+00
-9.96063838e-03 -4.06498000e-02 -1.69573000e+00
-9.76848840e-03 -3.99106000e-02 -1.69578000e+00
-9.58111317e-03 -3.91897000e-02 -1.69583000e+00
-9.39819829e-03 -3.84858000e-02 -1.69587000e+00
-9.21945894e-03 -3.77979000e-02 -1.69592000e+00
-9.04463624e-03 -3.71250000e-02 -1.69596000e+00
-8.87349415e-03 -3.64662000e-02 -1.69600000e+00
-8.70581680e-03 -3.58207000e-02 -1.69603000e+00
-8.54140622e-03 -3.51877000e-02 -1.69607000e+00
-8.38008038e-03 -3.45665000e-02 -1.69611000e+00
-8.22167153e-03 -3.39564000e-02 -1.69614000e+00
-8.06602462e-03 -3.33570000e-02 -1.69617000e+00
-7.91299613e-03 -3.27675000e-02 -1.69620000e+00
-7.76245284e-03 -3.21876000e-02 -1.69623000e+00
-7.61427090e-03 -3.16167000e-02 -1.69626000e+00
-7.46833490e-03 -3.10545000e-02 -1.69629000e+00
-7.32453714e-03 -3.05004000e-02 -1.69632000e+00
-7.18277692e-03 -2.99541000e-02 -1.69635000e+00
-7.04295992e-03 -2.94153000e-02 -1.69637000e+00
-6.90499764e-03 -2.88836000e-02 -1.69640000e+00
-6.76880695e-03 -2.83587000e-02 -1.69642000e+00
-6.63430962e-03 -2.78402000e-02 -1.69645000e+00
-6.50143191e-03 -2.73280000e-02 -1.69647000e+00
-6.37010426e-03 -2.68217000e-02 -1.69649000e+00
-6.24026092e-03 -2.63211000e-02 -1.69651000e+00
-6.11183968e-03 -2.58259000e-02 -1.69653000e+00
-5.98478161e-03 -2.53360000e-02 -1.69655000e+00
-5.85903080e-03 -2.48511000e-02 -1.69657000e+00
-5.73453417e-03 -2.43710000e-02 -1.69659000e+00
-5.61124124e-03 -2.38955000e-02 -1.69661000e+00
-5.48910395e-03 -2.34244000e-02 -1.69663000e+00
-5.36807652e-03 -2.29576000e-02 -1.69665000e+00
-5.24811527e-03 -2.24948000e-02 -1.69666000e+00
-5.12917848e-03 -2.20360000e-02 -1.69668000e+00
-5.01122630e-03 -2.15810000e-02 -1.69670000e+00
-4.89422058e-03 -2.11296000e-02 -1.69671000e+00
-4.77812480e-03 -2.06816000e-02 -1.69673000e+00
-4.66290398e-03 -2.02371000e-02 -1.69674000e+00
-4.54852465e-03 -1.97957000e-02 -1.69676000e+00
-4.43495475e-03 -1.93575000e-02 -1.69677000e+00
-4.32216373e-03 -1.89222000e-02 -1.69678000e+00
-4.21012266e-03 -1.84898000e-02 -1.69680000e+00
-4.09880443e-03 -1.80602000e-02 -1.69681000e+00
-3.98818432e-03 -1.76332000e-02 -1.69682000e+00
-3.87824076e-03 -1.72089000e-02 -1.69683000e+00
-3.76895671e-03 -1.67871000e-02 -1.69684000e+00
-3.66032174e-03 -1.63677000e-02 -1.69686000e+00
-3.55233530e-03 -1.59508000e-02 -1.69687000e+00
-3.44501132e-03 -1.55365000e-02 -1.69688000e+00
-3.33838486e-03 -1.51249000e-02 -1.69689000e+00
-3.23252105e-03 -1.47161000e-02 -1.69690000e+00
-3.12752646e-03 -1.43108000e-02 -1.69691000e+00
-3.02356255e-03 -1.39093000e-02 -1.69692000e+00
-2.92085985e-03 -1.35128000e-02 -1.69693000e+00
-2.81972967e-03 -1.31222000e-02 -1.69693000e+00
-2.72056876e-03 -1.27393000e-02 -1.69694000e+00
-2.62385086e-03 -1.23658000e-02 -1.69695000e+00
-2.53010050e-03 -1.20037000e-02 -1.69696000e+00
-2.43984831e-03 -1.16552000e-02 -1.69696000e+00
-2.35357497e-03 -1.13220000e-02 -1.69697000e+00
-2.27165697e-03 -1.10056000e-02 -1.69697000e+00
-2.19432884e-03 -1.07069000e-02 -1.69698000e+00
-2.12167063e-03 -1.04262000e-02 -1.69699000e+00
-2.05362009e-03 -1.01634000e-02 -1.69699000e+00
-1.99000161e-03 -9.91760000e-03 -1.69699000e+00
-1.93056149e-03 -9.68798000e-03 -1.69700000e+00
-1.87500138e-03 -9.47334000e-03 -1.69700000e+00
-1.82300524e-03 -9.27247000e-03 -1.69700000e+00
-1.77425874e-03 -9.08415000e-03 -1.69701000e+00
-1.72846159e-03 -8.90721000e-03 -1.69701000e+00
-1.68533457e-03 -8.74059000e-03 -1.69701000e+00
-1.64462259e-03 -8.58330000e-03 -1.69701000e+00
-1.60609542e-03 -8.43444000e-03 -1.69702000e+00
-1.56954682e-03 -8.29323000e-03 -1.69702000e+00
-1.53479291e-03 -8.15895000e-03 -1.69702000e+00
-1.50167010e-03 -8.03097000e-03 -1.69702000e+00
-1.47003307e-03 -7.90873000e-03 -1.69702000e+00
-1.43975264e-03 -7.79172000e-03 -1.69702000e+00
-1.41071391e-03 -7.67952000e-03 -1.69703000e+00
-1.38281452e-03 -7.57171000e-03 -1.69703000e+00
-1.35596308e-03 -7.46795000e-03 -1.69703000e+00
-1.33007790e-03 -7.36793000e-03 -1.69703000e+00
-1.30508568e-03 -7.27135000e-03 -1.69703000e+00
-1.28092061e-03 -7.17797000e-03 -1.69703000e+00
-1.25752336e-03 -7.08756000e-03 -1.69703000e+00
-1.23484038e-03 -6.99990000e-03 -1.69703000e+00
-1.21282317e-03 -6.91482000e-03 -1.69703000e+00
-1.19142772e-03 -6.83214000e-03 -1.69704000e+00
-1.17061400e-03 -6.75170000e-03 -1.69704000e+00
-1.15034553e-03 -6.67337000e-03 -1.69704000e+00
-1.13058895e-03 -6.59702000e-03 -1.69704000e+00
-1.11131371e-03 -6.52253000e-03 -1.69704000e+00
-1.09249179e-03 -6.44979000e-03 -1.69704000e+00
-1.07409740e-03 -6.37870000e-03 -1.69704000e+00
-1.05610678e-03 -6.30917000e-03 -1.69704000e+00
-1.03849801e-03 -6.24111000e-03 -1.69704000e+00
-1.02125079e-03 -6.17446000e-03 -1.69704000e+00
-1.00434633e-03 -6.10912000e-03 -1.69704000e+00
-9.87767171e-04 -6.04504000e-03 -1.69704000e+00
-9.71497089e-04 -5.98216000e-03 -1.69704000e+00
-9.55520973e-04 -5.92041000e-03 -1.69704000e+00
-9.39824726e-04 -5.85975000e-03 -1.69705000e+00
-9.24395180e-04 -5.80011000e-03 -1.69705000e+00
-9.09220017e-04 -5.74146000e-03 -1.69705000e+00
-8.94287696e-04 -5.68374000e-03 -1.69705000e+00
-8.79587388e-04 -5.62692000e-03 -1.69705000e+00
-8.65108923e-04 -5.57096000e-03 -1.69705000e+00
-8.50842736e-04 -5.51581000e-03 -1.69705000e+00
-8.36779816e-04 -5.46146000e-03 -1.69705000e+00
-8.22911669e-04 -5.40785000e-03 -1.69705000e+00
-8.09230278e-04 -5.35497000e-03 -1.69705000e+00
-7.95728063e-04 -5.30278000e-03 -1.69705000e+00
-7.82397858e-04 -5.25125000e-03 -1.69705000e+00
-7.69232870e-04 -5.20036000e-03 -1.69705000e+00
-7.56226665e-04 -5.15008000e-03 -1.69705000e+00
-7.43373133e-04 -5.10040000e-03 -1.69705000e+00
-7.30666470e-04 -5.05128000e-03 -1.69705000e+00
-7.18101160e-04 -5.00271000e-03 -1.69705000e+00
-7.05671950e-04 -4.95466000e-03 -1.69705000e+00
-6.93373837e-04 -4.90712000e-03 -1.69705000e+00
-6.81202052e-04 -4.86007000e-03 -1.69705000e+00
-6.69152042e-04 -4.81348000e-03 -1.69705000e+00
-6.57219459e-04 -4.76735000e-03 -1.69706000e+00
-6.45400148e-04 -4.72166000e-03 -1.69706000e+00
-6.33690133e-04 -4.67639000e-03 -1.69706000e+00
-6.22085608e-04 -4.63153000e-03 -1.69706000e+00
-6.10582923e-04 -4.58706000e-03 -1.69706000e+00
-5.99178582e-04 -4.54297000e-03 -1.69706000e+00
-5.87869228e-04 -4.49925000e-03 -1.69706000e+00
-5.76651638e-04 -4.45588000e-03 -1.69706000e+00
-5.65522712e-04 -4.41286000e-03 -1.69706000e+00
-5.54479472e-04 -4.37016000e-03 -1.69706000e+00
-5.43519049e-04 -4.32779000e-03 -1.69706000e+00
-5.32638681e-04 -4.28572000e-03 -1.69706000e+00
-5.21835707e-04 -4.24396000e-03 -1.69706000e+00
-5.11107558e-04 -4.20248000e-03 -1.69706000e+00
-5.00451757e-04 -4.16128000e-03 -1.69706000e+00
-4.89865911e-04 -4.12035000e-03 -1.69706000e+00
-4.79347708e-04 -4.07969000e-03 -1.69706000e+00
-4.68894910e-04 -4.03927000e-03 -1.69706000e+00
-4.58505354e-04 -3.99910000e-03 -1.69706000e+00
-4.48176945e-04 -3.95917000e-03 -1.69706000e+00
-4.37907652e-04 -3.91946000e-03 -1.69706000e+00
-4.27695508e-04 -3.87998000e-03 -1.69706000e+00
-4.17538603e-04 -3.84071000e-03 -1.69706000e+00
-4.07435084e-04 -3.80164000e-03 -1.69706000e+00
-3.97383149e-04 -3.76277000e-03 -1.69706000e+00
-3.87381049e-04 -3.72410000e-03 -1.69706000e+00
-3.77427083e-04 -3.68561000e-03 -1.69706000e+00
-3.67519593e-04 -3.64730000e-03 -1.69706000e+00
-3.57656967e-04 -3.60916000e-03 -1.69706000e+00
-3.47837634e-04 -3.57120000e-03 -1.69706000e+00
-3.38060061e-04 -3.53339000e-03 -1.69706000e+00
-3.28322753e-04 -3.49574000e-03 -1.69706000e+00
-3.18624252e-04 -3.45823000e-03 -1.69706000e+00
-3.08963132e-04 -3.42087000e-03 -1.69706000e+00
-2.99337999e-04 -3.38365000e-03 -1.69706000e+00
-2.89747491e-04 -3.34657000e-03 -1.69706000e+00
-2.80190274e-04 -3.30961000e-03 -1.69706000e+00
-2.70665044e-04 -3.27278000e-03 -1.69706000e+00
-2.61170520e-04 -3.23606000e-03 -1.69707000e+00
-2.51705447e-04 -3.19946000e-03 -1.69707000e+00
-2.42268595e-04 -3.16297000e-03 -1.69707000e+00
-2.32858755e-04 -3.12658000e-03 -1.69707000e+00
-2.23474741e-04 -3.09029000e-03 -1.69707000e+00
-2.14115385e-04 -3.05410000e-03 -1.69707000e+00
-2.04779539e-04 -3.01800000e-03 -1.69707000e+00
-1.95466074e-04 -2.98198000e-03 -1.69707000e+00
-1.86173877e-04 -2.94605000e-03 -1.69707000e+00
-1.76901852e-04 -2.91019000e-03 -1.69707000e+00
-1.67648917e-04 -2.87441000e-03 -1.69707000e+00
-1.58414004e-04 -2.83870000e-03 -1.69707000e+00
-1.49196060e-04 -2.80306000e-03 -1.69707000e+00
-1.39994043e-04 -2.76747000e-03 -1.69707000e+00
-1.30806924e-04 -2.73195000e-03 -1.69707000e+00
-1.21633683e-04 -2.69648000e-03 -1.69707000e+00
-1.12473312e-04 -2.66106000e-03 -1.69707000e+00
-1.03324810e-04 -2.62569000e-03 -1.69707000e+00
-9.41871872e-05 -2.59036000e-03 -1.69707000e+00
-8.50594592e-05 -2.55507000e-03 -1.69707000e+00
-7.59406499e-05 -2.51983000e-03 -1.69707000e+00
-6.68297891e-05 -2.48461000e-03 -1.69707000e+00
-5.77259124e-05 -2.44944000e-03 -1.69707000e+00
-4.86280702e-05 -2.41429000e-03 -1.69707000e+00
-3.95384077e-05 -2.37919000e-03 -1.69707000e+00
-3.07331765e-05 -2.34521000e-03 -1.69707000e+00
-2.47765176e-05 -2.32225000e-03 -1.69707000e+00
-2.18933930e-05 -2.31114000e-03 -1.69707000e+00
-2.01700312e-05 -2.30451000e-03 -1.69707000e+00
-1.89476675e-05 -2.29980000e-03 -1.69707000e+00
-1.79964687e-05 -2.29614000e-03 -1.69707000e+00
-1.72141200e-05 -2.29314000e-03 -1.69707000e+00
-1.65468371e-05 -2.29057000e-03 -1.69707000e+00
-1.59629923e-05 -2.28833000e-03 -1.69707000e+00
-1.54424447e-05 -2.28633000e-03 -1.69707000e+00
-1.49715858e-05 -2.28452000e-03 -1.69707000e+00
-1.45407903e-05 -2.28286000e-03 -1.69707000e+00
-1.41429989e-05 -2.28134000e-03 -1.69707000e+00
-1.37728791e-05 -2.27992000e-03 -1.69707000e+00
-1.34263033e-05 -2.27859000e-03 -1.69707000e+00
-1.31000100e-05 -2.27733000e-03 -1.69707000e+00
-1.27913764e-05 -2.27615000e-03 -1.69707000e+00
-1.24982614e-05 -2.27503000e-03 -1.69707000e+00
-1.22188936e-05 -2.27396000e-03 -1.69707000e+00
-1.19517905e-05 -2.27293000e-03 -1.69707000e+00
-1.16956986e-05 -2.27195000e-03 -1.69707000e+00
-1.14495482e-05 -2.27101000e-03 -1.69707000e+00
-1.12124188e-05 -2.27010000e-03 -1.69707000e+00
-1.09835125e-05 -2.26922000e-03 -1.69707000e+00
-1.07621330e-05 -2.26838000e-03 -1.69707000e+00
-1.05476686e-05 -2.26756000e-03 -1.69707000e+00
-1.03395794e-05 -2.26676000e-03 -1.69707000e+00
-1.01373861e-05 -2.26599000e-03 -1.69707000e+00
-9.94066099e-06 -2.26523000e-03 -1.69707000e+00
-9.74902115e-06 -2.26450000e-03 -1.69707000e+00
-9.56212197e-06 -2.26379000e-03 -1.69707000e+00
-9.37965232e-06 -2.26309000e-03 -1.69707000e+00
-9.20133023e-06 -2.26241000e-03 -1.69707000e+00
-9.02689931e-06 -2.26174000e-03 -1.69707000e+00
-8.85612575e-06 -2.26109000e-03 -1.69707000e+00
-8.68879561e-06 -2.26045000e-03 -1.69707000e+00
-8.52471269e-06 -2.25983000e-03 -1.69707000e+00
-8.36369651e-06 -2.25921000e-03 -1.69707000e+00
-8.20558068e-06 -2.25861000e-03 -1.69707000e+00
-8.05021143e-06 -2.25802000e-03 -1.69707000e+00
-7.89744633e-06 -2.25743000e-03 -1.69707000e+00
-7.74715321e-06 -2.25686000e-03 -1.69707000e+00
-7.59920910e-06 -2.25630000e-03 -1.69707000e+00
-7.45349945e-06 -2.25574000e-03 -1.69707000e+00
-7.30991731e-06 -2.25520000e-03 -1.69707000e+00
-7.16836265e-06 -2.25466000e-03 -1.69707000e+00
-7.02874180e-06 -2.25413000e-03 -1.69707000e+00
-6.89096683e-06 -2.25360000e-03 -1.69707000e+00
-6.75495514e-06 -2.25309000e-03 -1.69707000e+00
-6.62062898e-06 -2.25258000e-03 -1.69707000e+00
-6.48791506e-06 -2.25207000e-03 -1.69707000e+00
-6.35674423e-06 -2.25158000e-03 -1.69707000e+00
-6.22705112e-06 -2.25108000e-03 -1.69707000e+00
-6.09877387e-06 -2.25060000e-03 -1.69707000e+00
-5.97185388e-06 -2.25012000e-03 -1.69707000e+00
-5.84623554e-06 -2.24964000e-03 -1.69707000e+00
-5.72186604e-06 -2.24917000e-03 -1.69707000e+00
-5.59869516e-06 -2.24870000e-03 -1.69707000e+00
-5.47667510e-06 -2.24824000e-03 -1.69707000e+00
-5.35576029e-06 -2.24779000e-03 -1.69707000e+00
-5.23590726e-06 -2.24733000e-03 -1.69707000e+00
-5.11707449e-06 -2.24688000e-03 -1.69707000e+00
-4.99922229e-06 -2.24644000e-03 -1.69707000e+00
-4.88231267e-06 -2.24600000e-03 -1.69707000e+00
-4.76630924e-06 -2.24556000e-03 -1.69707000e+00
-4.65117711e-06 -2.24513000e-03 -1.69707000e+00
-4.53688278e-06 -2.24470000e-03 -1.69707000e+00
-4.42339407e-06 -2.24427000e-03 -1.69707000e+00
-4.31068004e-06 -2.24385000e-03 -1.69707000e+00
-4.19871090e-06 -2.24343000e-03 -1.69707000e+00
-4.08745795e-06 -2.24301000e-03 -1.69707000e+00
-3.97689353e-06 -2.24260000e-03 -1.69707000e+00
-3.86699092e-06 -2.24218000e-03 -1.69707000e+00
-3.75772434e-06 -2.24178000e-03 -1.69707000e+00
-3.64906884e-06 -2.24137000e-03 -1.69707000e+00
-3.54100027e-06 -2.24097000e-03 -1.69707000e+00
-3.43349527e-06 -2.24057000e-03 -1.69707000e+00
-3.32653117e-06 -2.24017000e-03 -1.69707000e+00
-3.22008599e-06 -2.23977000e-03 -1.69707000e+00
-3.11413837e-06 -2.23938000e-03 -1.69707000e+00
-3.00866756e-06 -2.23899000e-03 -1.69707000e+00
-2.90365339e-06 -2.23860000e-03 -1.69707000e+00
-2.79907620e-06 -2.23822000e-03 -1.69707000e+00
-2.69491684e-06 -2.23783000e-03 -1.69707000e+00
-2.59115664e-06 -2.23745000e-03 -1.69707000e+00
-2.48777737e-06 -2.23707000e-03 -1.69707000e+00
-2.38476123e-06 -2.23669000e-03 -1.69707000e+00
-2.28209081e-06 -2.23632000e-03 -1.69707000e+00
-2.17974907e-06 -2.23595000e-03 -1.69707000e+00
-2.07771932e-06 -2.23558000e-03 -1.69707000e+00
-1.97598520e-06 -2.23521000e-03 -1.69707000e+00
-1.87453067e-06 -2.23484000e-03 -1.69707000e+00
-1.77333995e-06 -2.23448000e-03 -1.69707000e+00
-1.67239755e-06 -2.23412000e-03 -1.69707000e+00
-1.57168824e-06 -2.23376000e-03 -1.69707000e+00
-1.47119699e-06 -2.23341000e-03 -1.69707000e+00
-1.37090902e-06 -2.23306000e-03 -1.69707000e+00
-1.27080974e-06 -2.23271000e-03 -1.69707000e+00
-1.17088475e-06 -2.23237000e-03 -1.69707000e+00
-1.07111979e-06 -2.23203000e-03 -1.69707000e+00
-9.71500792e-07 -2.23170000e-03 -1.69707000e+00
-8.72013814e-07 -2.23137000e-03 -1.69707000e+00
-7.72645040e-07 -2.23105000e-03 -1.69707000e+00
-6.73380765e-07 -2.23074000e-03 -1.69707000e+00
-5.74207388e-07 -2.23044000e-03 -1.69707000e+00
-4.75111390e-07 -2.23017000e-03 -1.69707000e+00
-3.76079326e-07 -2.22991000e-03 -1.69707000e+00
-2.77097811e-07 -2.22971000e-03 -1.69707000e+00
-1.78153510e-07 -2.22959000e-03 -1.69707000e+00
-7.92331185e-08 -2.23000000e-03 -1.69707000e+00
 1.96766426e-08 -2.22962000e-03 -1.69707000e+00
 1.18589043e-07 -2.22843000e-03 -1.69707000e+00
 2.17517356e-07 -2.22778000e-03 -1.69707000e+00
 3.16474869e-07 -2.22722000e-03 -1.69707000e+00
 4.15474895e-07 -2.22670000e-03 -1.69707000e+00
 5.14530791e-07 -2.22621000e-03 -1.69707000e+00
 6.13655962e-07 -2.22574000e-03 -1.69707000e+00
 7.12863882e-07 -2.22528000e-03 -1.69707000e+00
 8.12168099e-07 -2.22482000e-03 -1.69707000e+00
 9.11582256e-07 -2.22438000e-03 -1.69707000e+00
 1.01112010e-06 -2.22394000e-03 -1.69707000e+00
 1.11079549e-06 -2.22350000e-03 -1.69707000e+00
 1.21062243e-06 -2.22307000e-03 -1.69707000e+00
 1.31061506e-06 -2.22264000e-03 -1.69707000e+00
 1.41078768e-06 -2.22221000e-03 -1.69707000e+00
 1.51115476e-06 -2.22179000e-03 -1.69707000e+00
 1.61173099e-06 -2.22136000e-03 -1.69707000e+00
 1.71253123e-06 -2.22094000e-03 -1.69707000e+00
 1.81357059e-06 -2.22052000e-03 -1.69707000e+00
 1.91486440e-06 -2.22010000e-03 -1.69707000e+00
 2.01642827e-06 -2.21968000e-03 -1.69707000e+00
 2.11827808e-06 -2.21925000e-03 -1.69707000e+00
 2.22042998e-06 -2.21883000e-03 -1.69707000e+00
 2.32290048e-06 -2.21841000e-03 -1.69707000e+00
 2.42570639e-06 -2.21799000e-03 -1.69707000e+00
 2.52886490e-06 -2.21757000e-03 -1.69707000e+00
 2.63239358e-06 -2.21715000e-03 -1.69707000e+00
 2.73631039e-06 -2.21672000e-03 -1.69707000e+00
 2.84063373e-06 -2.21630000e-03 -1.69707000e+00
 2.94538246e-06 -2.21587000e-03 -1.69707000e+00
 3.05057594e-06 -2.21544000e-03 -1.69707000e+00
 3.15623400e-06 -2.21502000e-03 -1.69707000e+00
 3.26237707e-06 -2.21459000e-03 -1.69707000e+00
 3.36902613e-06 -2.21416000e-03 -1.69707000e+00
 3.47620277e-06 -2.21372000e-03 -1.69707000e+00
 3.58392924e-06 -2.21329000e-03 -1.69707000e+00
 3.69222850e-06 -2.21285000e-03 -1.69707000e+00
 3.80112420e-06 -2.21242000e-03 -1.69707000e+00
 3.91064080e-06 -2.21198000e-03 -1.69707000e+00
 4.02080359e-06 -2.21153000e-03 -1.69707000e+00
 4.13163871e-06 -2.21109000e-03 -1.69707000e+00
 4.24317324e-06 -2.21064000e-03 -1.69707000e+00
 4.35543526e-06 -2.21019000e-03 -1.69707000e+00
 4.46845388e-06 -2.20974000e-03 -1.69707000e+00
 4.58225935e-06 -2.20929000e-03 -1.69707000e+00
 4.69688310e-06 -2.20883000e-03 -1.69707000e+00
 4.81235781e-06 -2.20837000e-03 -1.69707000e+00
 4.92871752e-06 -2.20790000e-03 -1.69707000e+00
 5.04599773e-06 -2.20744000e-03 -1.69707000e+00
 5.16423543e-06 -2.20697000e-03 -1.69707000e+00
 5.28346928e-06 -2.20649000e-03 -1.69707000e+00
 5.40373969e-06 -2.20601000e-03 -1.69707000e+00
 5.52508893e-06 -2.20553000e-03 -1.69707000e+00
 5.64756130e-06 -2.20504000e-03 -1.69707000e+00
 5.77120322e-06 -2.20455000e-03 -1.69707000e+00
 5.89606344e-06 -2.20406000e-03 -1.69707000e+00
 6.02219320e-06 -2.20356000e-03 -1.69707000e+00
 6.14964639e-06 -2.20305000e-03 -1.69707000e+00
 6.27847977e-06 -2.20254000e-03 -1.69707000e+00
 6.40875323e-06 -2.20202000e-03 -1.69707000e+00
 6.54052999e-06 -2.20150000e-03 -1.69707000e+00
 6.67387687e-06 -2.20097000e-03 -1.69707000e+00
 6.80886464e-06 -2.20044000e-03 -1.69707000e+00
 6.94556832e-06 -2.19990000e-03 -1.69707000e+00
 7.08406754e-06 -2.19935000e-03 -1.69707000e+00
 7.22444696e-06 -2.19880000e-03 -1.69707000e+00
 7.36679674e-06 -2.19823000e-03 -1.69707000e+00
 7.51121301e-06 -2.19766000e-03 -1.69707000e+00
 7.65779847e-06 -2.19709000e-03 -1.69707000e+00
 7.80666302e-06 -2.19650000e-03 -1.69707000e+00
 7.95792446e-06 -2.19590000e-03 -1.69707000e+00
 8.11170930e-06 -2.19529000e-03 -1.69707000e+00
 8.26815368e-06 -2.19468000e-03 -1.69707000e+00
 8.42740439e-06 -2.19405000e-03 -1.69707000e+00
 8.58962007e-06 -2.19341000e-03 -1.69707000e+00
 8.75497252e-06 -2.19276000e-03 -1.69707000e+00
 8.92364827e-06 -2.19210000e-03 -1.69707000e+00
 9.09585032e-06 -2.19142000e-03 -1.69707000e+00
 9.27180023e-06 -2.19073000e-03 -1.69707000e+00
 9.45174046e-06 -2.19002000e-03 -1.69707000e+00
 9.63593720e-06 -2.18929000e-03 -1.69707000e+00
 9.82468353e-06 -2.18855000e-03 -1.69707000e+00
 1.00183034e-05 -2.18779000e-03 -1.69707000e+00
 1.02171559e-05 -2.18701000e-03 -1.69707000e+00
 1.04216411e-05 -2.18620000e-03 -1.69707000e+00
 1.06322062e-05 -2.18538000e-03 -1.69707000e+00
 1.08493536e-05 -2.18452000e-03 -1.69707000e+00
 1.10736502e-05 -2.18364000e-03 -1.69707000e+00
 1.13057396e-05 -2.18273000e-03 -1.69707000e+00
 1.15463563e-05 -2.18179000e-03 -1.69707000e+00
 1.17963443e-05 -2.18081000e-03 -1.69707000e+00
 1.20566797e-05 -2.17979000e-03 -1.69707000e+00
 1.23285008e-05 -2.17872000e-03 -1.69707000e+00
 1.26131461e-05 -2.17761000e-03 -1.69707000e+00
 1.29122048e-05 -2.17643000e-03 -1.69707000e+00
 1.32275843e-05 -2.17520000e-03 -1.69707000e+00
 1.35616019e-05 -2.17389000e-03 -1.69707000e+00
 1.39171122e-05 -2.17250000e-03 -1.69707000e+00
 1.42976893e-05 -2.17101000e-03 -1.69707000e+00
 1.47078913e-05 -2.16940000e-03 -1.69707000e+00
 1.51536616e-05 -2.16766000e-03 -1.69707000e+00
 1.56429553e-05 -2.16575000e-03 -1.69707000e+00
 1.61867669e-05 -2.16362000e-03 -1.69707000e+00
 1.68009051e-05 -2.16122000e-03 -1.69707000e+00
 1.75092792e-05 -2.15845000e-03 -1.69707000e+00
 1.83505286e-05 -2.15517000e-03 -1.69707000e+00
 1.93930288e-05 -2.15110000e-03 -1.69707000e+00
 2.07746218e-05 -2.14571000e-03 -1.69707000e+00
 2.28334005e-05 -2.13768000e-03 -1.69707000e+00
 2.66331470e-05 -2.12287000e-03 -1.69707000e+00
 3.41192970e-05 -2.09373000e-03 -1.69707000e+00
 4.31528845e-05 -2.05861000e-03 -1.69707000e+00
 5.22472074e-05 -2.02329000e-03 -1.69707000e+00
 6.13473412e-05 -1.98796000e-03 -1.69707000e+00
 7.04538814e-05 -1.95262000e-03 -1.69707000e+00
 7.95677889e-05 -1.91726000e-03 -1.69707000e+00
 8.86900302e-05 -1.88188000e-03 -1.69707000e+00
 9.78215778e-05 -1.84648000e-03 -1.69707000e+00
 1.06963411e-04 -1.81104000e-03 -1.69707000e+00
 1.16116516e-04 -1.77556000e-03 -1.69707000e+00
 1.25281888e-04 -1.74004000e-03 -1.69707000e+00
 1.34460529e-04 -1.70447000e-03 -1.69707000e+00
 1.43653453e-04 -1.66886000e-03 -1.69707000e+00
 1.52861683e-04 -1.63318000e-03 -1.69707000e+00
 1.62086253e-04 -1.59745000e-03 -1.69707000e+00
 1.71328209e-04 -1.56165000e-03 -1.69707000e+00
 1.80588611e-04 -1.52578000e-03 -1.69707000e+00
 1.89868532e-04 -1.48984000e-03 -1.69707000e+00
 1.99169059e-04 -1.45383000e-03 -1.69707000e+00
 2.08491294e-04 -1.41773000e-03 -1.69707000e+00
 2.17836357e-04 -1.38154000e-03 -1.69707000e+00
 2.27205386e-04 -1.34527000e-03 -1.69707000e+00
 2.36599535e-04 -1.30890000e-03 -1.69707000e+00
 2.46019979e-04 -1.27243000e-03 -1.69707000e+00
 2.55467913e-04 -1.23585000e-03 -1.69707000e+00
 2.64944555e-04 -1.19916000e-03 -1.69707000e+00
 2.74451145e-04 -1.16236000e-03 -1.69707000e+00
 2.83988947e-04 -1.12544000e-03 -1.69707000e+00
 2.93559251e-04 -1.08840000e-03 -1.69707000e+00
 3.03163374e-04 -1.05123000e-03 -1.69707000e+00
 3.12802661e-04 -1.01392000e-03 -1.69707000e+00
 3.22478486e-04 -9.76472000e-04 -1.69707000e+00
 3.32192254e-04 -9.38878000e-04 -1.69707000e+00
 3.41945406e-04 -9.01133000e-04 -1.69707000e+00
 3.51739413e-04 -8.63231000e-04 -1.69707000e+00
 3.61575786e-04 -8.25167000e-04 -1.69707000e+00
 3.71456071e-04 -7.86932000e-04 -1.69707000e+00
 3.81381857e-04 -7.48524000e-04 -1.69707000e+00
 3.91354774e-04 -7.09936000e-04 -1.69707000e+00
 4.01376495e-04 -6.71157000e-04 -1.69707000e+00
 4.11448742e-04 -6.32184000e-04 -1.69707000e+00
 4.21573284e-04 -5.93010000e-04 -1.69707000e+00
 4.31751942e-04 -5.53627000e-04 -1.69707000e+00
 4.41986592e-04 -5.14028000e-04 -1.69707000e+00
 4.52279166e-04 -4.74210000e-04 -1.69707000e+00
 4.62631657e-04 -4.34159000e-04 -1.69707000e+00
 4.73046121e-04 -3.93868000e-04 -1.69707000e+00
 4.83524679e-04 -3.53329000e-04 -1.69707000e+00
 4.94069524e-04 -3.12535000e-04 -1.69707000e+00
 5.04682922e-04 -2.71477000e-04 -1.69707000e+00
 5.15367217e-04 -2.30146000e-04 -1.69707000e+00
 5.26124835e-04 -1.88532000e-04 -1.69707000e+00
 5.36958289e-04 -1.46625000e-04 -1.69707000e+00
 5.47870185e-04 -1.04414000e-04 -1.69707000e+00
 5.58863222e-04 -6.18907000e-05 -1.69707000e+00
 5.69940205e-04 -1.90429000e-05 -1.69707000e+00
 5.81104044e-04  2.41395000e-05 -1.69707000e+00
 5.92357767e-04  6.76674000e-05 -1.69707000e+00
 6.03704521e-04  1.11555000e-04 -1.69707000e+00
 6.15147580e-04  1.55815000e-04 -1.69707000e+00
 6.26690358e-04  2.00461000e-04 -1.69707000e+00
 6.38336409e-04  2.45503000e-04 -1.69707000e+00
 6.50089445e-04  2.90959000e-04 -1.69707000e+00
 6.61953338e-04  3.36844000e-04 -1.69707000e+00
 6.73932134e-04  3.83171000e-04 -1.69707000e+00
 6.86030063e-04  4.29959000e-04 -1.69707000e+00
 6.98251554e-04  4.77224000e-04 -1.69707000e+00
 7.10601243e-04  5.24985000e-04 -1.69707000e+00
 7.23083991e-04  5.73259000e-04 -1.69707000e+00
 7.35704899e-04  6.22066000e-04 -1.69707000e+00
 7.48469320e-04  6.71429000e-04 -1.69707000e+00
 7.61382886e-04  7.21367000e-04 -1.69707000e+00
 7.74451517e-04  7.71904000e-04 -1.69707000e+00
 7.87681450e-04  8.23064000e-04 -1.69707000e+00
 8.01079260e-04  8.74872000e-04 -1.69707000e+00
 8.14651883e-04  9.27356000e-04 -1.69707000e+00
 8.28406648e-04  9.80543000e-04 -1.69707000e+00
 8.42351304e-04  1.03446000e-03 -1.69707000e+00
 8.56494054e-04  1.08915000e-03 -1.69707000e+00
 8.70843592e-04  1.14463000e-03 -1.69707000e+00
 8.85409144e-04  1.20095000e-03 -1.69707000e+00
 9.00200510e-04  1.25815000e-03 -1.69707000e+00
 9.15228117e-04  1.31625000e-03 -1.69707000e+00
 9.30503068e-04  1.37531000e-03 -1.69707000e+00
 9.46037206e-04  1.43537000e-03 -1.69707000e+00
 9.61843179e-04  1.49648000e-03 -1.69707000e+00
 9.77934514e-04  1.55869000e-03 -1.69707000e+00
 9.94325700e-04  1.62207000e-03 -1.69707000e+00
 1.01103228e-03  1.68666000e-03 -1.69707000e+00
 1.02807095e-03  1.75253000e-03 -1.69707000e+00
 1.04545969e-03  1.81976000e-03 -1.69706000e+00
 1.06321787e-03  1.88841000e-03 -1.69706000e+00
 1.08136641e-03  1.95857000e-03 -1.69706000e+00
 1.09992796e-03  2.03033000e-03 -1.69706000e+00
 1.11892703e-03  2.10378000e-03 -1.69706000e+00
 1.13839029e-03  2.17902000e-03 -1.69706000e+00
 1.15834674e-03  2.25616000e-03 -1.69706000e+00
 1.17882798e-03  2.33534000e-03 -1.69706000e+00
 1.19986859e-03  2.41667000e-03 -1.69706000e+00
 1.22150642e-03  2.50032000e-03 -1.69706000e+00
 1.24378302e-03  2.58643000e-03 -1.69706000e+00
 1.26674411e-03  2.67518000e-03 -1.69706000e+00
 1.29044014e-03  2.76678000e-03 -1.69706000e+00
 1.31492686e-03  2.86143000e-03 -1.69706000e+00
 1.34026608e-03  2.95937000e-03 -1.69706000e+00
 1.36652649e-03  3.06087000e-03 -1.69706000e+00
 1.39378459e-03  3.16623000e-03 -1.69706000e+00
 1.42212577e-03  3.27577000e-03 -1.69706000e+00
 1.45164561e-03  3.38986000e-03 -1.69706000e+00
 1.48245128e-03  3.50892000e-03 -1.69705000e+00
 1.51466313e-03  3.63342000e-03 -1.69705000e+00
 1.54841653e-03  3.76387000e-03 -1.69705000e+00
 1.58386383e-03  3.90086000e-03 -1.69705000e+00
 1.62117641e-03  4.04506000e-03 -1.69705000e+00
 1.66054685e-03  4.19721000e-03 -1.69705000e+00
 1.70219076e-03  4.35815000e-03 -1.69705000e+00
 1.74634822e-03  4.52879000e-03 -1.69705000e+00
 1.79328411e-03  4.71016000e-03 -1.69704000e+00
 1.84328660e-03  4.90338000e-03 -1.69704000e+00
 1.89666267e-03  5.10963000e-03 -1.69704000e+00
 1.95372915e-03  5.33014000e-03 -1.69704000e+00
 2.01479780e-03  5.56610000e-03 -1.69704000e+00
 2.08015286e-03  5.81862000e-03 -1.69703000e+00
 2.15002120e-03  6.08857000e-03 -1.69703000e+00
 2.22453743e-03  6.37647000e-03 -1.69703000e+00
 2.30370993e-03  6.68234000e-03 -1.69702000e+00
 2.38739740e-03  7.00565000e-03 -1.69702000e+00
 2.47530582e-03  7.34525000e-03 -1.69701000e+00
 2.56701151e-03  7.69951000e-03 -1.69701000e+00
 2.66200698e-03  8.06647000e-03 -1.69700000e+00
 2.75975771e-03  8.44405000e-03 -1.69700000e+00
 2.85975497e-03  8.83029000e-03 -1.69699000e+00
 2.96155359e-03  9.22347000e-03 -1.69698000e+00
 3.06479067e-03  9.62220000e-03 -1.69698000e+00
 3.16918812e-03  1.00254000e-02 -1.69697000e+00
 3.27454451e-03  1.04323000e-02 -1.69696000e+00
 3.38072192e-03  1.08423000e-02 -1.69696000e+00
 3.48763180e-03  1.12551000e-02 -1.69695000e+00
 3.59522221e-03  1.16706000e-02 -1.69694000e+00
 3.70346742e-03  1.20885000e-02 -1.69693000e+00
 3.81235994e-03  1.25090000e-02 -1.69692000e+00
 3.92190472e-03  1.29319000e-02 -1.69691000e+00
 4.03211513e-03  1.33574000e-02 -1.69690000e+00
 4.14301021e-03  1.37855000e-02 -1.69689000e+00
 4.25461293e-03  1.42164000e-02 -1.69688000e+00
 4.36694904e-03  1.46500000e-02 -1.69687000e+00
 4.48004639e-03  1.50866000e-02 -1.69686000e+00
 4.59393460e-03  1.55261000e-02 -1.69685000e+00
 4.70864482e-03  1.59689000e-02 -1.69683000e+00
 4.82420966e-03  1.64149000e-02 -1.69682000e+00
 4.94066321e-03  1.68643000e-02 -1.69681000e+00
 5.05804105e-03  1.73173000e-02 -1.69680000e+00
 5.17638031e-03  1.77740000e-02 -1.69678000e+00
 5.29571983e-03  1.82345000e-02 -1.69677000e+00
 5.41610019e-03  1.86990000e-02 -1.69675000e+00
 5.53756386e-03  1.91676000e-02 -1.69674000e+00
 5.66015534e-03  1.96406000e-02 -1.69672000e+00
 5.78392131e-03  2.01180000e-02 -1.69671000e+00
 5.90891075e-03  2.06002000e-02 -1.69669000e+00
 6.03517518e-03  2.10873000e-02 -1.69667000e+00
 6.16276876e-03  2.15794000e-02 -1.69665000e+00
 6.29174858e-03  2.20769000e-02 -1.69664000e+00
 6.42217485e-03  2.25799000e-02 -1.69662000e+00
 6.55411115e-03  2.30887000e-02 -1.69660000e+00
 6.68762470e-03  2.36036000e-02 -1.69658000e+00
 6.82278671e-03  2.41247000e-02 -1.69656000e+00
 6.95967263e-03  2.46525000e-02 -1.69653000e+00
 7.09836261e-03  2.51872000e-02 -1.69651000e+00
 7.23894186e-03  2.57292000e-02 -1.69649000e+00
 7.38150112e-03  2.62787000e-02 -1.69646000e+00
 7.52613719e-03  2.68363000e-02 -1.69644000e+00
 7.67295348e-03  2.74021000e-02 -1.69641000e+00
 7.82206067e-03  2.79768000e-02 -1.69639000e+00
 7.97357742e-03  2.85607000e-02 -1.69636000e+00
 8.12763120e-03  2.91543000e-02 -1.69633000e+00
 8.28435921e-03  2.97581000e-02 -1.69630000e+00
 8.44390941e-03  3.03728000e-02 -1.69627000e+00
 8.60644172e-03  3.09989000e-02 -1.69624000e+00
 8.77212942e-03  3.16372000e-02 -1.69620000e+00
 8.94116064e-03  3.22882000e-02 -1.69617000e+00
 9.11374022e-03  3.29528000e-02 -1.69613000e+00
 9.29009177e-03  3.36319000e-02 -1.69609000e+00
 9.47046008e-03  3.43263000e-02 -1.69605000e+00
 9.65511394e-03  3.50372000e-02 -1.69601000e+00
 9.84434947e-03  3.57656000e-02 -1.69597000e+00
 1.00384940e-02  3.65128000e-02 -1.69592000e+00
 1.02379107e-02  3.72802000e-02 -1.69588000e+00
 1.04430042e-02  3.80694000e-02 -1.69583000e+00
 1.06542269e-02  3.88820000e-02 -1.69578000e+00
 1.08720875e-02  3.97200000e-02 -1.69572000e+00
 1.10971604e-02  4.05856000e-02 -1.69566000e+00
 1.13300977e-02  4.14813000e-02 -1.69560000e+00
 1.15716445e-02  4.24100000e-02 -1.69554000e+00
 1.18226572e-02  4.33748000e-02 -1.69547000e+00
 1.20841274e-02  4.43797000e-02 -1.69539000e+00
 1.23572123e-02  4.54290000e-02 -1.69532000e+00
 1.26432737e-02  4.65279000e-02 -1.69523000e+00
 1.29439305e-02  4.76825000e-02 -1.69514000e+00
 1.32611279e-02  4.89004000e-02 -1.69504000e+00
 1.35972323e-02  5.01905000e-02 -1.69494000e+00
 1.39551639e-02  5.15639000e-02 -1.69482000e+00
 1.43385846e-02  5.30347000e-02 -1.69470000e+00
 1.47521755e-02  5.46206000e-02 -1.69455000e+00
 1.52020548e-02  5.63450000e-02 -1.69440000e+00
 1.56964376e-02  5.82391000e-02 -1.69422000e+00
 1.62467193e-02  6.03462000e-02 -1.69401000e+00
 1.68693632e-02  6.27290000e-02 -1.69377000e+00
 1.75894202e-02  6.54827000e-02 -1.69347000e+00
 1.84477075e-02  6.87622000e-02 -1.69311000e+00
 1.95172866e-02  7.28445000e-02 -1.69263000e+00
 2.09479695e-02  7.82973000e-02 -1.69195000e+00
 2.31167697e-02  8.65493000e-02 -1.69083000e+00
 2.72287043e-02  1.02132000e-01 -1.68840000e+00
 3.50569260e-02  1.31403000e-01 -1.68271000e+00
 4.41213515e-02  1.64670000e-01 -1.67443000e+00
 5.32254857e-02  1.97274000e-01 -1.66439000e+00
 6.23353858e-02  2.28931000e-01 -1.65270000e+00
 7.14518158e-02  2.59520000e-01 -1.63949000e+00
 8.05757410e-02  2.88936000e-01 -1.62488000e+00
 8.97081327e-02  3.17093000e-01 -1.60901000e+00
 9.88499681e-02  3.43923000e-01 -1.59201000e+00
 1.08002231e-01  3.69376000e-01 -1.57402000e+00
 1.17165913e-01  3.93417000e-01 -1.55519000e+00
 1.26342013e-01  4.16029000e-01 -1.53565000e+00
 1.35531541e-01  4.37210000e-01 -1.51554000e+00
 1.44735513e-01  4.56971000e-01 -1.49498000e+00
 1.53954959e-01  4.75334000e-01 -1.47409000e+00
 1.63190919e-01  4.92334000e-01 -1.45299000e+00
 1.72444445e-01  5.08012000e-01 -1.43177000e+00
 1.81716602e-01  5.22417000e-01 -1.41054000e+00
 1.91008470e-01  5.35604000e-01 -1.38937000e+00
 2.00321142e-01  5.47631000e-01 -1.36834000e+00
 2.09655727e-01  5.58560000e-01 -1.34751000e+00
 2.19013352e-01  5.68455000e-01 -1.32695000e+00
 2.28395161e-01  5.77379000e-01 -1.30669000e+00
 2.37802317e-01  5.85397000e-01 -1.28677000e+00
 2.47236001e-01  5.92571000e-01 -1.26724000e+00
 2.56697418e-01  5.98964000e-01 -1.24812000e+00
 2.66187793e-01  6.04634000e-01 -1.22942000e+00
 2.75708375e-01  6.09640000e-01 -1.21117000e+00
 2.85260436e-01  6.14036000e-01 -1.19337000e+00
 2.94845277e-01  6.17876000e-01 -1.17602000e+00
 3.04464222e-01  6.21207000e-01 -1.15914000e+00
 3.14118628e-01  6.24078000e-01 -1.14271000e+00
 3.23809879e-01  6.26531000e-01 -1.12675000e+00
 3.33539392e-01  6.28608000e-01 -1.11123000e+00
 3.43308617e-01  6.30346000e-01 -1.09615000e+00
 3.53119039e-01  6.31781000e-01 -1.08151000e+00
 3.62972179e-01  6.32945000e-01 -1.06729000e+00
 3.72869599e-01  6.33870000e-01 -1.05348000e+00
 3.82812899e-01  6.34582000e-01 -1.04007000e+00
 3.92803724e-01  6.35107000e-01 -1.02705000e+00
 4.02843762e-01  6.35469000e-01 -1.01439000e+00
 4.12934749e-01  6.35690000e-01 -1.00209000e+00
 4.23078472e-01  6.35788000e-01 -9.90129000e-01
 4.33276769e-01  6.35782000e-01 -9.78498000e-01
 4.43531532e-01  6.35687000e-01 -9.67180000e-01
 4.53844714e-01  6.35520000e-01 -9.56161000e-01
 4.64218326e-01  6.35292000e-01 -9.45427000e-01
 4.74654444e-01  6.35017000e-01 -9.34963000e-01
 4.85155212e-01  6.34705000e-01 -9.24757000e-01
 4.95722845e-01  6.34365000e-01 -9.14793000e-01
 5.06359633e-01  6.34007000e-01 -9.05060000e-01
 5.17067947e-01  6.33639000e-01 -8.95544000e-01
 5.27850238e-01  6.33266000e-01 -8.86233000e-01
 5.38709047e-01  6.32896000e-01 -8.77115000e-01
 5.49647009e-01  6.32534000e-01 -8.68177000e-01
 5.60666857e-01  6.32185000e-01 -8.59408000e-01
 5.71771427e-01  6.31852000e-01 -8.50797000e-01
 5.82963665e-01  6.31540000e-01 -8.42333000e-01
 5.94246636e-01  6.31251000e-01 -8.34006000e-01
 6.05623526e-01  6.30987000e-01 -8.25804000e-01
 6.17097652e-01  6.30752000e-01 -8.17719000e-01
 6.28672470e-01  6.30546000e-01 -8.09740000e-01
 6.40351585e-01  6.30371000e-01 -8.01859000e-01
 6.52138756e-01  6.30227000e-01 -7.94065000e-01
 6.64037909e-01  6.30116000e-01 -7.86351000e-01
 6.76053147e-01  6.30037000e-01 -7.78708000e-01
 6.88188763e-01  6.29991000e-01 -7.71127000e-01
 7.00449248e-01  6.29977000e-01 -7.63600000e-01
 7.12839309e-01  6.29995000e-01 -7.56120000e-01
 7.25363882e-01  6.30044000e-01 -7.48679000e-01
 7.38028144e-01  6.30124000e-01 -7.41269000e-01
 7.50837538e-01  6.30232000e-01 -7.33883000e-01
 7.63797784e-01  6.30368000e-01 -7.26514000e-01
 7.76914902e-01  6.30529000e-01 -7.19154000e-01
 7.90195236e-01  6.30715000e-01 -7.11798000e-01
 8.03645473e-01  6.30924000e-01 -7.04437000e-01
 8.17272674e-01  6.31153000e-01 -6.97066000e-01
 8.31084301e-01  6.31400000e-01 -6.89678000e-01
 8.45088246e-01  6.31662000e-01 -6.82267000e-01
 8.59292868e-01  6.31938000e-01 -6.74825000e-01
 8.73707033e-01  6.32223000e-01 -6.67347000e-01
 8.88340149e-01  6.32517000e-01 -6.59826000e-01
 9.03202217e-01  6.32814000e-01 -6.52255000e-01
 9.18303883e-01  6.33112000e-01 -6.44629000e-01
 9.33656489e-01  6.33408000e-01 -6.36941000e-01
 9.49272139e-01  6.33698000e-01 -6.29184000e-01
 9.65163768e-01  6.33978000e-01 -6.21352000e-01
 9.81345217e-01  6.34243000e-01 -6.13437000e-01
 9.97831321e-01  6.34490000e-01 -6.05435000e-01
 1.01463801e+00  6.34714000e-01 -5.97336000e-01
 1.03178239e+00  6.34909000e-01 -5.89135000e-01
 1.04928292e+00  6.35071000e-01 -5.80824000e-01
 1.06715948e+00  6.35193000e-01 -5.72395000e-01
 1.08543357e+00  6.35271000e-01 -5.63842000e-01
 1.10412847e+00  6.35296000e-01 -5.55155000e-01
 1.12326944e+00  6.35263000e-01 -5.46327000e-01
 1.14288392e+00  6.35164000e-01 -5.37348000e-01
 1.16300182e+00  6.34991000e-01 -5.28211000e-01
 1.18365579e+00  6.34735000e-01 -5.18904000e-01
 1.20488152e+00  6.34386000e-01 -5.09420000e-01
 1.22671817e+00  6.33934000e-01 -4.99746000e-01
 1.24920879e+00  6.33369000e-01 -4.89872000e-01
 1.27240077e+00  6.32676000e-01 -4.79787000e-01
 1.29634648e+00  6.31843000e-01 -4.69479000e-01
 1.32110389e+00  6.30855000e-01 -4.58933000e-01
 1.34673734e+00  6.29695000e-01 -4.48138000e-01
 1.37331844e+00  6.28345000e-01 -4.37079000e-01
 1.40092706e+00  6.26783000e-01 -4.25740000e-01
 1.42965253e+00  6.24988000e-01 -4.14106000e-01
 1.45959494e+00  6.22933000e-01 -4.02161000e-01
 1.49086675e+00  6.20590000e-01 -3.89887000e-01
 1.52359444e+00  6.17926000e-01 -3.77268000e-01
 1.55792053e+00  6.14906000e-01 -3.64285000e-01
 1.59400563e+00  6.11490000e-01 -3.50922000e-01
 1.63203072e+00  6.07630000e-01 -3.37162000e-01
 1.67219935e+00  6.03278000e-01 -3.22992000e-01
 1.71473960e+00  5.98375000e-01 -3.08400000e-01
 1.75990544e+00  5.92860000e-01 -2.93380000e-01
 1.80797680e+00  5.86665000e-01 -2.77935000e-01
 1.85925745e+00  5.79719000e-01 -2.62077000e-01
 1.91406935e+00  5.71946000e-01 -2.45838000e-01
 1.97274189e+00  5.63276000e-01 -2.29265000e-01
 2.03559415e+00  5.53645000e-01 -2.12437000e-01
 2.10290907e+00  5.43005000e-01 -1.95461000e-01
 2.17489986e+00  5.31335000e-01 -1.78484000e-01
 2.25167238e+00  5.18655000e-01 -1.61683000e-01
 2.33319107e+00  5.05032000e-01 -1.45266000e-01
 2.41925956e+00  4.90583000e-01 -1.29452000e-01
 2.50952576e+00  4.75476000e-01 -1.14452000e-01
 2.60351518e+00  4.59915000e-01 -1.00448000e-01
 2.70068518e+00  4.44118000e-01 -8.75720000e-02
 2.80048567e+00  4.28299000e-01 -7.59013000e-02
 2.90241040e+00  4.12650000e-01 -6.54550000e-02
 3.00602955e+00  3.97330000e-01 -5.62051000e-02
 3.11100252e+00  3.82461000e-01 -4.80876000e-02
 3.21707527e+00  3.68130000e-01 -4.10160000e-02
 3.32406885e+00  3.54394000e-01 -3.48918000e-02
 3.43186460e+00  3.41283000e-01 -2.96131000e-02
 3.54038954e+00  3.28809000e-01 -2.50806000e-02
 3.64960387e+00  3.16968000e-01 -2.12006000e-02
 3.75949115e+00  3.05746000e-01 -1.78876000e-02
 3.87005092e+00  2.95122000e-01 -1.50648000e-02
 3.98129357e+00  2.85071000e-01 -1.26640000e-02
 4.09323674e+00  2.75562000e-01 -1.06257000e-02
 4.20590301e+00  2.66567000e-01 -8.89808000e-03
 4.31931842e+00  2.58056000e-01 -7.43618000e-03
 4.43351155e+00  2.49998000e-01 -6.20129000e-03
 4.54851301e+00  2.42364000e-01 -5.16005000e-03
 4.66435513e+00  2.35128000e-01 -4.28380000e-03
 4.78107187e+00  2.28262000e-01 -3.54789000e-03
 4.89869875e+00  2.21742000e-01 -2.93118000e-03
 5.01727293e+00  2.15544000e-01 -2.41555000e-03
 5.13683325e+00  2.09646000e-01 -1.98545000e-03
 5.25742034e+00  2.04029000e-01 -1.62757000e-03
 5.37907670e+00  1.98672000e-01 -1.33054000e-03
 5.50184689e+00  1.93558000e-01 -1.08467000e-03
 5.62577763e+00  1.88670000e-01 -8.81686000e-04
 5.75091796e+00  1.83993000e-01 -7.14566000e-04
 5.87731945e+00  1.79512000e-01 -5.77358000e-04
 6.00503636e+00  1.75214000e-01 -4.65029000e-04
 6.13412586e+00  1.71087000e-01 -3.73338000e-04
 6.26464825e+00  1.67120000e-01 -2.98723000e-04
 6.39666723e+00  1.63301000e-01 -2.38197000e-04
 6.53025018e+00  1.59622000e-01 -1.89269000e-04
 6.66546846e+00  1.56072000e-01 -1.49865000e-04
 6.80239775e+00  1.52644000e-01 -1.18264000e-04
 6.94111842e+00  1.49330000e-01 -9.30455000e-05
 7.08171599e+00  1.46123000e-01 -7.30344000e-05
 7.22428155e+00  1.43016000e-01 -5.72654000e-05
 7.36891231e+00  1.40003000e-01 -4.49444000e-05
 7.51571221e+00  1.37077000e-01 -3.54190000e-05
 7.66479252e+00  1.34235000e-01 -2.81525000e-05
 7.81627263e+00  1.31470000e-01 -2.27024000e-05
 7.97028087e+00  1.28778000e-01 -1.87026000e-05
 8.12695547e+00  1.26155000e-01 -1.58491000e-05
 8.28644562e+00  1.23597000e-01 -1.38878000e-05
 8.44891275e+00  1.21099000e-01 -1.26053000e-05
 8.61453188e+00  1.18657000e-01 -1.18223000e-05
 8.78349328e+00  1.16270000e-01 -1.13882000e-05
 8.95600434e+00  1.13932000e-01 -1.11775000e-05
 9.13229174e+00  1.11641000e-01 -1.10870000e-05
 9.31260397e+00  1.09394000e-01 -1.10343000e-05
 9.49721432e+00  1.07188000e-01 -1.09563000e-05
 9.68642433e+00  1.05020000e-01 -1.08038000e-05
 9.88056796e+00  1.02889000e-01 -1.04808000e-05
 1.00000000e+01  1.01602000e-01 -1.01097000e-05
