                    -14.5                  20.8006                   -1.3173                   20.8085                   -1.1213                   21.2195                  -1.23854 
                      -14                  19.0696                  -1.12957                   19.2876                 -0.999134                   19.5687                  -1.08588 
                    -13.5                  19.1878                  -1.31746                   19.3745                  -1.15978                   19.6789                  -1.26474 
                      -13                  19.3087                  -1.54939                    19.456                  -1.36642                   19.7897                  -1.49059 
                 -12.4873                   19.497                  -1.69082                   19.6026                  -1.51359                     19.97                  -1.63861 
                 -12.0115                  19.6234                  -1.70467                   19.7045                  -1.53079                   20.0965                  -1.65525 
                 -11.1556                  19.7286                  -1.78892                   19.7651                   -1.6155                   20.2018                  -1.74263 
                 -10.7692                  19.7744                  -1.80009                   19.7858                  -1.63745                   20.2475                   -1.7603 
                 -10.4069                   19.799                  -1.79216                   19.7919                  -1.64245                   20.2763                  -1.76055 
                 -10.0665                  19.8001                  -1.77459                   19.7794                  -1.64028                   20.2872                  -1.75162 
                 -9.43365                  19.7319                  -1.70048                   19.6913                  -1.58885                   20.2453                  -1.68354 
                 -9.32935                  19.7012                  -1.68691                   19.6568                   -1.5789                   20.2217                  -1.66841 
                 -9.22765                  19.6722                  -1.67773                   19.6232                   -1.5726                   20.1966                  -1.65536 
                  -9.1579                  19.6532                  -1.67168                   19.5995                   -1.5683                   20.1785                  -1.64599 
                 -9.12842                  19.6521                  -1.66889                   19.5892                  -1.56622                   20.1723                  -1.64169 
                 -9.03152                  19.6097                  -1.64308                   19.5533                  -1.55804                   20.1393                  -1.62177 
                 -8.93683                  19.5743                  -1.64438                   19.5138                  -1.54813                   20.1043                  -1.60723 
                 -8.88742                  19.5655                  -1.63926                    19.491                  -1.54225                   20.0847                  -1.59675 
                 -8.84423                  19.5521                  -1.62966                   19.4699                  -1.53686                   20.0655                  -1.58711 
                 -8.75362                  19.5419                  -1.61675                    19.422                  -1.52402                   20.0199                  -1.56533 
                 -8.66488                  20.2318                  -1.59731                   19.3688                  -1.50857                   19.9669                  -1.54138 
                 -8.63095                  19.3047                 -0.841836                   19.3461                  -1.50157                   19.9438                  -1.53135 
                 -8.57792                  18.9978                  -1.57356                   19.3073                  -1.48978                   19.9034                  -1.51511 
                 -8.49265                  19.2001                  -1.54889                   19.2348                  -1.46986                   19.8274                  -1.48974 
                 -8.40898                  19.1426                  -1.52704                   19.1507                  -1.45262                   19.7388                  -1.46901 
                 -8.38739                  19.1213                  -1.52165                   19.1263                   -1.4484                   19.7127                  -1.46423 
                 -8.32683                  19.0548                   -1.5092                   19.0539                  -1.43845                   19.6363                  -1.45404 
                 -8.24612                  18.9488                  -1.49846                   18.9452                  -1.43029                   19.5224                  -1.44738 
                 -8.16678                  18.8273                  -1.49894                    18.824                  -1.43179                   19.3968                  -1.45229 
                 -8.15576                  18.8071                  -1.49916                   18.8042                  -1.43223                   19.3763                  -1.45328 
                 -8.08874                  18.6908                  -1.51385                   18.6904                  -1.44694                   19.2581                  -1.47171 
                 -8.01192                  18.5505                  -1.54484                   18.5546                  -1.47642                   19.1165                  -1.50822 
                 -7.93627                  18.4071                  -1.58605                   18.4141                  -1.51383                   18.9735                  -1.55661 
                 -7.93517                  18.4034                  -1.58558                   18.4114                  -1.51354                   18.9696                  -1.55639 
                 -7.86173                  18.2564                   -1.6324                   18.2716                  -1.55635                   18.8238                  -1.61188 
                 -7.78823                  18.0931                  -1.68624                   18.1149                  -1.60348                   18.6655                  -1.67609 
                 -7.72481                  17.9339                  -1.74456                   17.9643                  -1.65424                   18.5162                  -1.74238 
                 -7.71573                  17.9091                  -1.75133                   17.9399                  -1.65964                   18.4876                  -1.74983 
                 -7.64417                  17.6969                  -1.84175                   17.7342                  -1.73853                   18.2916                  -1.85461 
                 -7.57349                  17.4748                  -1.99096                   17.5222                  -1.87422                   18.0809                  -1.99976 
                 -7.52396                  17.3256                  -2.11877                   17.3826                  -1.98906                   17.9347                  -2.13176 
                 -7.50366                  17.2679                  -2.17671                   17.3275                  -2.03966                   17.8789                  -2.19137 
                 -7.43462                  17.0844                  -2.38986                   17.1543                  -2.22627                   17.7014                  -2.41333 
                 -7.36633                  16.9152                  -2.61657                   16.9955                  -2.42051                   17.5445                  -2.65318 
                 -7.33195                   16.833                   -2.7378                   16.9186                  -2.52074                   17.4615                  -2.77645 
                 -7.29874                  16.7546                  -2.86034                   16.8426                  -2.61864                   17.3891                  -2.91077 
                 -7.23182                  16.5987                  -3.11998                   16.6896                  -2.82441                   17.2521                  -3.18626 
                 -7.16553                  16.4399                  -3.39464                    16.504                  -3.02754                   17.1063                  -3.47663 
                 -7.14818                  16.4013                  -3.47877                   16.4624                   -3.0972                   17.0827                  -3.56813 
                 -7.09982                  16.2965                  -3.69927                   16.3373                  -3.26579                   16.9774                  -3.79123 
                 -7.03465                  16.1416                  -4.01082                   16.1365                  -3.51097                   16.8437                  -4.14943 
                 -6.97211                  15.9751                    -4.339                   15.9188                  -3.76907                    16.692                  -4.51132 
                    -6.97                  15.9665                  -4.35472                   15.9031                  -3.78237                   16.6927                  -4.53077 
                 -6.90582                   15.754                  -4.73364                   15.6078                  -4.09861                   16.5308                   -4.9603 
                 -6.84209                  15.4864                  -5.18869                   15.2742                  -4.49205                   16.3515                   -5.4871 
                 -6.80324                  15.2915                  -5.53729                   15.0379                  -4.78329                   16.1899                  -5.85119 
                 -6.77876                  15.1547                  -5.79451                   14.8649                  -4.99529                   16.0791                  -6.15218 
                  -6.7158                   14.829                  -6.60538                   14.3979                  -5.66301                   15.8753                  -7.07272 
                 -6.65318                  14.5322                  -7.69968                   13.8858                  -6.60554                   15.8213                  -8.33215 
                 -6.64111                  14.4251                  -7.94102                     13.78                  -6.82256                   15.8679                  -8.61706 
                 -6.59088                  14.2877                  -9.28456                   13.3714                  -7.90403                   16.0871                  -9.89642 
                 -6.52885                  14.5706                  -11.4433                   12.9604                  -9.80401                   16.8759                  -11.9203 
                  -6.4853                  15.3947                  -13.3431                   12.9647                  -11.6912                   18.2957                  -13.5535 
                 -6.46708                   16.048                   -14.165                   13.1798                  -12.6482                    19.196                  -14.0819 
                 -6.40552                  19.5017                  -16.3172                    15.181                  -16.2211                   22.9373                  -14.7807 
                 -6.34415                   23.889                  -15.9118                   19.7898                  -18.3814                   26.3519                  -13.1075 
                 -6.33542                  24.4607                   -15.566                    20.638                  -18.3501                   26.6953                  -12.6742 
                 -6.28295                  26.8127                  -13.4255                   24.7148                  -17.2187                   27.9452                   -10.432 
                 -6.22187                  28.0081                  -10.7835                   27.6444                   -14.348                   28.2665                  -8.18755 
                 -6.19111                  28.1979                  -9.60471                   28.4121                  -12.8087                   28.1927                  -7.27788 
                  -6.1609                   28.215                  -8.57417                   28.8188                  -11.3699                   28.0383                  -6.50363 
                 -6.05206                  27.6329                  -5.94867                   28.6995                  -7.55136                   27.2459                  -4.58371 
                 -5.91795                   26.585                  -4.18642                   27.5314                  -5.02798                   26.2483                  -3.30983 
                  -5.8391                  26.0402                  -3.54883                    26.878                  -4.15536                   25.7594                  -2.84653 
                 -5.78851                  25.7276                  -3.23334                   26.5002                  -3.73337                   25.4832                  -2.61553 
                 -5.77813                  25.6648                  -3.17501                   26.4246                  -3.65645                     25.43                  -2.57301 
                 -5.71705                  25.3273                  -2.87948                   26.0182                  -3.26968                   25.1312                  -2.35161 
                 -5.66348                  25.0593                  -2.66617                   25.6971                  -2.99588                   24.8967                  -2.19813 
                 -5.65585                  25.0225                   -2.6384                   25.6535                  -2.96047                   24.8653                  -2.17752 
                 -5.59448                  24.7482                  -2.43964                   25.3276                  -2.70857                   24.6261                  -2.02972 
                 -5.54261                  24.5362                  -2.29699                   25.0764                  -2.52994                   24.4418                  -1.92428 
                 -5.53292                  24.4976                  -2.27223                   25.0313                  -2.49941                   24.4087                  -1.90578 
                 -5.47115                  24.2684                  -2.13182                   24.7629                   -2.3259                   24.2088                  -1.79997 
                 -5.42569                  24.1118                   -2.0424                   24.5794                  -2.21615                    24.072                  -1.73309 
                 -5.40912                   24.057                  -2.01237                   24.5161                  -2.18005                   24.0241                  -1.71053 
                 -5.34682                  23.8632                  -1.91054                   24.2919                  -2.05635                   23.8545                  -1.63402 
                 -5.31251                  23.7628                  -1.86033                    24.176                  -1.99627                   23.7663                    -1.596 
                  -5.2842                  23.6827                  -1.82175                   24.0844                  -1.95034                   23.6958                  -1.56696 
                 -5.22124                  23.5149                  -1.74523                   23.8929                   -1.8592                   23.5477                  -1.50926 
                 -5.20286                   23.468                  -1.72468                   23.8395                  -1.83493                   23.5059                  -1.49369 
                 -5.15791                  23.3569                  -1.67789                    23.714                  -1.78008                   23.4069                  -1.45904 
                 -5.09658                  23.2142                  -1.62194                   23.5556                  -1.71411                   23.2806                  -1.41836 
                 -5.09418                  23.2085                  -1.61972                   23.5486                  -1.71138                    23.276                  -1.41672 
                    -5.03                  23.0686                  -1.56838                   23.3958                  -1.65114                   23.1487                  -1.37777 
                 -4.99349                  22.9899                  -1.54119                   23.3131                  -1.61435                   23.0817                  -1.36158 
                 -4.96535                  22.9333                  -1.52397                   23.2381                  -1.58661                   23.0318                  -1.34751 
                 -4.90018                  22.8058                  -1.48365                   23.0927                  -1.55286                   22.9183                  -1.31867 
                 -4.89344                  22.7919                  -1.47975                   23.0793                  -1.54823                   22.9063                  -1.31579 
                 -4.83447                  22.6808                   -1.4512                   22.9578                  -1.51339                   22.8074                  -1.29499 
                 -4.79628                  22.6113                  -1.43507                   22.8811                  -1.49436                   22.7441                  -1.28334 
                 -4.76818                   22.561                  -1.42453                   22.8269                  -1.48209                   22.6996                  -1.27688 
                 -4.70186                  22.4496                  -1.40443                   22.7048                  -1.45635                   22.5976                  -1.26314 
                 -4.70126                  22.4476                  -1.40398                   22.7026                  -1.45586                   22.5968                  -1.26285 
                 -4.63367                  22.3364                   -1.3887                   22.5812                  -1.43649                   22.4957                  -1.25319 
                 -4.61007                  22.2996                  -1.38498                   22.5408                  -1.43137                    22.463                   -1.2527 
                 -4.56538                  22.2325                  -1.37858                   22.4668                  -1.42267                   22.4024                  -1.24942 
                 -4.52077                  22.1669                  -1.37327                   22.3951                  -1.41604                   22.3432                  -1.24799 
                 -4.49634                  22.1326                  -1.37148                   22.3575                  -1.41345                    22.311                  -1.24743 
                 -4.43386                  22.0462                  -1.36625                   22.2648                  -1.40707                   22.2315                  -1.24818 
                 -4.42651                  22.0352                  -1.36572                   22.2531                  -1.40618                   22.2216                  -1.24829 
                 -4.35583                  21.9418                  -1.36612                    22.152                  -1.40359                   22.1363                  -1.25347 
                 -4.34922                  21.9332                  -1.36597                   22.1422                  -1.40315                   22.1283                  -1.25383 
                 -4.28427                   21.852                  -1.36748                    22.053                  -1.40364                   22.0539                  -1.26016 
                 -4.26676                  21.8299                   -1.3678                   22.0297                   -1.4042                    22.034                  -1.26175 
                 -4.21177                  21.7622                  -1.37116                   21.9576                  -1.40634                   21.9721                  -1.26809 
                 -4.18637                  21.7311                   -1.3734                   21.9241                  -1.40803                   21.9433                   -1.2717 
                 -4.13827                  21.6718                   -1.3789                   21.8593                  -1.41272                     21.89                  -1.28016 
                 -4.10798                  21.6368                  -1.38541                   21.8225                  -1.42013                   21.8564                  -1.28651 
                 -4.06373                  21.5864                  -1.39358                   21.7706                  -1.42768                   21.8107                  -1.29808 
                 -4.03149                  21.5514                  -1.40155                   21.7326                  -1.43379                   21.7775                  -1.30555 
                 -3.98808                  21.5047                  -1.41123                   21.6825                  -1.44322                   21.7326                  -1.31733 
                 -3.95682                  21.4725                  -1.41987                   21.6472                  -1.45043                   21.7004                  -1.32694 
                 -3.91126                  21.4319                  -1.43148                    21.595                  -1.46106                   21.6554                  -1.34285 
                  -3.8839                   21.399                  -1.43285                   21.5613                  -1.46879                   21.6294                  -1.35296 
                 -3.83322                  21.3419                  -1.45053                   21.5074                  -1.48989                   21.5822                  -1.37186 
                 -3.81266                  21.3191                   -1.4575                   21.4868                  -1.49679                   21.5623                  -1.37977 
                 -3.75388                  21.2585                  -1.48275                   21.4252                  -1.51808                   21.5091                  -1.40604 
                 -3.74303                  21.2457                   -1.4872                   21.4127                  -1.52233                   21.4992                  -1.41072 
                 -3.67493                  21.1799                   -1.5261                   21.3435                  -1.55647                   21.4412                  -1.44445 
                 -3.67317                  21.1799                   -1.5267                   21.3424                    -1.557                   21.4392                  -1.44486 
                 -3.60832                  21.1272                  -1.56287                   21.2855                   -1.5925                   21.3856                  -1.48118 
                 -3.59102                   21.115                  -1.57321                   21.2715                  -1.60182                   21.3728                  -1.49124 
                 -3.54313                  21.0813                   -1.5998                   21.2319                  -1.62799                   21.3361                  -1.51947 
                 -3.50735                   21.049                  -1.61712                      21.2                  -1.64763                   21.3095                   -1.5421 
                 -3.47931                  21.0292                  -1.63895                   21.1782                  -1.66719                   21.2893                  -1.56108 
                 -3.42208                  20.9957                  -1.67601                   21.1388                  -1.70438                   21.2516                  -1.60104 
                  -3.4168                  20.9926                  -1.67919                   21.1362                  -1.70781                    21.248                  -1.60489 
                 -3.35556                  20.9587                  -1.71889                   21.0971                  -1.74578                   21.2153                  -1.65179 
                 -3.33512                  20.9519                  -1.73178                   21.0864                  -1.75936                   21.2056                  -1.66665 
                 -3.29554                  20.9252                  -1.75157                    21.061                  -1.78284                   21.1887                  -1.69655 
                 -3.24638                  20.9103                  -1.79223                   21.0342                  -1.81817                   21.1705                  -1.73154 
                 -3.23669                  20.9045                  -1.79571                   21.0294                  -1.82468                   21.1673                  -1.73844 
                 -3.17897                  20.8818                  -1.83357                   21.0036                  -1.86435                   21.1484                  -1.77901 
                 -3.15577                   20.875                  -1.84655                   20.9945                  -1.87971                   21.1413                  -1.79496 
                 -3.12233                  20.8647                  -1.86647                   20.9821                  -1.90176                   21.1331                  -1.81924 
                 -3.06675                  20.8479                  -1.89542                   20.9628                  -1.93666                   21.1216                  -1.85554 
                 -3.06317                  20.8479                  -1.89757                   20.9625                  -1.93908                   21.1219                  -1.85802 
                 -3.01217                  20.8362                  -1.92402                    20.947                  -1.96886                   21.1121                  -1.88969 
                 -2.96848                  20.8099                   -1.9391                   20.9339                  -1.99435                   21.1062                  -1.91707 
                 -2.95857                  20.8087                  -1.94854                   20.9322                  -2.00018                   21.1064                  -1.92301 
                 -2.90592                  20.7936                  -1.97885                   20.9147                  -2.02753                   21.0972                  -1.95133 
                 -2.87158                  20.8001                  -2.00507                   20.9089                  -2.05039                   21.0966                  -1.97376 
                 -2.85416                  20.7909                  -2.00527                   20.9031                  -2.05768                   21.0957                  -1.98177 
                 -2.80329                  20.7714                    -2.037                    20.888                  -2.08801                   21.0911                  -2.00855 
                 -2.77235                  20.7673                  -2.05625                   20.8815                  -2.10657                   21.0851                  -2.02251 
                 -2.75326                  20.7648                  -2.06626                   20.8766                  -2.11726                   21.0848                  -2.03498 
                 -2.70405                  20.7516                  -2.09245                   20.8654                  -2.14755                   21.0821                  -2.06039 
                 -2.67065                  20.7545                  -2.11721                   20.8622                  -2.16931                   21.0823                  -2.07782 
                 -2.65563                  20.7518                  -2.12175                   20.8598                   -2.1772                   21.0846                  -2.08513 
                 -2.60798                  20.7441                  -2.14859                   20.8525                  -2.20545                   21.0813                  -2.10448 
                 -2.56635                  20.7386                  -2.17084                   20.8491                  -2.23054                   21.0787                  -2.12219 
                 -2.56106                  20.7394                  -2.17438                   20.8495                  -2.23363                   21.0798                   -2.1246 
                 -2.51485                  20.7373                   -2.1991                   20.8448                  -2.25805                   21.0735                  -2.14372 
                 -2.46934                    20.74                  -2.22447                   20.8406                   -2.2847                   21.0674                  -2.16555 
                 -2.45929                  20.7411                  -2.22815                   20.8416                  -2.29106                   21.0689                  -2.17132 
                 -2.42449                  20.7363                  -2.24279                   20.8409                  -2.30895                   21.0664                  -2.18622 
                 -2.38029                  20.7367                  -2.26798                   20.8396                  -2.33312                   21.0619                  -2.20822 
                  -2.3493                  20.7391                  -2.28088                   20.8396                  -2.34985                   21.0584                  -2.22411 
                 -2.33671                  20.7333                  -2.28548                   20.8396                  -2.35656                   21.0576                  -2.23172 
                 -2.29374                  20.7391                  -2.31569                   20.8409                  -2.37956                   21.0586                  -2.25653 
                 -2.25136                  20.7406                  -2.32939                   20.8411                  -2.40048                   21.0611                  -2.27906 
                 -2.23622                   20.741                  -2.33868                   20.8406                  -2.40884                   21.0609                  -2.28657 
                 -2.20954                  20.7467                  -2.35256                   20.8434                  -2.42421                   21.0617                  -2.30199 
                 -2.16827                   20.748                  -2.36888                   20.8445                  -2.44423                   21.0672                  -2.32558 
                 -2.12754                   20.753                  -2.39177                   20.8459                  -2.46834                   21.0718                  -2.34581 
                 -2.11985                  20.7547                  -2.39537                   20.8478                  -2.47355                   21.0718                  -2.35019 
                 -2.08732                  20.7587                  -2.41143                   20.8525                  -2.49146                   21.0768                  -2.36952 
                 -2.04759                   20.767                  -2.43342                   20.8607                  -2.51548                   21.0848                  -2.39245 
                 -2.00836                   20.779                  -2.45482                   20.8777                  -2.53812                   21.0942                  -2.41698 
                       -2                   20.785                  -2.46038                   20.8783                  -2.54014                   21.1043                  -2.42436 
                 -1.96959                  20.8016                  -2.47245                   20.8866                  -2.55647                   21.1201                    -2.432 
                 -1.93127                  20.8218                  -2.48579                    20.902                  -2.57345                   21.1314                  -2.44575 
                  -1.8934                   20.857                  -2.49781                   20.9238                    -2.589                   21.1502                  -2.46152 
                 -1.85595                   20.942                  -2.49101                   20.9517                   -2.5952                   21.1695                    -2.469 
                 -1.81892                   20.846                  -2.38649                   20.9586                  -2.58639                   21.1927                  -2.47459 
                 -1.78229                  20.9008                  -2.48171                   20.9792                  -2.59472                    21.209                  -2.46913 
                 -1.74604                  20.8313                  -2.37889                    20.984                  -2.57877                    21.223                  -2.46571 
                 -1.71018                  20.8304                  -2.47011                   20.9902                   -2.5802                   21.2368                  -2.45777 
                 -1.67467                  20.8614                  -2.45701                   20.9944                   -2.5716                   21.2412                  -2.44471 
                 -1.63953                  20.8709                   -2.4541                   20.9945                   -2.5661                   21.2412                  -2.43545 
                 -1.60472                  20.8683                  -2.44007                   20.9903                  -2.55964                   21.2366                  -2.42559 
                 -1.57025                  20.8598                  -2.43496                   20.9836                  -2.55629                   21.2263                  -2.41853 
                  -1.5361                    20.85                  -2.43079                   20.9755                  -2.55441                   21.2155                  -2.41655 
                 -1.50226                    20.84                  -2.42941                   20.9694                  -2.55477                    21.206                  -2.41594 
                 -1.46873                  20.8277                  -2.42766                   20.9585                  -2.55194                   21.1931                  -2.41446 
                 -1.43549                   20.809                  -2.42778                   20.9424                  -2.55315                   21.1699                  -2.41531 
                 -1.40253                  20.7902                  -2.43571                   20.9254                  -2.55998                   21.1477                  -2.42946 
                 -1.36985                  20.7742                  -2.44759                   20.9135                  -2.57175                   21.1396                   -2.4502 
                 -1.33744                  20.7623                  -2.46236                   20.9015                  -2.58179                   21.1296                  -2.46349 
                 -1.30528                  20.7501                  -2.47729                   20.8874                  -2.59499                   21.1242                  -2.48377 
                 -1.27337                  20.7598                  -2.49851                   20.8832                  -2.61345                   21.1215                   -2.4996 
                 -1.24171                  20.7482                  -2.49168                   20.8752                  -2.62266                   21.1184                  -2.51465 
                 -1.21028                  20.7257                  -2.50401                   20.8632                  -2.63647                   21.1113                  -2.52821 
                 -1.17908                  20.7127                  -2.52316                   20.8535                  -2.65323                   21.1045                  -2.54608 
                  -1.1481                  20.6898                  -2.53936                   20.8509                  -2.67051                   21.1016                   -2.5647 
                 -1.11733                   20.695                  -2.57752                   20.8371                  -2.67873                   21.0959                  -2.58015 
                 -1.08676                   20.748                   -2.5908                   20.8199                   -2.6979                   21.0822                  -2.59786 
                 -1.05639                  20.6422                  -2.52434                   20.8073                  -2.72062                   21.0683                  -2.62584 
                 -1.02622                  20.6094                  -2.63202                   20.7833                  -2.74224                   21.0663                  -2.66144 
                -0.996228                   20.653                  -2.67173                   20.7712                  -2.78345                   21.0704                  -2.69292 
                -0.966415                  20.6021                  -2.66532                   20.7583                  -2.81847                   21.0597                  -2.72141 
                -0.936774                  20.5969                  -2.75344                   20.7537                  -2.86734                   21.0635                  -2.77192 
                -0.907299                  20.6133                  -2.79752                   20.7541                  -2.91424                   21.0761                  -2.81502 
                -0.877984                  20.6318                  -2.85031                   20.7582                  -2.96711                   21.0831                  -2.86007 
                -0.848822                   20.647                  -2.89366                   20.7736                  -3.02547                   21.1067                  -2.91935 
                -0.819808                  20.6693                  -2.94802                   20.8004                  -3.08287                   21.1435                  -2.97205 
                -0.790936                  20.6982                  -2.99997                   20.8307                   -3.1372                   21.1818                  -3.02185 
                  -0.7622                  20.7439                  -3.05738                   20.8751                  -3.19626                   21.2408                  -3.07813 
                -0.733595                  20.8051                  -3.10467                    20.934                  -3.24811                   21.3118                  -3.11919 
                -0.705116                  20.8696                   -3.1398                   21.0044                   -3.2909                   21.4006                  -3.15317 
                -0.676756                  20.9338                  -3.16894                   21.0728                  -3.31989                   21.4676                  -3.15921 
                -0.648511                  21.0076                  -3.19769                   21.1506                  -3.34967                   21.5615                  -3.18869 
                -0.620375                   21.103                  -3.21862                    21.243                  -3.36771                    21.661                  -3.18294 
                -0.592344                   21.207                  -3.21443                   21.3449                  -3.36785                   21.7862                  -3.17478 
                -0.564412                  21.2999                  -3.18801                   21.4376                  -3.34519                   21.8857                    -3.114 
                -0.536574                  21.3877                  -3.15417                   21.5279                  -3.31642                   21.9744                  -3.06142 
                -0.508825                  21.4689                  -3.10794                   21.6178                  -3.27378                   22.0657                  -2.99303 
                 -0.48116                  21.5537                  -3.05711                   21.7045                  -3.21795                   22.1476                  -2.90744 
                -0.453576                  21.6405                   -2.9881                   21.7851                  -3.14788                    22.213                  -2.80874 
                -0.426066                  21.7114                  -2.89838                   21.8536                  -3.06432                   22.2653                    -2.705 
                -0.398626                  21.7598                  -2.80103                   21.9088                  -2.97311                   22.3109                  -2.59552 
                -0.371251                    21.81                  -2.70781                   21.9586                  -2.87743                   22.3421                  -2.47475 
                -0.343937                   21.845                  -2.59458                   21.9908                    -2.769                   22.3551                   -2.3495 
                 -0.31668                  21.8606                  -2.48104                   22.0173                  -2.66326                   22.3695                  -2.22497 
                -0.289473                  21.8731                  -2.36905                   22.0248                  -2.54415                   22.3323                  -2.07303 
                -0.262314                   21.859                  -2.24382                   22.0182                   -2.4307                   22.2807                  -1.95996 
                -0.235198                   21.845                  -2.13583                   21.9997                    -2.316                   22.2291                  -1.84964 
                 -0.20812                  21.8175                  -2.01215                    21.973                  -2.20436                   22.1782                  -1.74535 
                -0.181075                   21.774                  -1.89256                   21.9341                  -2.08977                   22.0975                  -1.63203 
                 -0.15406                  21.7025                  -1.77041                    21.875                  -1.97617                   22.0377                  -1.54992 
                 -0.12707                  21.6197                  -1.66951                   21.8054                  -1.87396                   21.9457                  -1.43226 
                     -0.1                  21.5363                   -1.5757                   21.7219                  -1.77486                   21.8196                  -1.34344 
               -0.0866667                  21.4831                  -1.52369                   21.6774                   -1.7298                   21.7634                  -1.31359 
               -0.0733333                   21.427                  -1.48524                   21.6319                  -1.68683                   21.7059                  -1.27841 
                    -0.06                  21.3716                  -1.44858                    21.579                  -1.64348                   21.6401                  -1.24786 
               -0.0466667                  21.3136                  -1.41581                   21.5246                  -1.60765                   21.5765                  -1.22618 
               -0.0333333                  21.2593                  -1.38888                   21.4715                  -1.57411                   21.5156                   -1.2063 
                    -0.02                  21.2023                  -1.36004                   21.4141                  -1.54087                   21.4554                  -1.18803 
              -0.00666667                  21.1456                  -1.33643                   21.3557                  -1.51249                   21.3904                  -1.16971 
               0.00666667                  21.0861                  -1.31276                   21.2923                  -1.48559                   21.3273                  -1.15935 
                     0.02                   21.026                  -1.29478                     21.23                  -1.46711                   21.2583                  -1.14767 
                0.0333333                  20.9677                  -1.27929                     21.17                  -1.45038                   21.2008                  -1.14901 
                0.0466667                  20.9069                  -1.26417                   21.1071                  -1.43469                   21.1325                  -1.13827 
                     0.06                  20.8473                  -1.25376                   21.0442                  -1.42454                   21.0656                  -1.14486 
                0.0733333                  20.7832                  -1.24292                   20.9843                  -1.41736                   21.0033                  -1.15216 
                0.0866667                  20.7185                  -1.24004                    20.919                  -1.40981                   20.9458                  -1.16491 
                      0.1                  20.6545                   -1.2403                   20.8566                  -1.41057                   20.8996                  -1.17627 
                  0.12707                  20.5429                  -1.25046                   20.7349                  -1.41381                   20.7763                  -1.18411 
                  0.15406                  20.4335                  -1.25951                    20.621                  -1.43158                   20.6766                  -1.23288 
                 0.181075                  20.3203                  -1.27502                   20.5198                  -1.45306                   20.6256                  -1.26941 
                  0.20812                  20.2166                  -1.30245                   20.4151                  -1.47055                   20.5115                  -1.25465 
                 0.235198                  20.1084                  -1.32845                    20.311                  -1.49778                   20.4103                  -1.30338 
                 0.262314                  20.0217                  -1.37301                   20.2137                  -1.52961                   20.3305                  -1.33279 
                 0.289473                  19.9375                   -1.4008                   20.1163                  -1.56182                   20.2119                  -1.35275 
                  0.31668                  19.8444                  -1.43139                    20.025                  -1.60052                   20.1307                  -1.41964 
                 0.343937                  19.7512                  -1.46951                   19.9324                  -1.63641                   20.0614                  -1.45151 
                 0.371251                  19.6651                   -1.5137                   19.8406                  -1.67844                   19.9395                  -1.47449 
                 0.398626                  19.5907                  -1.55789                   19.7551                  -1.72269                   19.8696                  -1.55416 
                 0.426066                  19.5052                  -1.59053                   19.6671                   -1.7629                   19.7692                  -1.57607 
                 0.453576                  19.4184                  -1.63407                   19.5714                  -1.80533                   19.6678                  -1.64595 
                  0.48116                  19.3287                  -1.67587                   19.4737                  -1.85557                   19.5794                  -1.71089 
                 0.508825                  19.2262                  -1.72328                   19.3738                  -1.91077                   19.5012                  -1.78177 
                 0.536574                  19.1422                  -1.79103                   19.2831                  -1.97522                   19.4354                  -1.84447 
                 0.564412                  19.0603                  -1.84544                   19.1868                  -2.03283                    19.334                  -1.88611 
                 0.592344                  18.9741                   -1.9031                   19.0829                  -2.09904                   19.1967                  -1.95703 
                 0.620375                  18.8791                  -1.96056                   18.9784                  -2.17392                   19.1174                  -2.07926 
                 0.648511                  18.7825                  -2.02799                   18.8724                   -2.2558                   19.0476                  -2.16016 
                 0.676756                  18.6694                  -2.09764                   18.7671                  -2.34661                    18.951                   -2.2417 
                 0.705116                  18.5785                  -2.19633                   18.6651                  -2.44474                   18.8494                  -2.34133 
                 0.733595                  18.4898                  -2.27819                   18.5548                  -2.54601                   18.7483                  -2.45157 
                   0.7622                  18.3549                  -2.36304                   18.4485                  -2.66532                   18.6427                  -2.57423 
                 0.790936                  18.3018                  -2.51323                   18.3464                  -2.79015                   18.5488                  -2.71877 
                 0.819808                   18.205                  -2.57647                   18.2427                    -2.923                   18.4788                  -2.87178 
                 0.848822                  18.0628                  -2.69579                   18.1384                  -3.06749                   18.4053                  -3.01553 
                 0.877984                  17.9863                  -2.86258                   18.0332                  -3.22494                   18.3248                  -3.17265 
                 0.907299                  17.9057                  -2.98633                   17.9491                  -3.40077                   18.2542                  -3.34775 
                 0.936774                  17.8034                  -3.12936                   17.8411                  -3.56524                   18.2296                  -3.53363 
                 0.966415                  17.7209                  -3.29563                   17.7486                  -3.77491                   18.1453                  -3.67119 
                 0.996228                  17.6598                  -3.45637                   17.6854                  -3.98557                   18.0195                  -3.87841 
                  1.02622                  17.5386                  -3.59472                   17.5822                  -4.18465                   18.0173                  -4.16457 
                  1.05639                  17.4336                  -3.80558                   17.5144                  -4.44875                   18.0185                  -4.36604 
                  1.08676                  17.3449                  -4.01412                   17.4664                  -4.69733                   17.9979                  -4.59418 
                  1.11733                  17.2306                  -4.24187                   17.3941                  -4.95745                   18.0203                  -4.84309 
                   1.1481                  17.1734                  -4.53311                    17.334                  -5.26623                   18.0016                  -5.06054 
                  1.17908                  17.1289                  -4.80198                   17.2897                  -5.60342                   17.9764                  -5.34666 
                  1.21028                  17.0809                  -5.10117                   17.2807                  -5.98654                   18.0241                  -5.68011 
                  1.24171                  17.0567                  -5.43462                   17.3065                  -6.39704                   18.1256                  -6.00256 
                  1.27337                  17.0671                  -5.79428                   17.3835                  -6.84735                   18.2122                   -6.3114 
                  1.30528                   17.095                  -6.17164                   17.5327                  -7.32252                    18.367                  -6.67769 
                  1.33744                  17.1919                  -6.59483                   17.7537                  -7.80271                   18.5944                  -7.01432 
                  1.36985                   17.364                  -7.00675                     18.11                  -8.28369                   18.8004                  -7.31427 
                  1.40253                  17.5225                  -7.38778                   18.4245                  -8.65302                   19.1381                  -7.67866 
                  1.43549                  17.7698                  -7.83485                   18.8784                   -9.1184                   19.6311                   -7.9312 
                  1.46873                  18.1016                  -8.23772                   19.4326                  -9.45272                   19.8684                  -7.97722 
                  1.50226                  18.4951                   -8.6101                   20.0399                   -9.7143                   20.2199                  -8.26833 
                   1.5361                  18.9305                  -8.93319                   20.6418                  -9.86316                   20.7332                  -8.42189 
                  1.57025                  19.4694                  -9.22678                    21.297                  -9.97002                   21.1762                   -8.4367 
                  1.60472                  20.0007                  -9.38696                   21.9604                  -9.94437                   21.5713                  -8.44287 
                  1.63953                  20.5289                  -9.52275                   22.5932                  -9.82895                   21.9608                   -8.4313 
                  1.67467                   21.139                  -9.61446                   23.1954                  -9.63264                   22.4309                  -8.41124 
                  1.71018                  21.7625                   -9.5747                   23.7636                  -9.35872                   22.8685                  -8.26029 
                  1.74604                  22.3575                  -9.44162                   24.2724                  -9.00382                   23.2492                   -8.0784 
                  1.78229                  22.9105                  -9.22037                   24.6938                  -8.58753                   23.6072                   -7.8638 
                  1.81892                  23.4119                  -8.92827                   25.0308                  -8.14435                   23.9187                   -7.6042 
                  1.85595                  23.8352                  -8.57201                   25.2808                  -7.68666                    24.162                  -7.32467 
                   1.8934                  24.1885                  -8.18869                   25.4671                  -7.24193                   24.3805                  -7.06062 
                  1.93127                  24.4443                  -7.77657                   25.5647                  -6.79896                   24.5796                  -6.78166 
                  1.96959                  24.6422                   -7.3931                   25.6283                  -6.41292                   24.7434                  -6.48844 
                  2.00836                  24.7966                  -7.01281                   25.6579                  -6.03554                   24.8358                  -6.18567 
                  2.04759                  24.8883                  -6.64058                   25.6319                  -5.68325                   24.9124                   -5.9284 
                  2.08732                  24.9368                   -6.3022                   25.5856                  -5.37984                   24.9859                  -5.66955 
                  2.12754                  24.9643                  -5.99199                   25.5262                  -5.10168                   25.0198                  -5.40428 
                  2.16827                  24.9711                  -5.69927                   25.4508                  -4.85073                   25.0251                  -5.16185 
                  2.20954                  24.9554                  -5.42478                   25.3738                  -4.62871                   25.0207                  -4.93728 
                  2.25136                  24.9209                  -5.17073                   25.2906                  -4.42133                   24.9997                  -4.72031 
                  2.29374                  24.8675                  -4.93613                   25.1924                  -4.23248                     24.96                  -4.51857 
                  2.33671                  24.7947                  -4.72497                   25.0919                  -4.07156                   24.9048                  -4.33455 
                  2.38029                   24.717                  -4.54392                   24.9911                   -3.9286                   24.8366                  -4.17067 
                  2.42449                  24.6351                  -4.38196                    24.889                  -3.80501                   24.7643                  -4.03046 
                  2.46934                  24.5479                  -4.24185                   24.7861                  -3.70107                   24.7001                  -3.90933 
                  2.51485                  24.4761                  -4.12664                    24.709                  -3.62223                   24.6289                   -3.7932 
                  2.56106                  24.4034                  -4.01234                   24.6462                  -3.53648                   24.5661                   -3.6985 
                  2.60798                  24.3336                  -3.91607                   24.5793                  -3.44811                   24.5042                  -3.60447 
                  2.65563                  24.2787                  -3.82936                   24.4973                  -3.36407                   24.4413                  -3.52156 
                  2.70405                  24.2258                  -3.73945                   24.4282                   -3.3029                   24.3833                   -3.4477 
                  2.75326                  24.1721                  -3.65372                   24.3588                  -3.23676                   24.3302                  -3.37862 
                  2.80329                  24.1058                  -3.56914                   24.2944                  -3.18411                   24.2772                  -3.31201 
                  2.85416                  24.0472                  -3.50391                   24.2237                  -3.13088                   24.2204                  -3.25019 
                  2.90592                  23.9852                  -3.43604                   24.1668                  -3.09823                    24.169                  -3.19816 
                  2.95857                  23.9332                  -3.38355                   24.1285                  -3.06237                   24.1196                  -3.14665 
                  3.01217                  23.8729                  -3.32396                    24.096                  -3.01723                   24.0669                  -3.09905 
                  3.06675                  23.8107                  -3.28238                   24.0344                  -2.96056                   24.0127                  -3.05943 
                  3.12233                  23.7613                  -3.25069                    23.977                   -2.9344                   23.9635                  -3.02916 
                  3.17897                  23.7173                  -3.21812                   23.9272                  -2.90887                   23.9157                  -3.00251 
                  3.23669                   23.671                  -3.18814                   23.8987                  -2.89337                   23.8892                  -2.98625 
                  3.29554                  23.6388                  -3.16867                    23.866                  -2.85955                   23.8525                  -2.95052 
                  3.35556                  23.6122                  -3.14092                   23.8254                    -2.833                   23.8073                  -2.92932 
                   3.4168                  23.5784                  -3.11123                   23.7904                   -2.8138                   23.7777                  -2.91937 
                  3.47931                  23.5491                  -3.08984                   23.7669                   -2.7963                   23.7566                  -2.90355 
                  3.54313                  23.5247                    -3.067                   23.7451                  -2.77134                   23.7351                  -2.88463 
                  3.60832                  23.5015                   -3.0439                   23.7173                  -2.74462                   23.7134                  -2.86629 
                  3.67493                  23.4788                  -3.02127                   23.6924                  -2.72326                   23.6949                  -2.84925 
                  3.74303                  23.4575                   -2.9999                   23.6699                  -2.69974                   23.6769                   -2.8304 
                  3.81266                  23.4346                  -2.97908                   23.6416                  -2.67491                   23.6577                  -2.81211 
                   3.8839                  23.4179                  -2.96354                   23.6133                  -2.65686                   23.6373                  -2.79537 
                  3.95682                  23.3983                  -2.94313                   23.5886                  -2.64156                   23.6136                  -2.78136 
                  4.03149                  23.3766                  -2.92912                    23.565                  -2.62715                   23.5957                   -2.7753 
                  4.10798                   23.361                  -2.91998                   23.5398                  -2.61493                   23.5809                  -2.76801 
                  4.18637                  23.3504                  -2.91059                    23.523                  -2.60909                   23.5704                  -2.76348 
                  4.26676                  23.3435                  -2.90097                   23.5105                  -2.59903                   23.5628                  -2.75768 
                  4.34922                  23.3373                  -2.89009                   23.5007                  -2.58832                   23.5588                  -2.75265 
                  4.43386                  23.3391                  -2.88148                   23.4851                  -2.57364                   23.5566                  -2.74571 
                  4.52077                  23.3408                  -2.86515                   23.4748                  -2.56663                   23.5611                  -2.73946 
                  4.61007                  23.3459                   -2.8496                   23.4679                  -2.55539                   23.5671                  -2.72608 
                  4.70186                  23.3507                  -2.82722                   23.4621                  -2.54393                   23.5697                  -2.70941 
                  4.79628                  23.3515                  -2.80251                   23.4624                  -2.53183                   23.5714                  -2.69258 
                  4.89344                  23.3509                  -2.77755                   23.4576                  -2.51202                   23.5705                  -2.67408 
                  4.99349                  23.3444                  -2.75074                   23.4502                  -2.49721                   23.5676                  -2.65728 
                  5.09658                  23.3348                  -2.72894                    23.454                  -2.48622                   23.5628                  -2.64239 
                  5.20286                  23.3188                  -2.70963                   23.4524                  -2.46441                   23.5513                  -2.63016 
                  5.31251                  23.2969                  -2.70084                   23.4487                  -2.44891                   23.5405                  -2.62989 
                  5.42569                  23.2791                  -2.70881                   23.4439                  -2.43462                   23.5326                  -2.63922 
                  5.54261                  23.2725                  -2.72726                   23.4322                  -2.42199                   23.5437                  -2.66049 
                  5.66348                  23.2878                  -2.75781                   23.4349                  -2.42384                   23.5676                  -2.67866 
                  5.78851                  23.3197                  -2.78102                   23.4095                  -2.40712                   23.5974                  -2.69352 
                  5.91795                  23.3681                  -2.80072                   23.3809                   -2.4287                   23.6397                  -2.70818 
                  6.05206                  23.4484                  -2.81105                   23.3976                  -2.47253                   23.7129                  -2.71887 
                  6.19111                  23.5376                  -2.78269                   23.4558                  -2.49648                   23.7991                  -2.69412 
                  6.33542                  23.6295                  -2.72711                   23.5515                  -2.49025                   23.8845                  -2.64002 
                   6.4853                  23.6907                  -2.64102                   23.6232                  -2.43448                   23.9405                  -2.56145 
                  6.64111                  23.7281                  -2.55413                   23.6759                  -2.37172                   23.9759                  -2.48324 
                  6.80324                  23.7663                  -2.47142                   23.7354                   -2.3036                   24.0091                  -2.40938 
                  6.97211                  23.7537                  -2.36919                   23.7306                  -2.20219                   24.0279                  -2.32605 
                  7.14818                  23.7557                  -2.31904                   23.7401                  -2.16073                   23.9969                  -2.24554 
                  7.33195                  23.7598                  -2.25084                   23.7886                  -2.09827                   24.0176                  -2.22428 
                  7.52396                  23.7669                   -2.1989                    23.763                  -1.99207                   24.0262                  -2.15732 
                  7.72481                  23.7868                  -2.14128                   23.7401                  -1.94935                     24.07                   -2.1227 
                  7.93517                  23.7923                  -2.07205                   23.7045                  -1.89754                   24.0669                  -2.03097 
                  8.15576                  23.7943                  -2.01495                   23.7315                  -1.89689                   24.0769                  -1.99555 
                  8.38739                  23.8143                  -1.96441                   23.7982                  -1.84141                   24.1069                   -1.9381 
                  8.63095                  23.8234                  -1.90643                   23.7652                  -1.74338                    24.113                  -1.87891 
                  8.88742                  23.8609                   -1.8798                   23.7894                  -1.74739                   24.1576                  -1.85768 
                   9.1579                   23.984                  -1.83317                   23.9187                  -1.68465                   24.2747                  -1.80601 
                  9.44363                  24.0978                  -1.66173                   23.7446                  -1.45215                   24.3966                  -1.64881 
                  9.74598                  24.1684                  -1.41947                   23.9234                  -1.55047                   24.4679                  -1.40421 
                  10.0665                  24.0921                  -1.11604                   24.0125                  -1.21886                   24.3948                  -1.11089 
                  10.4069                    23.94                 -0.953208                   23.9051                  -1.04342                   24.2504                 -0.949842 
                  10.7692                  23.8176                 -0.847146                   23.8137                 -0.931553                   24.1347                  -0.84659 
                  11.1556                  23.6949                 -0.727357                   23.7116                 -0.801874                   24.0184                 -0.727526 
                  11.5688                  23.5713                 -0.656198                   23.6036                 -0.728682                   23.9004                  -0.65684 
                  12.0115                  23.4655                 -0.585353                   23.5133                  -0.65543                   23.7997                 -0.586544 
                  12.4873                  23.3607                 -0.517417                   23.4226                 -0.584166                   23.6998                 -0.518861 
                       13                  23.2571                 -0.457496                   23.3316                 -0.521114                   23.6008                 -0.459433 
                     13.5                  23.1654                 -0.406465                   23.2505                 -0.467323                   23.5134                 -0.408707 
                       14                  23.0811                 -0.360746                   23.1759                 -0.418941                   23.4331                 -0.363204 
                     14.5                  23.0025                 -0.318653                   23.1063                 -0.373885                   23.3582                 -0.321236 
                       15                  22.9283                 -0.279587                   23.0404                 -0.331435                   23.2874                 -0.282262 
                     15.5                  22.8573                 -0.242832                   22.9769                 -0.290777                   23.2197                 -0.245568 
                       16                  22.7885                 -0.208306                   22.9147                 -0.251831                   23.1539                 -0.211018 
                     16.5                  22.7211                 -0.176279                   22.8528                 -0.215103                   23.0894                   -0.1789 
                       17                  22.6547                 -0.146926                    22.791                  -0.18094                   23.0258                 -0.149381 
                     17.5                  22.5892                 -0.121014                    22.729                 -0.150288                   22.9629                 -0.123228 
                       18                  22.5252                -0.0988978                   22.6678                 -0.123689                   22.9013                  -0.10083 
                     18.5                  22.4635                -0.0801403                   22.6082                 -0.100754                   22.8419                -0.0817672 
                       19                  22.4043                -0.0642273                   22.5505                -0.0810174                   22.7847                -0.0655647 
                     19.5                  22.3479                -0.0510896                   22.4953                -0.0645689                   22.7303                -0.0521861 
                       20                  22.2961                -0.0405076                   22.4449                -0.0512414                   22.6804                -0.0414023 
                     20.5                  22.1931                -0.0320865                   22.3289                 -0.040676                    22.578                -0.0328419 
