                    -14.5                 -0.06796               -0.00613359                -0.0677661               -0.00517937                -0.0660462               -0.00543926 
                      -14                -0.080216               -0.00732903                 -0.078572               -0.00620671                -0.0770521               -0.00649267 
                    -13.5               -0.0824767               -0.00907026                -0.0810159               -0.00768074                -0.0792181               -0.00801819 
                      -13               -0.0847032                -0.0113146                -0.0835362               -0.00966289                -0.0813799                -0.0100214 
                 -12.4873               -0.0867595                -0.0130135                -0.0858763                -0.0113575                -0.0833447                -0.0116029 
                 -12.0115               -0.0893882                -0.0139526                -0.0886515                -0.0122607                -0.0857708                -0.0124329 
                 -11.1556               -0.0954138                -0.0167903                -0.0950319                -0.0149508                -0.0913304                -0.0149238 
                 -10.7692               -0.0984976                -0.0180506                -0.0983139                -0.0162599                -0.0941445                -0.0160557 
                 -10.4069                -0.101825                -0.0192453                 -0.101782                -0.0175191                -0.0971197                -0.0171221 
                 -10.0665                 -0.10544                -0.0204731                 -0.105487                -0.0188339                 -0.100277                -0.0181933 
                 -9.43365                -0.114009                -0.0230028                 -0.114163                -0.0214381                 -0.107633                -0.0201899 
                 -9.32935                -0.115831                -0.0235699                 -0.115997                -0.0220093                 -0.109159                -0.0205875 
                 -9.22765                -0.117642                -0.0242019                 -0.117824                -0.0226375                 -0.110709                -0.0210202 
                  -9.1579                -0.118922                -0.0246582                 -0.119119                -0.0230891                 -0.111812                -0.0213267 
                 -9.12842                -0.119477                -0.0248538                  -0.11968                -0.0232826                 -0.112291                -0.0214562 
                 -9.03152                -0.121369                 -0.025509                   -0.1216                -0.0239301                 -0.113937                -0.0218816 
                 -8.93683                -0.123347                -0.0261763                 -0.123611                 -0.024591                 -0.115676                -0.0223059 
                 -8.88742                 -0.12444                -0.0265389                 -0.124723                -0.0249522                 -0.116644                -0.0225361 
                 -8.84423                 -0.12543                -0.0268637                 -0.125732                -0.0252776                 -0.117527                -0.0227432 
                 -8.75362                 -0.12763                -0.0275643                 -0.127971                -0.0259875                 -0.119502                -0.0231964 
                 -8.66488                -0.129994                -0.0282684                 -0.130366                 -0.026715                 -0.121634                -0.0236679 
                 -8.63095                -0.130973                -0.0285432                 -0.131352                -0.0270025                 -0.122517                -0.0238578 
                 -8.57792                -0.132609                -0.0289943                 -0.132988                -0.0274735                 -0.123986                -0.0241769 
                 -8.49265                -0.135526                -0.0298271                 -0.135885                 -0.028329                 -0.126592                -0.0247896 
                 -8.40898                -0.138757                -0.0308551                 -0.139072                -0.0293598                 -0.129458                 -0.025581 
                 -8.38739                -0.139674                -0.0311638                 -0.139972                -0.0296649                 -0.130267                -0.0258237 
                 -8.32683                -0.142358                -0.0321452                 -0.142605                -0.0306234                 -0.132623                -0.0266039 
                 -8.24612                -0.146307                 -0.033787                 -0.146477                -0.0321972                 -0.136059                -0.0279225 
                 -8.16678                -0.150604                -0.0359348                 -0.150694                 -0.034231                 -0.139771                -0.0296488 
                 -8.15576                -0.151286                -0.0362875                 -0.151362                -0.0345641                 -0.140357                -0.0299318 
                 -8.08874                -0.155248                -0.0387637                 -0.155254                -0.0368972                 -0.143777                 -0.031923 
                 -8.01192                -0.159972                -0.0423024                 -0.159906                -0.0402119                 -0.147853                -0.0347967 
                 -7.93627                -0.164785                -0.0465012                 -0.164663                -0.0441219                 -0.151977                -0.0382278 
                 -7.93517                -0.164923                -0.0465679                 -0.164792                -0.0441838                  -0.15209                -0.0382823 
                 -7.86173                -0.169918                -0.0514571                 -0.169737                -0.0487014                 -0.156307                -0.0422605 
                 -7.78823                -0.175344                -0.0574552                 -0.175135                -0.0541834                 -0.160829                -0.0470792 
                 -7.72481                -0.180323                -0.0639759                 -0.180156                -0.0600831                 -0.164955                -0.0522221 
                 -7.71573                 -0.18125                -0.0650491                  -0.18108                 -0.061051                 -0.165704                 -0.053059 
                 -7.64417                -0.186866                 -0.075167                 -0.186958                -0.0701858                 -0.170478                -0.0608531 
                 -7.57349                -0.190823                -0.0884691                 -0.191558                -0.0822402                 -0.174253                -0.0710992 
                 -7.52396                -0.191717                 -0.099269                 -0.193269                -0.0920506                 -0.175614                -0.0796159 
                 -7.50366                -0.191509                 -0.103871                 -0.193528                -0.0962493                 -0.175752                -0.0832984 
                 -7.43462                -0.188289                 -0.119665                 -0.192396                 -0.110846                 -0.174173                -0.0961157 
                 -7.36633                -0.181773                 -0.134917                 -0.188711                 -0.125422                 -0.169971                 -0.108732 
                 -7.33195                -0.177212                 -0.142253                   -0.1859                 -0.132722                  -0.16685                 -0.114901 
                 -7.29874                -0.171982                 -0.149017                 -0.182562                 -0.139711                 -0.163191                 -0.120671 
                 -7.23182                -0.159345                 -0.161295                 -0.173996                 -0.153482                 -0.154089                 -0.131498 
                 -7.16553                -0.144374                 -0.170873                 -0.163026                 -0.166392                 -0.142883                 -0.140641 
                 -7.14818                 -0.13995                 -0.172861                 -0.159671                 -0.169617                 -0.139482                 -0.142688 
                 -7.09982                -0.127758                 -0.177312                 -0.149457                 -0.178245                 -0.129817                 -0.147558 
                 -7.03465                -0.110687                 -0.181132                 -0.133088                 -0.188716                 -0.115851                 -0.152298 
                 -6.97211               -0.0934834                 -0.182595                 -0.114332                 -0.196662                 -0.101434                 -0.154937 
                    -6.97               -0.0926621                 -0.182602                 -0.113365                  -0.19688                 -0.100737                  -0.15499 
                 -6.90582               -0.0737473                 -0.181233                -0.0905135                  -0.20146                -0.0846028                 -0.155233 
                 -6.84209               -0.0540434                 -0.175999                 -0.064979                 -0.200694                 -0.067516                 -0.152176 
                 -6.80324               -0.0418171                 -0.170277                 -0.048353                 -0.196592                -0.0567372                 -0.148154 
                 -6.77876               -0.0341609                 -0.165518                -0.0376202                 -0.192291                -0.0498713                 -0.144619 
                  -6.7158               -0.0178081                 -0.149259                -0.0140565                 -0.175014                -0.0347484                 -0.131852 
                 -6.65318              -0.00667823                 -0.129024                0.00284192                 -0.151327                -0.0238444                 -0.115076 
                 -6.64111              -0.00519305                 -0.124899                0.00525884                 -0.146378                 -0.022271                 -0.111579 
                 -6.59088               -0.0019279                 -0.107669                 0.0112506                 -0.125498                 -0.018446                -0.0967955 
                 -6.52885               -0.0028079                -0.0872943                 0.0121465                  -0.10052                -0.0181108                -0.0789957 
                  -6.4853              -0.00638735                -0.0743949                0.00887116                -0.0845966                 -0.020543                -0.0675305 
                 -6.46708              -0.00873183                -0.0694977                0.00639348                -0.0785354                -0.0223161                -0.0631216 
                 -6.40552               -0.0176438                -0.0556942               -0.00343633                -0.0614533                -0.0294717                -0.0504306 
                 -6.34415               -0.0276514                -0.0463483                -0.0148292                -0.0500005                -0.0379913                -0.0415575 
                 -6.33542               -0.0292805                -0.0453261                -0.0167158                -0.0487607                -0.0394328                -0.0405785 
                 -6.28295               -0.0371128                -0.0403337                -0.0255928                -0.0427491                -0.0463719                -0.0358177 
                 -6.22187               -0.0452296                -0.0361661                -0.0346951                -0.0377721                -0.0536294                -0.0319108 
                 -6.19111               -0.0490046                -0.0344969                -0.0388956                -0.0357825                -0.0570091                -0.0303673 
                  -6.1609               -0.0525634                -0.0330664                -0.0428418                -0.0340767                -0.0601864                -0.0290507 
                 -6.05206               -0.0638042                -0.0293424                -0.0551845                -0.0296371                -0.0702197                -0.0256137 
                 -5.91795               -0.0755074                -0.0269047                -0.0678321                -0.0267422                -0.0807059                -0.0233759 
                  -5.8391               -0.0815776                -0.0260287                -0.0742875                -0.0256842                -0.0861516                -0.0225927 
                 -5.78851               -0.0852257                -0.0256218                -0.0781321                -0.0251797                -0.0894195                -0.0222278 
                 -5.77813               -0.0859656                -0.0255527                -0.0789096                -0.0250924                -0.0900824                -0.0221654 
                 -5.71705               -0.0901311                -0.0252369                -0.0832628                -0.0246797                -0.0938195                 -0.021879 
                 -5.66348               -0.0936377                -0.0250676                -0.0869019                -0.0244356                  -0.09697                -0.0217266 
                 -5.65585               -0.0941338                -0.0250502                 -0.087415                -0.0244081                 -0.097416                -0.0217111 
                 -5.59448               -0.0979883                -0.0249621                -0.0913845                -0.0242412                  -0.10088                -0.0216335 
                 -5.54261                -0.101164                -0.0249579                -0.0946358                -0.0241737                 -0.103735                -0.0216293 
                 -5.53292                -0.101756                -0.0249645                -0.0952409                -0.0241688                 -0.104268                -0.0216348 
                 -5.47115                -0.105442                 -0.025062                -0.0989904                -0.0241949                 -0.107585                -0.0217174 
                 -5.42569                -0.108111                -0.0251933                 -0.101692                -0.0242748                  -0.10999                -0.0218305 
                 -5.40912                -0.109078                -0.0252526                 -0.102668                -0.0243155                 -0.110863                -0.0218821 
                 -5.34682                -0.112657                -0.0255241                  -0.10627                -0.0245172                 -0.114092                -0.0221201 
                 -5.31251                -0.114614                -0.0257044                 -0.108231                 -0.024659                 -0.115859                -0.0222783 
                  -5.2842                -0.116224                  -0.02587                  -0.10984                -0.0247928                 -0.117312                -0.0224234 
                 -5.22124                -0.119776                -0.0262958                 -0.113379                -0.0251471                 -0.120521                -0.0227951 
                 -5.20286                -0.120817                -0.0264356                 -0.114412                -0.0252655                 -0.121462                 -0.022917 
                 -5.15791                -0.123345                -0.0268061                 -0.116918                 -0.025583                 -0.123749                -0.0232407 
                 -5.09658                 -0.12679                -0.0273731                 -0.120318                -0.0260755                 -0.126867                -0.0237375 
                 -5.09418                -0.126931                -0.0273967                 -0.120457                -0.0260961                 -0.126994                -0.0237581 
                    -5.03                -0.130551                -0.0280675                 -0.124013                -0.0266848                  -0.13027                -0.0243454 
                 -4.99349                -0.132632                -0.0284868                 -0.126049                -0.0270542                 -0.132151                -0.0247112 
                 -4.96535                -0.134249                -0.0288314                 -0.127628                -0.0273583                 -0.133614                -0.0250109 
                 -4.90018                -0.138016                -0.0297124                 -0.131297                -0.0281368                 -0.137022                 -0.025774 
                 -4.89344                -0.138419                -0.0298107                 -0.131689                -0.0282238                 -0.137387                 -0.025859 
                 -4.83447                -0.141882                -0.0307343                 -0.135052                -0.0290437                 -0.140524                -0.0266567 
                 -4.79628                -0.144155                -0.0313974                 -0.137254                -0.0296343                 -0.142585                -0.0272286 
                 -4.76818                -0.145844                -0.0319207                 -0.138888                -0.0301014                 -0.144117                -0.0276798 
                 -4.70186                -0.149829                -0.0332785                 -0.142739                -0.0313174                 -0.147738                -0.0288523 
                 -4.70126                -0.149879                -0.0332916                 -0.142787                -0.0313291                 -0.147783                -0.0288636 
                 -4.63367                -0.153974                -0.0348549                 -0.146735                -0.0327336                 -0.151509                -0.0302162 
                 -4.61007                -0.155424                -0.0354434                  -0.14813                 -0.033263                 -0.152829                 -0.030726 
                 -4.56538                 -0.15816                -0.0366192                  -0.15076                -0.0343214                 -0.155323                -0.0317452 
                 -4.52077                -0.160901                -0.0378726                 -0.153393                -0.0354509                 -0.157824                -0.0328335 
                 -4.49634                -0.162415                -0.0385917                 -0.154845                -0.0360996                 -0.159206                -0.0334591 
                 -4.43386                -0.166278                -0.0405341                 -0.158545                -0.0378523                 -0.162731                -0.0351508 
                 -4.42651                 -0.16675                -0.0407725                 -0.158995                -0.0380674                 -0.163162                -0.0353586 
                 -4.35583                -0.171171                -0.0431803                 -0.163218                -0.0402379                 -0.167197                -0.0374558 
                 -4.34922                -0.171605                -0.0434165                 -0.163631                -0.0404507                 -0.167593                -0.0376615 
                 -4.28427                -0.175735                 -0.045846                 -0.167566                -0.0426369                 -0.171361                -0.0397767 
                 -4.26676                -0.176879                -0.0465371                 -0.168652                -0.0432579                 -0.172403                -0.0403778 
                 -4.21177                -0.180449                -0.0488197                 -0.172045                -0.0453058                  -0.17566                -0.0423606 
                 -4.18637                 -0.18213                -0.0499368                  -0.17364                -0.0463062                 -0.177194                -0.0433293 
                 -4.13827                -0.185313                -0.0521732                 -0.176661                -0.0483057                 -0.180101                 -0.045266 
                 -4.10798                -0.187342                -0.0536688                 -0.178588                -0.0496411                 -0.181957                -0.0465598 
                 -4.06373                  -0.1903                -0.0559843                 -0.181397                -0.0517068                 -0.184668                -0.0485621 
                 -4.03149                -0.192463                 -0.057773                 -0.183455                -0.0533018                 -0.186656                  -0.05011 
                 -3.98808                -0.195349                -0.0603153                 -0.186203                  -0.05557                 -0.189316                -0.0523152 
                 -3.95682                -0.197427                -0.0622393                 -0.188182                -0.0572872                 -0.191232                -0.0539873 
                 -3.91126                 -0.20042                -0.0651859                 -0.191036                -0.0599166                 -0.193995                -0.0565512 
                  -3.8839                -0.202223                  -0.06704                 -0.192754                -0.0615703                 -0.195659                -0.0581654 
                 -3.83322                -0.205506                -0.0706558                 -0.195887                -0.0647912                 -0.198691                -0.0613118 
                 -3.81266                -0.206857                -0.0721969                 -0.197174                -0.0661615                 -0.199937                -0.0626504 
                 -3.75388                -0.210565                -0.0768692                 -0.200727                -0.0703074                 -0.203376                -0.0667016 
                 -3.74303                -0.211279                -0.0777766                 -0.201409                -0.0711115                 -0.204038                -0.0674878 
                 -3.67493                -0.215321                -0.0838022                 -0.205322                -0.0764452                 -0.207828                -0.0727049 
                 -3.67317                -0.215465                -0.0839656                 -0.205458                -0.0765897                 -0.207961                -0.0728463 
                 -3.60832                -0.218948                -0.0902388                 -0.208889                -0.0821391                 -0.211289                -0.0782845 
                 -3.59102                -0.219831                -0.0919862                 -0.209769                -0.0836866                 -0.212143                -0.0798042 
                 -3.54313                -0.222009                -0.0969512                 -0.211976                -0.0880882                  -0.21428                -0.0841332 
                 -3.50735                -0.223458                 -0.100762                 -0.213475                -0.0914704                 -0.215726                -0.0874661 
                 -3.47931                -0.224483                 -0.103796                 -0.214556                -0.0941652                 -0.216766                -0.0901255 
                 -3.42208                -0.226252                 -0.110084                 -0.216489                -0.0997554                 -0.218607                -0.0956527 
                  -3.4168                -0.226403                 -0.110669                 -0.216658                 -0.100276                 -0.218767                -0.0961681 
                 -3.35556                -0.227816                 -0.117499                 -0.218325                 -0.106357                  -0.22032                 -0.102196 
                 -3.33512                -0.228193                  -0.11979                 -0.218805                   -0.1084                 -0.220756                 -0.104223 
                 -3.29554                -0.228781                 -0.124235                 -0.219617                 -0.112367                 -0.221473                 -0.108162 
                 -3.24638                -0.229264                 -0.129756                 -0.220425                 -0.117307                 -0.222146                 -0.113068 
                 -3.23669                -0.229323                 -0.130842                 -0.220557                 -0.118281                 -0.222249                 -0.114035 
                 -3.17897                -0.229481                 -0.137271                 -0.221176                 -0.124072                 -0.222675                 -0.119779 
                 -3.15577                -0.229439                 -0.139825                  -0.22134                 -0.126386                  -0.22275                 -0.122071 
                 -3.12233                -0.229296                 -0.143463                 -0.221501                 -0.129697                 -0.222773                 -0.125346 
                 -3.06675                -0.228895                 -0.149391                 -0.221618                 -0.135123                 -0.222633                 -0.130694 
                 -3.06317                -0.228854                 -0.149768                 -0.221613                 -0.135469                 -0.222608                 -0.131034 
                 -3.01217                -0.228349                 -0.155093                  -0.22159                 -0.140368                 -0.222313                 -0.135832 
                 -2.96848                -0.227842                 -0.159624                 -0.221503                 -0.144543                  -0.22197                  -0.13989 
                 -2.95857                -0.227721                 -0.160653                  -0.22148                 -0.145492                 -0.221882                 -0.140807 
                 -2.90592                -0.226988                 -0.166155                 -0.221282                 -0.150568                 -0.221349                 -0.145687 
                 -2.87158                -0.226417                 -0.169784                 -0.221084                 -0.153924                 -0.220921                 -0.148885 
                 -2.85416                -0.226091                 -0.171636                 -0.220958                 -0.155642                 -0.220673                 -0.150513 
                 -2.80329                -0.224957                 -0.177071                 -0.220435                 -0.160706                 -0.219801                 -0.155272 
                 -2.77235                 -0.22413                 -0.180376                 -0.220006                 -0.163808                 -0.219156                 -0.158157 
                 -2.75326                 -0.22356                 -0.182406                  -0.21969                 -0.165722                 -0.218706                 -0.159925 
                 -2.70405                -0.221913                 -0.187577                 -0.218711                 -0.170636                 -0.217401                 -0.164414 
                 -2.67065                -0.220647                 -0.191011                 -0.217911                 -0.173932                  -0.21639                 -0.167384 
                 -2.65563                -0.220035                  -0.19253                 -0.217512                 -0.175398                 -0.215898                 -0.168693 
                 -2.60798                -0.218013                 -0.197242                 -0.216155                 -0.179977                 -0.214282                 -0.172734 
                 -2.56635                -0.216127                 -0.201226                 -0.214847                 -0.183881                 -0.212786                 -0.176121 
                 -2.56106                -0.215871                 -0.201723                 -0.214666                 -0.184371                 -0.212582                 -0.176542 
                 -2.51485                 -0.21367                 -0.205999                 -0.213102                 -0.188597                 -0.210868                 -0.180148 
                 -2.46934                -0.211409                 -0.210095                 -0.211467                 -0.192678                 -0.209144                 -0.183587 
                 -2.45929                -0.210891                 -0.210986                  -0.21109                  -0.19357                 -0.208753                 -0.184334 
                 -2.42449                -0.209081                 -0.214035                 -0.209761                 -0.196637                 -0.207406                 -0.186891 
                 -2.38029                -0.206694                 -0.217825                 -0.207986                 -0.200481                 -0.205659                  -0.19008 
                  -2.3493                -0.204951                 -0.220423                 -0.206674                 -0.203142                 -0.204398                 -0.192278 
                 -2.33671                 -0.20422                 -0.221462                  -0.20612                 -0.204213                 -0.203873                 -0.193161 
                 -2.29374                -0.201678                 -0.224928                 -0.204171                  -0.20782                  -0.20205                 -0.196128 
                 -2.25136                 -0.19907                 -0.228208                 -0.202137                 -0.211286                 -0.200184                 -0.198966 
                 -2.23622                -0.198106                 -0.229343                 -0.201378                 -0.212499                 -0.199495                 -0.199956 
                 -2.20954                -0.196391                 -0.231292                 -0.200013                   -0.2146                 -0.198267                 -0.201666 
                 -2.16827                -0.193681                 -0.234169                 -0.197827                 -0.217751                 -0.196326                 -0.204218 
                 -2.12754                -0.190944                  -0.23682                 -0.195582                 -0.220724                 -0.194362                 -0.206609 
                 -2.11985                -0.190404                 -0.237297                 -0.195136                 -0.221268                 -0.193975                 -0.207045 
                 -2.08732                -0.188166                 -0.239212                 -0.193261                 -0.223491                 -0.192361                  -0.20882 
                 -2.04759                -0.185436                   -0.2413                 -0.190924                 -0.226011                 -0.190374                 -0.210816 
                 -2.00836                 -0.18283                  -0.24305                 -0.188626                 -0.228241                 -0.188445                 -0.212562 
                       -2                -0.182274                  -0.24338                 -0.188124                  -0.22868                 -0.188028                 -0.212903 
                 -1.96959                -0.180429                 -0.244462                 -0.186422                 -0.230162                 -0.186623                 -0.214043 
                 -1.93127                -0.178419                 -0.245599                  -0.18448                 -0.231794                 -0.185046                 -0.215276 
                  -1.8934                -0.176892                 -0.246597                 -0.182894                 -0.233224                 -0.183797                 -0.216333 
                 -1.85595                -0.175897                 -0.247667                 -0.181749                 -0.234604                 -0.182951                 -0.217342 
                 -1.81892                -0.175369                 -0.249029                 -0.181042                  -0.23613                 -0.182513                 -0.218472 
                 -1.78229                -0.175137                 -0.250844                 -0.180671                 -0.237979                   -0.1824                 -0.219882 
                 -1.74604                -0.174989                 -0.253161                 -0.180467                 -0.240248                 -0.182465                 -0.221665 
                 -1.71018                -0.174743                  -0.25592                 -0.180253                 -0.242933                 -0.182551                 -0.223826 
                 -1.67467                -0.174295                 -0.259009                 -0.179905                 -0.245961                  -0.18254                 -0.226303 
                 -1.63953                -0.173621                  -0.26232                 -0.179364                 -0.249238                 -0.182379                  -0.22901 
                 -1.60472                -0.172732                   -0.2658                 -0.178624                 -0.252701                  -0.18206                 -0.231886 
                 -1.57025                 -0.17164                 -0.269434                 -0.177691                  -0.25632                 -0.181593                 -0.234904 
                  -1.5361                -0.170325                 -0.273228                 -0.176553                 -0.260099                 -0.180972                 -0.238068 
                 -1.50226                -0.168741                  -0.27718                 -0.175174                 -0.264037                  -0.18017                 -0.241385 
                 -1.46873                -0.166824                 -0.281263                 -0.173496                  -0.26812                 -0.179134                 -0.244844 
                 -1.43549                 -0.16451                 -0.285415                 -0.171453                 -0.272303                 -0.177807                 -0.248416 
                 -1.40253                -0.161756                 -0.289539                 -0.168993                 -0.276508                 -0.176135                 -0.252037 
                 -1.36985                -0.158563                 -0.293516                 -0.166092                 -0.280629                 -0.174092                 -0.255614 
                 -1.33744                -0.154984                 -0.297236                 -0.162774                  -0.28455                  -0.17169                 -0.259046 
                 -1.30528                -0.151112                 -0.300627                  -0.15911                 -0.288181                 -0.168985                 -0.262248 
                 -1.27337                -0.147055                 -0.303671                 -0.155197                 -0.291472                 -0.166062                 -0.265168 
                 -1.24171                -0.142897                 -0.306405                 -0.151132                 -0.294432                 -0.163008                 -0.267806 
                 -1.21028                -0.138677                 -0.308891                 -0.146976                 -0.297105                 -0.159886                 -0.270199 
                 -1.17908                -0.134388                 -0.311186                 -0.142748                 -0.299549                 -0.156716                   -0.2724 
                  -1.1481                 -0.12999                 -0.313326                 -0.138424                 -0.301809                 -0.153485                 -0.274452 
                 -1.11733                -0.125417                 -0.315315                 -0.133956                 -0.303903                 -0.150152                 -0.276377 
                 -1.08676                -0.120592                 -0.317118                 -0.129276                 -0.305817                 -0.146659                 -0.278168 
                 -1.05639                -0.115436                 -0.318643                 -0.124308                 -0.307487                 -0.142942                 -0.279782 
                 -1.02622                -0.109914                  -0.31973                 -0.118999                  -0.30879                 -0.138946                 -0.281123 
                -0.996228                -0.104067                 -0.320176                  -0.11335                 -0.309548                 -0.134657                 -0.282049 
                -0.966415               -0.0980427                  -0.31979                 -0.107457                 -0.309567                 -0.130135                 -0.282392 
                -0.936774                -0.092075                 -0.318448                  -0.10151                 -0.308691                 -0.125521                 -0.282002 
                -0.907299               -0.0864402                 -0.316123                -0.0957594                 -0.306846                 -0.121019                  -0.28079 
                -0.877984               -0.0814054                 -0.312898                -0.0904759                  -0.30406                 -0.116862                 -0.278753 
                -0.848822               -0.0771855                 -0.308934                -0.0858993                 -0.300452                 -0.113268                 -0.275965 
                -0.819808               -0.0739227                 -0.304439                -0.0822083                 -0.296205                 -0.110412                 -0.272567 
                -0.790936               -0.0716888                 -0.299627                 -0.079511                 -0.291531                 -0.108413                 -0.268728 
                  -0.7622               -0.0705003                 -0.294699                -0.0778527                 -0.286637                 -0.107336                 -0.264626 
                -0.733595                -0.070335                 -0.289833                 -0.077231                 -0.281714                 -0.107202                 -0.260431 
                -0.705116               -0.0711459                  -0.28518                  -0.07761                 -0.276927                 -0.108001                 -0.256295 
                -0.676756               -0.0728742                 -0.280864                -0.0789346                 -0.272416                 -0.109704                 -0.252351 
                -0.648511               -0.0754572                 -0.276993                -0.0811413                 -0.268296                 -0.112268                 -0.248713 
                -0.620375               -0.0788294                 -0.273661                 -0.084164                 -0.264664                 -0.115648                 -0.245481 
                -0.592344               -0.0829199                 -0.270954                -0.0879332                 -0.261608                 -0.119792                 -0.242745 
                -0.564412               -0.0876529                 -0.268944                -0.0923754                 -0.259202                 -0.124644                 -0.240588 
                -0.536574               -0.0929541                 -0.267683                -0.0974164                 -0.257506                 -0.130142                 -0.239078 
                -0.508825               -0.0987597                 -0.267213                 -0.102989                 -0.256564                 -0.136229                 -0.238267 
                 -0.48116                -0.105021                 -0.267571                  -0.10904                 -0.256411                 -0.142859                 -0.238198 
                -0.453576                -0.111701                   -0.2688                  -0.11553                 -0.257084                     -0.15                 -0.238911 
                -0.426066                -0.118777                 -0.270954                 -0.122433                  -0.25863                 -0.157637                 -0.240454 
                -0.398626                -0.126228                 -0.274103                 -0.129733                 -0.261109                 -0.165766                 -0.242889 
                -0.371251                -0.134039                 -0.278334                 -0.137417                 -0.264601                 -0.174392                 -0.246297 
                -0.343937                -0.142197                 -0.283763                 -0.145477                 -0.269208                 -0.183526                 -0.250781 
                 -0.31668                -0.150684                 -0.290539                 -0.153901                 -0.275064                 -0.193184                  -0.25648 
                -0.289473                -0.159469                 -0.298858                 -0.162671                 -0.282345                  -0.20338                 -0.263576 
                -0.262314                -0.168496                 -0.308973                 -0.171745                 -0.291277                 -0.214116                 -0.272306 
                -0.235198                -0.177652                  -0.32121                 -0.181044                 -0.302155                 -0.225368                 -0.282986 
                 -0.20812                -0.186734                 -0.335979                 -0.190413                 -0.315351                  -0.23705                 -0.296022 
                -0.181075                -0.195384                 -0.353767                 -0.199574                 -0.331317                 -0.248974                 -0.311928 
                 -0.15406                -0.203019                 -0.375107                 -0.208057                 -0.350567                 -0.260772                 -0.331326 
                 -0.12707                -0.208745                 -0.400516                 -0.215126                 -0.373631                 -0.271815                 -0.354917 
                     -0.1                -0.211142                 -0.430474                 -0.219561                 -0.401059                 -0.280939                 -0.383522 
               -0.0866667                -0.210838                 -0.446896                 -0.220582                 -0.416221                 -0.284594                 -0.399616 
               -0.0733333                -0.208953                 -0.464358                 -0.220274                 -0.432458                 -0.287071                 -0.417091 
                    -0.06                -0.205364                 -0.482753                 -0.218531                 -0.449707                 -0.288263                  -0.43595 
               -0.0466667                -0.199804                 -0.501913                   -0.2151                 -0.467857                 -0.287874                 -0.456148 
               -0.0333333                -0.192016                   -0.5216                 -0.209725                 -0.486735                 -0.285588                 -0.477578 
                    -0.02                -0.181782                   -0.5415                 -0.202174                 -0.506098                 -0.281089                  -0.50006 
              -0.00666667                -0.169095                 -0.561224                 -0.192398                 -0.525633                  -0.27425                 -0.523327 
               0.00666667                -0.153236                 -0.581019                 -0.179656                 -0.545625                 -0.264099                 -0.547813 
                     0.02                -0.134273                 -0.598807                 -0.163922                 -0.564155                 -0.250445                 -0.571349 
                0.0333333                -0.112966                 -0.614916                 -0.145812                 -0.581529                 -0.233835                 -0.594293 
                0.0466667               -0.0893302                 -0.628841                 -0.125241                 -0.597255                 -0.214001                 -0.616044 
                     0.06                -0.063711                 -0.640131                 -0.102436                  -0.61086                 -0.191038                 -0.635976 
                0.0733333               -0.0365751                 -0.648429                -0.0777483                 -0.621929                 -0.165209                 -0.653476 
                0.0866667              -0.00846982                 -0.653498                -0.0516304                  -0.63014                 -0.136935                 -0.667997 
                      0.1                0.0204021                  -0.65524                -0.0242146                 -0.635283                 -0.106286                   -0.6791 
                  0.12707                0.0765573                 -0.648855                 0.0307521                 -0.636091                 -0.042471                 -0.690092 
                  0.15406                 0.128168                 -0.630956                 0.0832731                 -0.624953                 0.0210333                 -0.685635 
                 0.181075                 0.172419                 -0.604522                   0.13006                  -0.60419                 0.0792732                 -0.667849 
                  0.20812                 0.208291                 -0.572753                  0.169441                 -0.576701                  0.129204                 -0.640207 
                 0.235198                 0.235961                 -0.538405                  0.201001                 -0.545252                  0.169632                 -0.606442 
                 0.262314                 0.256294                 -0.503516                  0.225175                 -0.512075                  0.200778                 -0.569753 
                 0.289473                 0.270421                 -0.469431                  0.242836                 -0.478775                  0.223671                 -0.532489 
                  0.31668                 0.279478                  -0.43695                  0.254991                 -0.446406                  0.239639                  -0.49618 
                 0.343937                 0.284477                 -0.406491                  0.262617                 -0.415604                  0.250005                 -0.461716 
                 0.371251                 0.286271                 -0.378223                  0.266582                 -0.386708                  0.255937                 -0.429536 
                 0.398626                 0.285552                  -0.35217                  0.267623                 -0.359868                  0.258407                 -0.399804 
                 0.426066                 0.282881                 -0.328269                  0.266356                 -0.335108                  0.258195                 -0.372514 
                 0.453576                   0.2787                 -0.306406                  0.263284                 -0.312376                  0.255921                  -0.34757 
                  0.48116                 0.273364                 -0.286447                  0.258812                 -0.291574                  0.252069                 -0.324824 
                 0.508825                 0.267147                 -0.268245                  0.253267                 -0.272577                  0.247016                 -0.304109 
                 0.536574                 0.260269                 -0.251662                  0.246904                 -0.255252                  0.241055                 -0.285257 
                 0.564412                 0.252902                 -0.236566                  0.239928                 -0.239471                  0.234413                 -0.268109 
                 0.592344                 0.245186                 -0.222833                  0.232502                 -0.225109                   0.22727                 -0.252513 
                 0.620375                 0.237234                 -0.210351                  0.224756                 -0.212049                  0.219769                 -0.238334 
                 0.648511                 0.229137                  -0.19901                  0.216796                  -0.20018                  0.212021                 -0.225443 
                 0.676756                 0.220965                 -0.188713                  0.208705                   -0.1894                  0.204116                 -0.213727 
                 0.705116                 0.212772                 -0.179372                  0.200544                 -0.179616                  0.196122                 -0.203081 
                 0.733595                 0.204601                 -0.170912                  0.192362                  -0.17075                   0.18809                 -0.193413 
                   0.7622                  0.19649                  -0.16327                    0.1842                 -0.162734                   0.18006                 -0.184648 
                 0.790936                 0.188478                 -0.156392                  0.176097                 -0.155513                   0.17207                 -0.176723 
                 0.819808                 0.180606                 -0.150225                  0.168097                 -0.149036                  0.164159                 -0.169585 
                 0.848822                 0.172918                  -0.14471                  0.160244                 -0.143247                  0.156371                 -0.163181 
                 0.877984                 0.165452                 -0.139783                  0.152582                 -0.138086                   0.14875                 -0.157453 
                 0.907299                 0.158238                  -0.13537                  0.145149                 -0.133482                  0.141339                 -0.152333 
                 0.936774                 0.151297                 -0.131395                   0.13797                 -0.129357                  0.134169                 -0.147746 
                 0.966415                 0.144632                 -0.127775                  0.131055                  -0.12563                  0.127256                 -0.143609 
                 0.996228                 0.138232                  -0.12443                  0.124398                 -0.122217                    0.1206                 -0.139838 
                  1.02622                 0.132061                 -0.121282                  0.117972                  -0.11904                  0.114179                 -0.136353 
                  1.05639                 0.126068                 -0.118269                  0.111731                 -0.116032                  0.107953                 -0.133089 
                  1.08676                  0.12018                 -0.115348                  0.105607                 -0.113144                  0.101863                 -0.129993 
                  1.11733                 0.114317                 -0.112507                 0.0995261                 -0.110354                 0.0958434                  -0.12704 
                   1.1481                 0.108407                 -0.109767                 0.0934132                 -0.107671                 0.0898287                 -0.124233 
                  1.17908                 0.102394                 -0.107181                 0.0872037                 -0.105135                 0.0837598                 -0.121602 
                  1.21028                0.0962527                 -0.104816                 0.0808597                 -0.102811                 0.0776016                 -0.119201 
                  1.24171                0.0899965                 -0.102741                 0.0743785                 -0.100772                 0.0713517                 -0.117095 
                  1.27337                0.0836688                 -0.101009                 0.0677941                -0.0990811                 0.0650437                 -0.115341 
                  1.30528                 0.077327                -0.0996441                 0.0611613                -0.0977793                 0.0587317                 -0.113972 
                  1.33744                0.0710357                -0.0986409                 0.0545502                -0.0968755                  0.052484                 -0.112992 
                  1.36985                0.0648473                -0.0979652                 0.0480255                -0.0963457                 0.0463638                 -0.112372 
                  1.40253                0.0587847                -0.0975637                 0.0416257                -0.0961387                 0.0404117                 -0.112061 
                  1.43549                0.0528412                -0.0973835                 0.0353578                -0.0961941                   0.03464                 -0.111992 
                  1.46873                0.0469888                -0.0973914                 0.0291989                -0.0964653                 0.0290306                 -0.112107 
                  1.50226                0.0411935                 -0.097581                 0.0231108                -0.0969342                 0.0235433                 -0.112372 
                   1.5361                0.0354318                -0.0979627                 0.0170604                -0.0976075                 0.0181368                  -0.11278 
                  1.57025                 0.029697                -0.0985461                 0.0110339                -0.0984988                 0.0127873                  -0.11334 
                  1.60472                0.0239808                -0.0993317                0.00502159                 -0.099615                0.00747933                 -0.114055 
                  1.63953                0.0182608                  -0.10032              -0.000996303                 -0.100959                0.00219113                 -0.114923 
                  1.67467                 0.012509                  -0.10153               -0.00704733                 -0.102548               -0.00310715                 -0.115952 
                  1.71018               0.00669879                 -0.103011                -0.0131652                 -0.104428               -0.00845371                 -0.117173 
                  1.74604              0.000841599                 -0.104823                -0.0193476                 -0.106668                -0.0138567                 -0.118642 
                  1.78229              -0.00503053                 -0.107023                -0.0255667                  -0.10934                -0.0193022                 -0.120414 
                  1.81892               -0.0108608                  -0.10964                -0.0317607                  -0.11249                -0.0247482                 -0.122523 
                  1.85595               -0.0165957                 -0.112687                -0.0378652                 -0.116143                -0.0301568                  -0.12498 
                   1.8934               -0.0221887                 -0.116159                -0.0438203                 -0.120304                -0.0355011                 -0.127784 
                  1.93127               -0.0275996                 -0.120044                -0.0495704                 -0.124967                -0.0407626                 -0.130935 
                  1.96959               -0.0328007                 -0.124331                  -0.05507                 -0.130128                -0.0459324                 -0.134439 
                  2.00836               -0.0377673                 -0.129007                -0.0602728                 -0.135771                -0.0509976                 -0.138306 
                  2.04759               -0.0424837                 -0.134061                -0.0651403                 -0.141882                 -0.055946                  -0.14255 
                  2.08732               -0.0469456                 -0.139498                -0.0696479                 -0.148449                -0.0607701                 -0.147197 
                  2.12754               -0.0511405                 -0.145341                -0.0737712                 -0.155472                -0.0654554                 -0.152276 
                  2.16827               -0.0550318                  -0.15164                -0.0774727                 -0.162982                 -0.069975                 -0.157847 
                  2.20954               -0.0585326                 -0.158449                -0.0806681                 -0.171025                -0.0742627                 -0.163984 
                  2.25136               -0.0615038                 -0.165777                -0.0832153                 -0.179608                -0.0781939                 -0.170743 
                  2.29374               -0.0637924                 -0.173554                -0.0849473                 -0.188656                -0.0816028                 -0.178118 
                  2.33671               -0.0652873                 -0.181638                -0.0857336                 -0.198011                -0.0843297                 -0.186021 
                  2.38029                 -0.06596                 -0.189846                -0.0855332                  -0.20746                -0.0862737                 -0.194294 
                  2.42449               -0.0658684                 -0.198022                -0.0844069                 -0.216811                -0.0874233                 -0.202763 
                  2.46934               -0.0651156                  -0.20609                -0.0824733                 -0.225961                -0.0878417                 -0.211304 
                  2.51485               -0.0637884                 -0.214047                -0.0798374                 -0.234892                -0.0876108                 -0.219873 
                  2.56106               -0.0619149                 -0.221936                -0.0765357                 -0.243638                -0.0867727                 -0.228495 
                  2.60798               -0.0594673                 -0.229776                -0.0725452                   -0.2522                -0.0853068                 -0.237193 
                  2.65563               -0.0563912                 -0.237548                -0.0678283                 -0.260526                -0.0831548                 -0.245957 
                  2.70405               -0.0526323                 -0.245196                -0.0623697                 -0.268535                -0.0802504                 -0.254745 
                  2.75326               -0.0481607                 -0.252629                -0.0561848                 -0.276142                -0.0765366                 -0.263478 
                  2.80329               -0.0429832                 -0.259745                -0.0493105                 -0.283266                -0.0719812                 -0.272051 
                  2.85416               -0.0371274                 -0.266467                -0.0417892                 -0.289856                -0.0665842                 -0.280363 
                  2.90592                -0.030595                 -0.272733                -0.0336173                 -0.295875                -0.0603312                 -0.288342 
                  2.95857                -0.023393                 -0.278408                -0.0247766                 -0.301202                -0.0531855                 -0.295861 
                  3.01217               -0.0156042                 -0.283317                -0.0153232                 -0.305628                -0.0451502                 -0.302708 
                  3.06675               -0.0074397                  -0.28732                -0.0054838                 -0.308956                -0.0363866                 -0.308627 
                  3.12233              0.000846473                 -0.290448                 0.0044222                 -0.311182                 -0.027196                 -0.313509 
                  3.17897               0.00911033                 -0.292859                 0.0141865                 -0.312492                -0.0178288                 -0.317462 
                  3.23669                0.0173264                 -0.294682                  0.023758                 -0.313062               -0.00838973                 -0.320635 
                  3.29554                0.0255052                  -0.29597                 0.0331426                 -0.312966                0.00109783                 -0.323106 
                  3.35556                0.0336301                 -0.296751                 0.0423122                 -0.312246                  0.010591                 -0.324909 
                   3.4168                0.0416931                 -0.297089                 0.0512441                 -0.310987                 0.0200525                 -0.326127 
                  3.47931                 0.049735                 -0.297036                 0.0599754                 -0.309266                 0.0295171                 -0.326849 
                  3.54313                0.0578149                 -0.296578                 0.0685638                  -0.30708                  0.039063                 -0.327077 
                  3.60832                0.0659642                 -0.295651                 0.0770247                 -0.304373                 0.0487377                 -0.326735 
                  3.67493                 0.074165                 -0.294174                 0.0853181                 -0.301087                 0.0585273                 -0.325722 
                  3.74303                0.0823495                 -0.292065                 0.0933591                 -0.297175                 0.0683524                 -0.323926 
                  3.81266                0.0904019                 -0.289276                  0.101029                 -0.292641                 0.0780726                 -0.321285 
                   3.8839                0.0981754                 -0.285803                  0.108196                 -0.287522                 0.0875014                 -0.317773 
                  3.95682                 0.105526                 -0.281728                  0.114741                 -0.281944                 0.0964523                 -0.313492 
                  4.03149                 0.112341                 -0.277175                  0.120595                 -0.276058                  0.104784                 -0.308583 
                  4.10798                 0.118601                 -0.272352                  0.125772                 -0.270075                  0.112443                 -0.303285 
                  4.18637                 0.124394                 -0.267394                  0.130389                 -0.264134                  0.119512                 -0.297786 
                  4.26676                 0.129815                 -0.262342                  0.134565                 -0.258276                  0.126108                 -0.292166 
                  4.34922                 0.134922                 -0.257218                  0.138375                 -0.252515                  0.132312                 -0.286448 
                  4.43386                 0.139788                 -0.252058                  0.141895                 -0.246892                    0.1382                 -0.280678 
                  4.52077                 0.144518                 -0.246855                  0.145247                 -0.241423                  0.143892                 -0.274869 
                  4.61007                 0.149202                 -0.241521                  0.148554                  -0.23604                  0.149505                 -0.268942 
                  4.70186                 0.153868                 -0.235926                  0.151895                 -0.230621                   0.15509                 -0.262754 
                  4.79628                 0.158471                 -0.229933                  0.155282                  -0.22501                  0.160624                 -0.256152 
                  4.89344                 0.162905                 -0.223418                  0.158655                 -0.219046                   0.16601                 -0.248985 
                  4.99349                 0.166963                 -0.216275                  0.161843                 -0.212568                  0.171044                 -0.241109 
                  5.09658                 0.170356                 -0.208536                  0.164564                 -0.205531                  0.175402                 -0.232505 
                  5.20286                  0.17284                 -0.200418                   0.16655                 -0.198089                  0.178785                 -0.223385 
                  5.31251                  0.17429                 -0.192205                  0.167611                 -0.190456                  0.181014                 -0.214034 
                  5.42569                 0.174576                 -0.184176                  0.167531                 -0.182923                  0.181894                 -0.204762 
                  5.54261                   0.1739                 -0.177004                   0.16645                  -0.17619                   0.18158                  -0.19632 
                  5.66348                 0.172618                 -0.170753                  0.164682                 -0.170392                  0.180442                 -0.188877 
                  5.78851                 0.171201                  -0.16587                  0.162679                 -0.166037                   0.17897                 -0.182921 
                  5.91795                 0.170433                 -0.162181                  0.161248                 -0.163069                  0.178055                  -0.17843 
                  6.05206                 0.170737                 -0.159064                  0.160879                 -0.160943                  0.178247                 -0.174687 
                  6.19111                 0.172382                 -0.156123                   0.16205                 -0.159409                  0.179878                 -0.171301 
                  6.33542                 0.175621                 -0.152474                  0.165276                 -0.157399                  0.183318                   -0.1673 
                   6.4853                 0.179436                 -0.146621                  0.169554                 -0.153126                  0.187525                 -0.160962 
                  6.64111                 0.182577                 -0.139335                  0.173616                 -0.147291                  0.191081                    -0.153 
                  6.80324                 0.184785                 -0.131062                  0.177088                 -0.140015                  0.193639                 -0.143951 
                  6.97211                 0.185813                 -0.122093                  0.179385                  -0.13156                  0.194955                 -0.134138 
                  7.14818                 0.185538                  -0.11299                  0.180241                  -0.12275                   0.19488                 -0.124119 
                  7.33195                 0.184296                 -0.104261                  0.180029                 -0.114173                  0.193731                 -0.114448 
                  7.52396                 0.182207                -0.0956766                  0.178916                 -0.105671                  0.191602                 -0.104902 
                  7.72481                 0.179471                -0.0878143                  0.177119                -0.0977807                    0.1887                -0.0961633 
                  7.93517                 0.176428                -0.0802885                  0.174986                -0.0901614                  0.185464                -0.0878737 
                  8.15576                 0.172921                 -0.073038                  0.172358                -0.0827008                  0.181743                -0.0798597 
                  8.38739                 0.169034                -0.0663491                  0.169261                -0.0757018                  0.177604                -0.0724794 
                  8.63095                 0.164571                -0.0599941                  0.165421                -0.0690063                   0.17284                -0.0654374 
                  8.88742                 0.160191                -0.0553588                  0.161654                -0.0642915                  0.168105                 -0.060241 
                   9.1579                 0.157696                -0.0515024                  0.160207                -0.0605184                  0.165335                -0.0559624 
                  9.44363                 0.157038                -0.0456591                  0.161191                -0.0542455                  0.164594                -0.0496907 
                  9.74598                  0.15508                 -0.035975                  0.160617                -0.0428452                   0.16257                -0.0392782 
                  10.0665                 0.148567                -0.0253505                  0.154293                -0.0301224                  0.155711                -0.0277927 
                  10.4069                 0.139429                -0.0188703                  0.144576                -0.0223301                  0.145971                -0.0206437 
                  10.7692                 0.131054                -0.0147338                  0.135652                -0.0174247                  0.136992                -0.0161073 
                  11.1556                 0.123212                -0.0111324                  0.127298                -0.0131325                  0.128593                -0.0121377 
                  11.5688                 0.115707               -0.00883648                  0.119282                -0.0104474                  0.120544               -0.00960511 
                  12.0115                 0.108896               -0.00696976                  0.112079               -0.00827819                  0.113253               -0.00755664 
                  12.4873                 0.102481               -0.00544945                  0.105323               -0.00650477                  0.106398                -0.0058918 
                       13                0.0964243               -0.00426195                 0.0989597               -0.00511692                 0.0999396               -0.00459849 
                     13.5                 0.091235               -0.00338801                 0.0935234               -0.00409534                 0.0944199               -0.00364911 
                       14                0.0866248               -0.00270964                 0.0887074               -0.00330122                 0.0895267               -0.00291418 
                     14.5                 0.082493               -0.00216997                  0.084402                -0.0026661                 0.0851502               -0.00233088 
                       15                0.0787617               -0.00173524                 0.0805211               -0.00215044                 0.0812053                -0.0018623 
                     15.5                0.0753702               -0.00137991                 0.0769982                -0.0017248                 0.0776262               -0.00148028 
                       16                0.0722686               -0.00108818                 0.0737787               -0.00137126                 0.0743586               -0.00116705 
                     16.5                0.0694184              -0.000849602                 0.0708209               -0.00107912                 0.0713606              -0.000911165 
                       17                0.0667883              -0.000655451                 0.0680919               -0.00083906                  0.068598              -0.000703016 
                     17.5                0.0643536              -0.000501194                  0.065566              -0.000646136                 0.0660441              -0.000537533 
                       18                0.0620959              -0.000381355                 0.0632244              -0.000494457                 0.0636788              -0.000408882 
                     18.5                0.0599993              -0.000288505                 0.0610509              -0.000375546                 0.0614847              -0.000309118 
                       19                0.0580479              -0.000216421                 0.0590292              -0.000282307                 0.0594449              -0.000231689 
                     19.5                0.0562287              -0.000161529                 0.0571459              -0.000210863                 0.0575452              -0.000172813 
                       20                0.0545336              -0.000120467                 0.0553944              -0.000157238                 0.0557773              -0.000128808 
                     20.5                 0.052795              -8.94352e-05                 0.0535588              -0.000116682                 0.0539618              -9.56318e-05 
